2023-11-28 07:42:20,591 - PremierLeagueLogger - INFO - Grabbing Passwords
2023-11-28 07:42:26,596 - PremierLeagueLogger - INFO - Loading data from premier-league-app/app_data/training_data_full.csv
2023-11-28 07:42:29,352 - PremierLeagueLogger - INFO - Successfully loaded data from premier-league-app/app_data/training_data_full.csv
2023-11-28 07:42:30,534 - PremierLeagueLogger - INFO - Total Expectations: 18
2023-11-28 07:42:31,734 - PremierLeagueLogger - INFO - Counts:
2023-11-28 07:42:32,826 - PremierLeagueLogger - INFO - expect_column_values_to_be_of_type: 7
2023-11-28 07:42:33,956 - PremierLeagueLogger - INFO - expect_column_values_to_be_of_type: 7
2023-11-28 07:42:35,051 - PremierLeagueLogger - INFO - expect_column_values_to_be_null: 7
2023-11-28 07:42:36,215 - PremierLeagueLogger - INFO - expect_column_values_to_be_null: 7
2023-11-28 07:42:37,301 - PremierLeagueLogger - INFO - expect_column_values_to_be_in_set: 1
2023-11-28 07:42:38,410 - PremierLeagueLogger - INFO - expect_column_values_to_be_in_set: 1
2023-11-28 07:42:39,494 - PremierLeagueLogger - INFO - expect_column_values_to_be_between: 2
2023-11-28 07:42:40,599 - PremierLeagueLogger - INFO - expect_column_values_to_be_between: 2
2023-11-28 07:42:41,696 - PremierLeagueLogger - INFO - expect_table_columns_to_match_set: 1
2023-11-28 07:42:42,785 - PremierLeagueLogger - INFO - expect_table_columns_to_match_set: 1
2023-11-28 07:42:43,926 - PremierLeagueLogger - INFO - Saving expectations to premier-league-app/app_data/expectations/exp_prem_results_20231128.json
2023-11-28 07:42:45,984 - PremierLeagueLogger - INFO - Saved expectations to premier-league-app/app_data/expectations/exp_prem_results_20231128.json
2023-11-28 07:42:47,978 - PremierLeagueLogger - INFO - Looking for latest expectations file
2023-11-28 07:42:49,179 - PremierLeagueLogger - INFO - Loading expectations from premier-league-app/app_data/expectations/exp_prem_results_20231128.json
2023-11-28 07:42:51,042 - PremierLeagueLogger - INFO - Loaded expectations from premier-league-app/app_data/expectations/exp_prem_results_20231128.json
2023-11-28 07:42:52,227 - PremierLeagueLogger - INFO - Loading data from premier-league-app/app_data/training_data_full.csv
2023-11-28 07:42:54,750 - PremierLeagueLogger - INFO - Successfully loaded data from premier-league-app/app_data/training_data_full.csv
2023-11-28 07:42:55,853 - PremierLeagueLogger - INFO - Trying to read data from https://www.football-data.co.uk/mmz4281/2324/E0.csv
2023-11-28 07:42:58,119 - PremierLeagueLogger - INFO - Savng data to premier-league-app/app_data/training_data_full.csv
2023-11-28 07:43:01,182 - PremierLeagueLogger - INFO - Data saved at app_data/training_data_full.csv
2023-11-28 07:43:02,353 - PremierLeagueLogger - INFO - {'evaluated_expectations': 18, 'successful_expectations': 18, 'unsuccessful_expectations': 0, 'success_percent': 100.0}
2023-11-28 07:43:03,477 - PremierLeagueLogger - INFO - Saving expectations to premier-league-app/app_data/expectations/valid_results_20231128.json
2023-11-28 07:43:05,549 - PremierLeagueLogger - INFO - Saved expectations to premier-league-app/app_data/expectations/valid_results_20231128.json
2023-11-28 07:43:06,749 - PremierLeagueLogger - INFO - Loading data from premier-league-app/app_data/historical_pl_data.csv
2023-11-28 07:43:09,377 - PremierLeagueLogger - INFO - Successfully loaded data from premier-league-app/app_data/historical_pl_data.csv
2023-11-28 07:43:11,069 - PremierLeagueLogger - INFO - Saving drift report to premier-league-app/app_data/data_drift_reports/drift_report_20231128.html
2023-11-28 07:43:15,352 - PremierLeagueLogger - INFO - Saved drift report to premier-league-app/app_data/data_drift_reports/drift_report_20231128.html
2023-11-28 07:43:16,740 - PremierLeagueLogger - INFO - Loading data from premier-league-app/app_data/training_data_full.csv
2023-11-28 07:43:19,279 - PremierLeagueLogger - INFO - Successfully loaded data from premier-league-app/app_data/training_data_full.csv
2023-11-28 07:43:20,409 - PremierLeagueLogger - INFO - Fitting Transformer
2023-11-28 07:43:21,514 - PremierLeagueLogger - INFO - Fitting Transformer
2023-11-28 07:43:44,971 - PremierLeagueLogger - INFO - Saving transformer to premier-league-app/app_data/transformers/transformer_v2_20231128.pkl
2023-11-28 07:43:47,125 - PremierLeagueLogger - INFO - Transformer saved to premier-league-app/app_data/transformers/transformer_v2_20231128.pkl
2023-11-28 07:43:48,247 - PremierLeagueLogger - INFO - Transforming Data
2023-11-28 07:43:49,351 - PremierLeagueLogger - INFO - Transforming Data
2023-11-28 07:44:12,443 - PremierLeagueLogger - INFO - Splitting Data
2023-11-28 07:44:13,752 - PremierLeagueLogger - INFO - Optimising Hyperparameters
2023-11-28 07:44:14,786 - PremierLeagueLogger - INFO - Entering fmin
2023-11-28 07:44:15,895 - PremierLeagueLogger - INFO - CatBoost initialized
2023-11-28 07:44:17,128 - PremierLeagueLogger - INFO - Fitting model
2023-11-28 07:44:19,737 - PremierLeagueLogger - INFO - Loss: -0.5307424593967517
2023-11-28 07:44:20,824 - PremierLeagueLogger - INFO - CatBoost initialized
2023-11-28 07:44:21,868 - PremierLeagueLogger - INFO - Fitting model
2023-11-28 07:44:24,484 - PremierLeagueLogger - INFO - Loss: -0.5226218097447796
2023-11-28 07:44:25,534 - PremierLeagueLogger - INFO - CatBoost initialized
2023-11-28 07:44:26,598 - PremierLeagueLogger - INFO - Fitting model
2023-11-28 07:44:28,477 - PremierLeagueLogger - INFO - Loss: -0.5342227378190255
2023-11-28 07:44:29,707 - PremierLeagueLogger - INFO - CatBoost initialized
2023-11-28 07:44:30,775 - PremierLeagueLogger - INFO - Fitting model
2023-11-28 07:44:32,978 - PremierLeagueLogger - INFO - Loss: -0.5301624129930395
2023-11-28 07:44:34,061 - PremierLeagueLogger - INFO - CatBoost initialized
2023-11-28 07:44:35,115 - PremierLeagueLogger - INFO - Fitting model
2023-11-28 07:44:37,230 - PremierLeagueLogger - INFO - Loss: -0.5301624129930395
2023-11-28 07:44:38,413 - PremierLeagueLogger - INFO - CatBoost initialized
2023-11-28 07:44:39,396 - PremierLeagueLogger - INFO - Fitting model
2023-11-28 07:44:40,962 - PremierLeagueLogger - INFO - Loss: -0.5284222737819025
2023-11-28 07:44:41,948 - PremierLeagueLogger - INFO - CatBoost initialized
2023-11-28 07:44:42,926 - PremierLeagueLogger - INFO - Fitting model
2023-11-28 07:44:45,026 - PremierLeagueLogger - INFO - Loss: -0.5301624129930395
2023-11-28 07:44:46,011 - PremierLeagueLogger - INFO - CatBoost initialized
2023-11-28 07:44:47,009 - PremierLeagueLogger - INFO - Fitting model
2023-11-28 07:44:48,726 - PremierLeagueLogger - INFO - Loss: -0.5220417633410673
2023-11-28 07:44:49,729 - PremierLeagueLogger - INFO - CatBoost initialized
2023-11-28 07:44:50,720 - PremierLeagueLogger - INFO - Fitting model
2023-11-28 07:44:56,076 - PremierLeagueLogger - INFO - Loss: -0.5353828306264501
2023-11-28 07:44:57,062 - PremierLeagueLogger - INFO - CatBoost initialized
2023-11-28 07:44:58,071 - PremierLeagueLogger - INFO - Fitting model
2023-11-28 07:45:00,250 - PremierLeagueLogger - INFO - Loss: -0.5284222737819025
2023-11-28 07:45:01,315 - PremierLeagueLogger - INFO - CatBoost initialized
2023-11-28 07:45:02,381 - PremierLeagueLogger - INFO - Fitting model
2023-11-28 07:45:05,120 - PremierLeagueLogger - INFO - Loss: -0.5220417633410673
2023-11-28 07:45:06,195 - PremierLeagueLogger - INFO - CatBoost initialized
2023-11-28 07:45:07,263 - PremierLeagueLogger - INFO - Fitting model
2023-11-28 07:45:09,414 - PremierLeagueLogger - INFO - Loss: -0.527262180974478
2023-11-28 07:45:10,483 - PremierLeagueLogger - INFO - CatBoost initialized
2023-11-28 07:45:11,556 - PremierLeagueLogger - INFO - Fitting model
2023-11-28 07:45:17,411 - PremierLeagueLogger - INFO - Loss: -0.5307424593967517
2023-11-28 07:45:18,690 - PremierLeagueLogger - INFO - CatBoost initialized
2023-11-28 07:45:19,748 - PremierLeagueLogger - INFO - Fitting model
2023-11-28 07:45:21,760 - PremierLeagueLogger - INFO - Loss: -0.5237819025522041
2023-11-28 07:45:22,836 - PremierLeagueLogger - INFO - CatBoost initialized
2023-11-28 07:45:23,905 - PremierLeagueLogger - INFO - Fitting model
2023-11-28 07:45:25,229 - PremierLeagueLogger - INFO - Loss: -0.5203016241299304
2023-11-28 07:45:26,286 - PremierLeagueLogger - INFO - CatBoost initialized
2023-11-28 07:45:27,404 - PremierLeagueLogger - INFO - Fitting model
2023-11-28 07:45:29,339 - PremierLeagueLogger - INFO - Loss: -0.5330626450116009
2023-11-28 07:45:30,426 - PremierLeagueLogger - INFO - CatBoost initialized
2023-11-28 07:45:31,501 - PremierLeagueLogger - INFO - Fitting model
2023-11-28 07:45:34,127 - PremierLeagueLogger - INFO - Loss: -0.5226218097447796
2023-11-28 07:45:35,392 - PremierLeagueLogger - INFO - CatBoost initialized
2023-11-28 07:45:36,487 - PremierLeagueLogger - INFO - Fitting model
2023-11-28 07:45:40,351 - PremierLeagueLogger - INFO - Loss: -0.5278422273781903
2023-11-28 07:45:41,437 - PremierLeagueLogger - INFO - CatBoost initialized
2023-11-28 07:45:42,511 - PremierLeagueLogger - INFO - Fitting model
2023-11-28 07:45:45,969 - PremierLeagueLogger - INFO - Loss: -0.525522041763341
2023-11-28 07:45:47,060 - PremierLeagueLogger - INFO - CatBoost initialized
2023-11-28 07:45:48,141 - PremierLeagueLogger - INFO - Fitting model
2023-11-28 07:45:50,002 - PremierLeagueLogger - INFO - Loss: -0.5243619489559165
2023-11-28 07:45:51,305 - PremierLeagueLogger - INFO - Grabbing instance status of premier-league-logging
2023-11-28 07:45:54,438 - PremierLeagueLogger - INFO - Starting RDS instance 'premier-league-logging'
2023-11-28 07:45:56,374 - PremierLeagueLogger - INFO - RDS instance status:'premier-league-logging': starting
2023-11-28 07:47:58,677 - PremierLeagueLogger - INFO - RDS instance status:'premier-league-logging': starting
2023-11-28 07:50:01,112 - PremierLeagueLogger - INFO - RDS instance status:'premier-league-logging': starting
2023-11-28 07:52:03,882 - PremierLeagueLogger - INFO - RDS instance status:'premier-league-logging': backing-up
2023-11-28 07:54:06,242 - PremierLeagueLogger - INFO - RDS instance status:'premier-league-logging': available
2023-11-28 07:54:07,628 - PremierLeagueLogger - INFO - RDS instance 'premier-league-logging' is 'available'.
2023-11-28 07:54:15,517 - PremierLeagueLogger - INFO - Training Model
2023-11-28 07:54:24,413 - PremierLeagueLogger - INFO - Logging parameters to MLFlow
2023-11-28 07:54:37,320 - PremierLeagueLogger - INFO - Saving transformer to premier-league-app/app_data/models/classifier_v2_20231128.pkl
2023-11-28 07:54:40,294 - PremierLeagueLogger - INFO - Transformer saved to premier-league-app/app_data/models/classifier_v2_20231128.pkl
2023-11-28 07:54:41,556 - PremierLeagueLogger - INFO - Making Predictions
2023-11-28 07:54:42,650 - PremierLeagueLogger - INFO - Evaluating result model
2023-11-28 07:54:47,861 - PremierLeagueLogger - INFO - logging evaluation metrics to mlflow
2023-11-28 07:54:53,416 - PremierLeagueLogger - INFO - Making Predictions
2023-11-28 07:54:54,560 - PremierLeagueLogger - INFO - Savng data to premier-league-app/app_data/transformed_data_cc.csv
2023-11-28 07:54:57,709 - PremierLeagueLogger - INFO - Splitting Data
2023-11-28 07:54:58,775 - PremierLeagueLogger - INFO - Optimising Hyperparameters
2023-11-28 07:54:59,808 - PremierLeagueLogger - INFO - Entering fmin
2023-11-28 07:55:00,874 - PremierLeagueLogger - INFO - CatBoost initialized
2023-11-28 07:55:02,010 - PremierLeagueLogger - INFO - Fitting model
2023-11-28 07:55:06,359 - PremierLeagueLogger - INFO - Loss: 1.5829480751063139
2023-11-28 07:55:07,421 - PremierLeagueLogger - INFO - CatBoost initialized
2023-11-28 07:55:08,437 - PremierLeagueLogger - INFO - Fitting model
2023-11-28 07:55:12,206 - PremierLeagueLogger - INFO - Loss: 1.58066915171389
2023-11-28 07:55:13,430 - PremierLeagueLogger - INFO - CatBoost initialized
2023-11-28 07:55:14,559 - PremierLeagueLogger - INFO - Fitting model
2023-11-28 07:55:16,059 - PremierLeagueLogger - INFO - Loss: 1.5910243380622269
2023-11-28 07:55:17,077 - PremierLeagueLogger - INFO - CatBoost initialized
2023-11-28 07:55:18,089 - PremierLeagueLogger - INFO - Fitting model
2023-11-28 07:55:19,252 - PremierLeagueLogger - INFO - Loss: 1.582991265214637
2023-11-28 07:55:20,269 - PremierLeagueLogger - INFO - CatBoost initialized
2023-11-28 07:55:21,297 - PremierLeagueLogger - INFO - Fitting model
2023-11-28 07:55:23,040 - PremierLeagueLogger - INFO - Loss: 1.5849112093331255
2023-11-28 07:55:24,022 - PremierLeagueLogger - INFO - CatBoost initialized
2023-11-28 07:55:25,315 - PremierLeagueLogger - INFO - Fitting model
2023-11-28 07:55:26,485 - PremierLeagueLogger - INFO - Loss: 1.5911837669164501
2023-11-28 07:55:27,502 - PremierLeagueLogger - INFO - CatBoost initialized
2023-11-28 07:55:28,687 - PremierLeagueLogger - INFO - Fitting model
2023-11-28 07:55:30,022 - PremierLeagueLogger - INFO - Loss: 1.5984835132353636
2023-11-28 07:55:31,047 - PremierLeagueLogger - INFO - CatBoost initialized
2023-11-28 07:55:32,110 - PremierLeagueLogger - INFO - Fitting model
2023-11-28 07:55:33,611 - PremierLeagueLogger - INFO - Loss: 1.5881204410969265
2023-11-28 07:55:34,714 - PremierLeagueLogger - INFO - CatBoost initialized
2023-11-28 07:55:35,802 - PremierLeagueLogger - INFO - Fitting model
2023-11-28 07:55:37,049 - PremierLeagueLogger - INFO - Loss: 1.5896286477452313
2023-11-28 07:55:38,130 - PremierLeagueLogger - INFO - CatBoost initialized
2023-11-28 07:55:39,212 - PremierLeagueLogger - INFO - Fitting model
2023-11-28 07:55:40,435 - PremierLeagueLogger - INFO - Loss: 1.5911837669164501
2023-11-28 07:55:41,516 - PremierLeagueLogger - INFO - CatBoost initialized
2023-11-28 07:55:42,571 - PremierLeagueLogger - INFO - Fitting model
2023-11-28 07:55:43,964 - PremierLeagueLogger - INFO - Loss: 1.5844988572509917
2023-11-28 07:55:45,059 - PremierLeagueLogger - INFO - CatBoost initialized
2023-11-28 07:55:46,146 - PremierLeagueLogger - INFO - Fitting model
2023-11-28 07:55:47,536 - PremierLeagueLogger - INFO - Loss: 1.5787822368118591
2023-11-28 07:55:48,637 - PremierLeagueLogger - INFO - CatBoost initialized
2023-11-28 07:55:49,735 - PremierLeagueLogger - INFO - Fitting model
2023-11-28 07:55:51,276 - PremierLeagueLogger - INFO - Loss: 1.5821156008614905
2023-11-28 07:55:52,376 - PremierLeagueLogger - INFO - CatBoost initialized
2023-11-28 07:55:53,454 - PremierLeagueLogger - INFO - Fitting model
2023-11-28 07:55:55,026 - PremierLeagueLogger - INFO - Loss: 1.6365623618447522
2023-11-28 07:55:56,121 - PremierLeagueLogger - INFO - CatBoost initialized
2023-11-28 07:55:57,199 - PremierLeagueLogger - INFO - Fitting model
2023-11-28 07:55:58,413 - PremierLeagueLogger - INFO - Loss: 1.589202369307106
2023-11-28 07:55:59,504 - PremierLeagueLogger - INFO - CatBoost initialized
2023-11-28 07:56:00,582 - PremierLeagueLogger - INFO - Fitting model
2023-11-28 07:56:01,853 - PremierLeagueLogger - INFO - Loss: 1.5898736862444438
2023-11-28 07:56:02,936 - PremierLeagueLogger - INFO - CatBoost initialized
2023-11-28 07:56:04,026 - PremierLeagueLogger - INFO - Fitting model
2023-11-28 07:56:05,315 - PremierLeagueLogger - INFO - Loss: 1.5840508492361047
2023-11-28 07:56:06,582 - PremierLeagueLogger - INFO - CatBoost initialized
2023-11-28 07:56:07,677 - PremierLeagueLogger - INFO - Fitting model
2023-11-28 07:56:09,469 - PremierLeagueLogger - INFO - Loss: 1.5887831100023988
2023-11-28 07:56:10,573 - PremierLeagueLogger - INFO - CatBoost initialized
2023-11-28 07:56:11,678 - PremierLeagueLogger - INFO - Fitting model
2023-11-28 07:56:16,107 - PremierLeagueLogger - INFO - Loss: 1.592747624971834
2023-11-28 07:56:17,208 - PremierLeagueLogger - INFO - CatBoost initialized
2023-11-28 07:56:18,282 - PremierLeagueLogger - INFO - Fitting model
2023-11-28 07:56:19,483 - PremierLeagueLogger - INFO - Loss: 1.5911837669164501
2023-11-28 07:56:20,591 - PremierLeagueLogger - INFO - Training Model
2023-11-28 07:56:24,296 - PremierLeagueLogger - INFO - Logging parameters to MLFlow
2023-11-28 07:56:35,392 - PremierLeagueLogger - INFO - Saving transformer to premier-league-app/app_data/models/home_regress_model_v2_20231128.pkl
2023-11-28 07:56:38,492 - PremierLeagueLogger - INFO - Transformer saved to premier-league-app/app_data/models/home_regress_model_v2_20231128.pkl
2023-11-28 07:56:39,773 - PremierLeagueLogger - INFO - Optimising Hyperparameters
2023-11-28 07:56:41,022 - PremierLeagueLogger - INFO - Entering fmin
2023-11-28 07:56:42,269 - PremierLeagueLogger - INFO - CatBoost initialized
2023-11-28 07:56:43,567 - PremierLeagueLogger - INFO - Fitting model
2023-11-28 07:56:44,960 - PremierLeagueLogger - INFO - Loss: 1.1612387910848223
2023-11-28 07:56:46,208 - PremierLeagueLogger - INFO - CatBoost initialized
2023-11-28 07:56:47,452 - PremierLeagueLogger - INFO - Fitting model
2023-11-28 07:56:49,152 - PremierLeagueLogger - INFO - Loss: 1.1538165740681672
2023-11-28 07:56:50,398 - PremierLeagueLogger - INFO - CatBoost initialized
2023-11-28 07:56:51,852 - PremierLeagueLogger - INFO - Fitting model
2023-11-28 07:56:53,823 - PremierLeagueLogger - INFO - Loss: 1.147835182050997
2023-11-28 07:56:55,091 - PremierLeagueLogger - INFO - CatBoost initialized
2023-11-28 07:56:56,352 - PremierLeagueLogger - INFO - Fitting model
2023-11-28 07:56:58,750 - PremierLeagueLogger - INFO - Loss: 1.1558055575491966
2023-11-28 07:57:00,001 - PremierLeagueLogger - INFO - CatBoost initialized
2023-11-28 07:57:01,247 - PremierLeagueLogger - INFO - Fitting model
2023-11-28 07:57:03,092 - PremierLeagueLogger - INFO - Loss: 1.1551588953884293
2023-11-28 07:57:04,353 - PremierLeagueLogger - INFO - CatBoost initialized
2023-11-28 07:57:05,626 - PremierLeagueLogger - INFO - Fitting model
2023-11-28 07:57:07,440 - PremierLeagueLogger - INFO - Loss: 1.1573322532807773
2023-11-28 07:57:08,690 - PremierLeagueLogger - INFO - CatBoost initialized
2023-11-28 07:57:09,941 - PremierLeagueLogger - INFO - Fitting model
2023-11-28 07:57:11,413 - PremierLeagueLogger - INFO - Loss: 1.1573030547979724
2023-11-28 07:57:12,637 - PremierLeagueLogger - INFO - CatBoost initialized
2023-11-28 07:57:13,893 - PremierLeagueLogger - INFO - Fitting model
2023-11-28 07:57:15,421 - PremierLeagueLogger - INFO - Loss: 1.1592039805239085
2023-11-28 07:57:16,648 - PremierLeagueLogger - INFO - CatBoost initialized
2023-11-28 07:57:17,891 - PremierLeagueLogger - INFO - Fitting model
2023-11-28 07:57:19,248 - PremierLeagueLogger - INFO - Loss: 1.1562834971608569
2023-11-28 07:57:20,496 - PremierLeagueLogger - INFO - CatBoost initialized
2023-11-28 07:57:21,726 - PremierLeagueLogger - INFO - Fitting model
2023-11-28 07:57:25,145 - PremierLeagueLogger - INFO - Loss: 1.1555773535535037
2023-11-28 07:57:26,393 - PremierLeagueLogger - INFO - CatBoost initialized
2023-11-28 07:57:27,630 - PremierLeagueLogger - INFO - Fitting model
2023-11-28 07:57:29,165 - PremierLeagueLogger - INFO - Loss: 1.1511927223595049
2023-11-28 07:57:30,395 - PremierLeagueLogger - INFO - CatBoost initialized
2023-11-28 07:57:31,653 - PremierLeagueLogger - INFO - Fitting model
2023-11-28 07:57:33,129 - PremierLeagueLogger - INFO - Loss: 1.154382043516793
2023-11-28 07:57:34,389 - PremierLeagueLogger - INFO - CatBoost initialized
2023-11-28 07:57:35,628 - PremierLeagueLogger - INFO - Fitting model
2023-11-28 07:57:37,112 - PremierLeagueLogger - INFO - Loss: 1.1501339607750927
2023-11-28 07:57:38,367 - PremierLeagueLogger - INFO - CatBoost initialized
2023-11-28 07:57:39,622 - PremierLeagueLogger - INFO - Fitting model
2023-11-28 07:57:41,161 - PremierLeagueLogger - INFO - Loss: 1.1538147242145362
2023-11-28 07:57:42,428 - PremierLeagueLogger - INFO - CatBoost initialized
2023-11-28 07:57:43,709 - PremierLeagueLogger - INFO - Fitting model
2023-11-28 07:57:45,554 - PremierLeagueLogger - INFO - Loss: 1.1534588068189302
2023-11-28 07:57:46,796 - PremierLeagueLogger - INFO - CatBoost initialized
2023-11-28 07:57:48,039 - PremierLeagueLogger - INFO - Fitting model
2023-11-28 07:57:49,727 - PremierLeagueLogger - INFO - Loss: 1.1475788067743524
2023-11-28 07:57:51,005 - PremierLeagueLogger - INFO - CatBoost initialized
2023-11-28 07:57:52,441 - PremierLeagueLogger - INFO - Fitting model
2023-11-28 07:57:54,805 - PremierLeagueLogger - INFO - Loss: 1.1516065444449273
2023-11-28 07:57:56,063 - PremierLeagueLogger - INFO - CatBoost initialized
2023-11-28 07:57:57,313 - PremierLeagueLogger - INFO - Fitting model
2023-11-28 07:57:58,701 - PremierLeagueLogger - INFO - Loss: 1.1575304467282814
2023-11-28 07:58:00,021 - PremierLeagueLogger - INFO - CatBoost initialized
2023-11-28 07:58:01,283 - PremierLeagueLogger - INFO - Fitting model
2023-11-28 07:58:02,766 - PremierLeagueLogger - INFO - Loss: 1.1563255122272607
2023-11-28 07:58:04,031 - PremierLeagueLogger - INFO - CatBoost initialized
2023-11-28 07:58:05,311 - PremierLeagueLogger - INFO - Fitting model
2023-11-28 07:58:06,749 - PremierLeagueLogger - INFO - Loss: 1.1609786679644245
2023-11-28 07:58:08,327 - PremierLeagueLogger - INFO - Training Model
2023-11-28 07:58:13,717 - PremierLeagueLogger - INFO - Logging parameters to MLFlow
2023-11-28 07:58:25,045 - PremierLeagueLogger - INFO - Saving transformer to premier-league-app/app_data/models/away_regress_model_v2_20231128.pkl
2023-11-28 07:58:28,652 - PremierLeagueLogger - INFO - Transformer saved to premier-league-app/app_data/models/away_regress_model_v2_20231128.pkl
2023-11-28 07:58:29,948 - PremierLeagueLogger - INFO - Making Predictions
2023-11-28 07:58:31,241 - PremierLeagueLogger - INFO - Evaluating home model
2023-11-28 07:58:36,669 - PremierLeagueLogger - INFO - logging evaluation metrics to mlflow
2023-11-28 07:58:42,621 - PremierLeagueLogger - INFO - Making Predictions
2023-11-28 07:58:44,086 - PremierLeagueLogger - INFO - Evaluating away model
2023-11-28 07:58:49,607 - PremierLeagueLogger - INFO - logging evaluation metrics to mlflow
2023-11-28 07:58:57,780 - PremierLeagueLogger - INFO - Stopping RDS instance 'premier-league-logging'
2023-11-28 08:34:53,550 - PremierLeagueLogger - ERROR - Error generating presigned URL: Test Exception
2023-11-28 08:39:46,061 - PremierLeagueLogger - ERROR - Error generating presigned URL: Test Exception
2023-11-28 08:39:58,398 - PremierLeagueLogger - INFO - Evaluating invalid model
2023-11-28 08:40:54,758 - PremierLeagueLogger - INFO - Evaluating invalid model
2023-11-28 08:41:43,034 - PremierLeagueLogger - INFO - Saving drift report to premier-league-app/Mock Object Name
2023-11-28 08:41:45,475 - PremierLeagueLogger - INFO - Saved drift report to premier-league-app/Mock Object Name
2023-11-28 08:41:46,913 - PremierLeagueLogger - INFO - Saving drift report to premier-league-app/Mock Object Name
2023-11-28 08:41:48,901 - PremierLeagueLogger - INFO - Saved drift report to premier-league-app/Mock Object Name
2023-11-28 08:41:50,413 - PremierLeagueLogger - INFO - Attempting to read from https://fixturedownload.com/download/epl-2021-UTC.csv
2023-11-28 08:41:51,695 - PremierLeagueLogger - INFO - Attempting to read from https://fixturedownload.com/download/epl-2022-UTC.csv
2023-11-28 08:41:52,983 - PremierLeagueLogger - ERROR - No data found at https://fixturedownload.com/download/epl-2022-UTC.csv
2023-11-28 08:41:54,319 - PremierLeagueLogger - ERROR - Error generating presigned URL: Test Exception
2023-11-28 08:41:55,652 - PremierLeagueLogger - INFO - Evaluating invalid model
2023-11-28 08:41:56,983 - PremierLeagueLogger - INFO - Adding min/max expecations to column int_col
2023-11-28 08:41:58,304 - PremierLeagueLogger - INFO - Adding categorical expecations to column str_col
2023-11-28 08:41:59,760 - PremierLeagueLogger - INFO - Adding missing expectations to column str_col
2023-11-28 08:42:01,148 - PremierLeagueLogger - INFO - Adding categorical expecations to column str_col
2023-11-28 08:42:02,435 - PremierLeagueLogger - INFO - Adding missing expectations to column int_col
2023-11-28 08:42:03,733 - PremierLeagueLogger - INFO - Adding min/max expecations to column int_col
2023-11-28 08:42:05,026 - PremierLeagueLogger - INFO - Adding missing expectations to column miss_col
2023-11-28 08:42:06,320 - PremierLeagueLogger - INFO - Adding min/max expecations to column miss_col
2023-11-28 08:42:07,648 - PremierLeagueLogger - INFO - Adding categorical expecations to column str_col
2023-11-28 08:42:08,944 - PremierLeagueLogger - INFO - Data GE object type: <class 'great_expectations.dataset.pandas_dataset.PandasDataset'>
2023-11-28 08:42:10,264 - PremierLeagueLogger - INFO - Adding categorical expecations to column str_col
2023-11-28 08:42:11,626 - PremierLeagueLogger - INFO - Total Expectations: 1
2023-11-28 08:42:12,888 - PremierLeagueLogger - INFO - Counts:
2023-11-28 08:42:14,159 - PremierLeagueLogger - INFO - expect_column_values_to_be_in_set: 1
2023-11-28 08:42:15,451 - PremierLeagueLogger - INFO - expect_column_values_to_be_in_set: 1
