2023-11-29 07:26:56,984 - PremierLeagueLogger - INFO - Grabbing Passwords
2023-11-29 07:27:36,298 - PremierLeagueLogger - INFO - Grabbing Passwords
2023-11-29 07:28:06,872 - PremierLeagueLogger - INFO - Grabbing Passwords
2023-11-29 07:34:05,720 - PremierLeagueLogger - INFO - Grabbing Passwords
2023-11-29 07:40:35,114 - PremierLeagueLogger - INFO - Grabbing Passwords
2023-11-29 07:54:21,201 - PremierLeagueLogger - INFO - Grabbing instance status of test-instance
2023-11-29 07:54:22,827 - PremierLeagueLogger - ERROR - No RDS instance found with identifier test-instance.
2023-11-29 07:54:23,930 - PremierLeagueLogger - INFO - Grabbing instance status of test-instance
2023-11-29 07:54:24,973 - PremierLeagueLogger - ERROR - Error retrieving RDS instance status: An error occurred (SomeError) when calling the DescribeDBInstances operation: Error message
2023-11-29 07:58:03,628 - PremierLeagueLogger - INFO - Grabbing instance status of test-instance
2023-11-29 07:58:05,036 - PremierLeagueLogger - ERROR - No RDS instance found with identifier test-instance.
2023-11-29 07:58:06,117 - PremierLeagueLogger - INFO - Grabbing instance status of test-instance
2023-11-29 07:58:07,176 - PremierLeagueLogger - ERROR - Error retrieving RDS instance status: An error occurred (SomeError) when calling the DescribeDBInstances operation: Error message
2023-11-29 07:59:34,557 - PremierLeagueLogger - INFO - Grabbing instance status of test-instance
2023-11-29 07:59:35,973 - PremierLeagueLogger - ERROR - No RDS instance found with identifier test-instance.
2023-11-29 07:59:37,049 - PremierLeagueLogger - INFO - Grabbing instance status of test-instance
2023-11-29 07:59:38,096 - PremierLeagueLogger - ERROR - Error retrieving RDS instance status: An error occurred (SomeError) when calling the DescribeDBInstances operation: Error message
2023-11-29 08:02:54,768 - PremierLeagueLogger - INFO - Grabbing instance status of test-instance
2023-11-29 08:02:56,043 - PremierLeagueLogger - ERROR - No RDS instance found with identifier test-instance.
2023-11-29 08:02:57,108 - PremierLeagueLogger - INFO - Grabbing instance status of test-instance
2023-11-29 08:02:58,149 - PremierLeagueLogger - ERROR - Error retrieving RDS instance status: An error occurred (SomeError) when calling the DescribeDBInstances operation: Error message
2023-11-29 08:03:39,663 - PremierLeagueLogger - INFO - Grabbing instance status of test-instance
2023-11-29 08:03:40,940 - PremierLeagueLogger - ERROR - No RDS instance found with identifier test-instance.
2023-11-29 08:03:42,018 - PremierLeagueLogger - INFO - Grabbing instance status of test-instance
2023-11-29 08:03:43,061 - PremierLeagueLogger - ERROR - Error retrieving RDS instance status: An error occurred (SomeError) when calling the DescribeDBInstances operation: Error message
2023-11-29 08:06:40,858 - PremierLeagueLogger - INFO - Grabbing instance status of test-instance
2023-11-29 08:06:42,298 - PremierLeagueLogger - ERROR - No RDS instance found with identifier test-instance.
2023-11-29 08:06:43,381 - PremierLeagueLogger - INFO - Grabbing instance status of test-instance
2023-11-29 08:06:44,433 - PremierLeagueLogger - ERROR - Error retrieving RDS instance status: An error occurred (SomeError) when calling the DescribeDBInstances operation: Error message
2023-11-29 08:09:16,350 - PremierLeagueLogger - INFO - Grabbing instance status of test-instance
2023-11-29 08:09:17,949 - PremierLeagueLogger - ERROR - No RDS instance found with identifier test-instance.
2023-11-29 08:09:19,022 - PremierLeagueLogger - INFO - Grabbing instance status of test-instance
2023-11-29 08:09:20,077 - PremierLeagueLogger - ERROR - Error retrieving RDS instance status: An error occurred (SomeError) when calling the DescribeDBInstances operation: Error message
2023-11-29 08:36:22,222 - PremierLeagueLogger - INFO - Fitting Transformer
2023-11-29 08:36:23,904 - PremierLeagueLogger - INFO - Fitting Transformer
2023-11-29 08:36:24,956 - PremierLeagueLogger - INFO - Transforming Data
2023-11-29 08:38:28,987 - PremierLeagueLogger - INFO - Fitting Transformer
2023-11-29 08:38:30,401 - PremierLeagueLogger - INFO - Fitting Transformer
2023-11-29 08:38:31,473 - PremierLeagueLogger - INFO - Transforming Data
2023-11-29 08:39:08,827 - PremierLeagueLogger - INFO - Fitting Transformer
2023-11-29 08:39:10,165 - PremierLeagueLogger - INFO - Fitting Transformer
2023-11-29 08:39:11,226 - PremierLeagueLogger - INFO - Transforming Data
2023-11-29 08:42:11,427 - PremierLeagueLogger - INFO - Fitting Transformer
2023-11-29 08:42:12,890 - PremierLeagueLogger - INFO - Fitting Transformer
2023-11-29 08:42:13,935 - PremierLeagueLogger - INFO - Transforming Data
2023-11-29 08:43:58,263 - PremierLeagueLogger - INFO - Fitting Transformer
2023-11-29 08:43:59,549 - PremierLeagueLogger - INFO - Fitting Transformer
2023-11-29 08:44:00,610 - PremierLeagueLogger - INFO - Transforming Data
2023-11-29 08:45:44,315 - PremierLeagueLogger - INFO - Fitting Transformer
2023-11-29 08:45:45,762 - PremierLeagueLogger - INFO - Fitting Transformer
2023-11-29 08:45:46,839 - PremierLeagueLogger - INFO - Transforming Data
2023-11-29 08:53:45,613 - PremierLeagueLogger - INFO - Loading data from some-bucket/some/file/path.csv
2023-11-29 08:53:47,256 - PremierLeagueLogger - INFO - Successfully loaded data from some-bucket/some/file/path.csv
2023-11-29 09:06:56,557 - PremierLeagueLogger - INFO - Loading data from some-bucket/some/file/path.csv
2023-11-29 09:06:58,201 - PremierLeagueLogger - INFO - Successfully loaded data from some-bucket/some/file/path.csv
2023-11-29 09:06:59,338 - PremierLeagueLogger - INFO - Savng data to test-bucket/path/to/file.csv
2023-11-29 09:07:00,471 - PremierLeagueLogger - INFO - Savng data to test-bucket/path/to/file.xlsx
2023-11-29 09:07:01,592 - PremierLeagueLogger - ERROR - An error occurred saving test-bucket/path/to/file.xlsx: No module named 'xlsxwriter'
2023-11-29 09:07:02,923 - PremierLeagueLogger - INFO - Savng data to test-bucket/path/to/file.txt
2023-11-29 09:07:04,007 - PremierLeagueLogger - ERROR - An error occurred saving test-bucket/path/to/file.txt: File format 'txt' is not supported.
2023-11-29 09:08:16,226 - PremierLeagueLogger - INFO - Loading data from some-bucket/some/file/path.csv
2023-11-29 09:08:17,674 - PremierLeagueLogger - INFO - Successfully loaded data from some-bucket/some/file/path.csv
2023-11-29 09:08:18,774 - PremierLeagueLogger - INFO - Savng data to test-bucket/path/to/file.csv
2023-11-29 09:08:19,843 - PremierLeagueLogger - INFO - Savng data to test-bucket/path/to/file.xlsx
2023-11-29 09:08:20,907 - PremierLeagueLogger - ERROR - An error occurred saving test-bucket/path/to/file.xlsx: No module named 'xlsxwriter'
2023-11-29 09:08:22,127 - PremierLeagueLogger - INFO - Savng data to test-bucket/path/to/file.txt
2023-11-29 09:08:23,178 - PremierLeagueLogger - ERROR - An error occurred saving test-bucket/path/to/file.txt: File format 'txt' is not supported.
2023-11-29 09:10:42,175 - PremierLeagueLogger - INFO - Loading data from some-bucket/some/file/path.csv
2023-11-29 09:10:43,491 - PremierLeagueLogger - INFO - Successfully loaded data from some-bucket/some/file/path.csv
2023-11-29 09:10:44,604 - PremierLeagueLogger - INFO - Savng data to test-bucket/path/to/file.csv
2023-11-29 09:10:45,698 - PremierLeagueLogger - INFO - Savng data to test-bucket/path/to/file.xlsx
2023-11-29 09:10:46,782 - PremierLeagueLogger - ERROR - An error occurred saving test-bucket/path/to/file.xlsx: No module named 'xlsxwriter'
2023-11-29 09:10:48,015 - PremierLeagueLogger - INFO - Savng data to test-bucket/path/to/file.txt
2023-11-29 09:10:49,071 - PremierLeagueLogger - ERROR - An error occurred saving test-bucket/path/to/file.txt: File format 'txt' is not supported.
2023-11-29 09:12:08,492 - PremierLeagueLogger - INFO - Loading data from some-bucket/some/file/path.csv
2023-11-29 09:12:09,949 - PremierLeagueLogger - INFO - Successfully loaded data from some-bucket/some/file/path.csv
2023-11-29 09:12:11,046 - PremierLeagueLogger - INFO - Savng data to test-bucket/path/to/file.csv
2023-11-29 09:12:12,142 - PremierLeagueLogger - INFO - Savng data to test-bucket/path/to/file.xlsx
2023-11-29 09:12:13,347 - PremierLeagueLogger - INFO - Savng data to test-bucket/path/to/file.txt
2023-11-29 09:12:14,407 - PremierLeagueLogger - ERROR - An error occurred saving test-bucket/path/to/file.txt: File format 'txt' is not supported.
2023-11-29 09:12:53,016 - PremierLeagueLogger - INFO - Loading data from some-bucket/some/file/path.csv
2023-11-29 09:12:54,509 - PremierLeagueLogger - INFO - Successfully loaded data from some-bucket/some/file/path.csv
2023-11-29 09:12:55,808 - PremierLeagueLogger - INFO - Savng data to test-bucket/path/to/file.csv
2023-11-29 09:12:57,040 - PremierLeagueLogger - INFO - Savng data to test-bucket/path/to/file.xlsx
2023-11-29 09:12:58,440 - PremierLeagueLogger - INFO - Savng data to test-bucket/path/to/file.txt
2023-11-29 09:12:59,509 - PremierLeagueLogger - ERROR - An error occurred saving test-bucket/path/to/file.txt: File format 'txt' is not supported.
2023-11-29 09:13:26,439 - PremierLeagueLogger - INFO - Loading data from some-bucket/some/file/path.csv
2023-11-29 09:13:27,873 - PremierLeagueLogger - INFO - Successfully loaded data from some-bucket/some/file/path.csv
2023-11-29 09:13:29,079 - PremierLeagueLogger - INFO - Savng data to test-bucket/path/to/file.csv
2023-11-29 09:13:30,730 - PremierLeagueLogger - INFO - Savng data to test-bucket/path/to/file.xlsx
2023-11-29 09:13:31,884 - PremierLeagueLogger - INFO - Savng data to test-bucket/path/to/file.txt
2023-11-29 09:13:32,952 - PremierLeagueLogger - ERROR - An error occurred saving test-bucket/path/to/file.txt: File format 'txt' is not supported.
2023-11-29 09:14:12,996 - PremierLeagueLogger - INFO - Loading data from some-bucket/some/file/path.csv
2023-11-29 09:14:14,326 - PremierLeagueLogger - INFO - Successfully loaded data from some-bucket/some/file/path.csv
2023-11-29 09:14:15,432 - PremierLeagueLogger - INFO - Savng data to test-bucket/path/to/file.csv
2023-11-29 09:14:16,535 - PremierLeagueLogger - INFO - Savng data to test-bucket/path/to/file.xlsx
2023-11-29 09:14:17,657 - PremierLeagueLogger - INFO - Savng data to test-bucket/path/to/file.txt
2023-11-29 09:14:18,734 - PremierLeagueLogger - ERROR - An error occurred saving test-bucket/path/to/file.txt: File format 'txt' is not supported.
2023-11-29 09:14:23,841 - PremierLeagueLogger - INFO - Grabbing Passwords
