2023-11-26 13:51:31,965 - PremierLeagueLogger - INFO - Adding min/max expecations to column int_col
2023-11-26 13:51:33,060 - PremierLeagueLogger - INFO - Adding min/max expecations to column int_col
2023-11-26 13:51:34,397 - PremierLeagueLogger - INFO - Adding min/max expecations to column miss_col
2023-11-26 13:54:48,523 - PremierLeagueLogger - INFO - Adding min/max expecations to column int_col
2023-11-26 13:54:49,836 - PremierLeagueLogger - INFO - Adding min/max expecations to column int_col
2023-11-26 13:54:50,875 - PremierLeagueLogger - INFO - Adding min/max expecations to column miss_col
2023-11-26 13:55:06,761 - PremierLeagueLogger - INFO - Adding min/max expecations to column int_col
2023-11-26 13:55:07,876 - PremierLeagueLogger - INFO - Adding min/max expecations to column int_col
2023-11-26 13:55:08,790 - PremierLeagueLogger - INFO - Adding min/max expecations to column miss_col
2023-11-26 14:00:09,681 - PremierLeagueLogger - INFO - Adding min/max expecations to column int_col
2023-11-26 14:00:11,051 - PremierLeagueLogger - INFO - Adding min/max expecations to column int_col
2023-11-26 14:00:12,106 - PremierLeagueLogger - INFO - Adding min/max expecations to column miss_col
2023-11-26 14:00:13,125 - PremierLeagueLogger - INFO - Saving expectations to premier-league-app/Tests/test.json
2023-11-26 14:00:15,120 - PremierLeagueLogger - INFO - Saved expectations to premier-league-app/Tests/test.json
2023-11-26 14:00:16,089 - PremierLeagueLogger - INFO - Data GE object type: <class 'great_expectations.dataset.pandas_dataset.PandasDataset'>
2023-11-26 14:00:17,100 - PremierLeagueLogger - INFO - Total Expectations: 1
2023-11-26 14:00:18,028 - PremierLeagueLogger - INFO - Counts:
2023-11-26 14:00:19,133 - PremierLeagueLogger - INFO - expect_column_values_to_be_in_set: 1
2023-11-26 14:25:32,058 - PremierLeagueLogger - INFO - Adding min/max expecations to column int_col
2023-11-26 14:25:34,916 - PremierLeagueLogger - INFO - Adding categorical expecations to column str_col
2023-11-26 14:25:37,545 - PremierLeagueLogger - INFO - Adding missing expectations to column str_col
2023-11-26 14:25:40,134 - PremierLeagueLogger - INFO - Adding categorical expecations to column str_col
2023-11-26 14:25:41,931 - PremierLeagueLogger - INFO - Adding missing expectations to column int_col
2023-11-26 14:25:43,019 - PremierLeagueLogger - INFO - Adding min/max expecations to column int_col
2023-11-26 14:25:47,663 - PremierLeagueLogger - INFO - Adding missing expectations to column miss_col
2023-11-26 14:25:49,911 - PremierLeagueLogger - INFO - Adding min/max expecations to column miss_col
2023-11-26 14:25:51,194 - PremierLeagueLogger - INFO - Adding categorical expecations to column str_col
2023-11-26 14:25:53,893 - PremierLeagueLogger - INFO - Data GE object type: <class 'great_expectations.dataset.pandas_dataset.PandasDataset'>
2023-11-26 14:25:58,135 - PremierLeagueLogger - INFO - Adding categorical expecations to column str_col
2023-11-26 14:26:08,204 - PremierLeagueLogger - INFO - Total Expectations: 1
2023-11-26 14:26:12,250 - PremierLeagueLogger - INFO - Counts:
2023-11-26 14:26:14,743 - PremierLeagueLogger - INFO - expect_column_values_to_be_in_set: 1
2023-11-26 14:26:16,052 - PremierLeagueLogger - INFO - expect_column_values_to_be_in_set: 1
2023-11-26 14:32:24,472 - PremierLeagueLogger - INFO - Saving drift report to premier-league-app/Mock Object Name
2023-11-26 14:32:39,539 - PremierLeagueLogger - INFO - Saved drift report to premier-league-app/Mock Object Name
2023-11-26 14:32:42,905 - PremierLeagueLogger - INFO - Saving drift report to premier-league-app/Mock Object Name
2023-11-26 14:32:52,447 - PremierLeagueLogger - INFO - Saved drift report to premier-league-app/Mock Object Name
2023-11-26 14:32:55,910 - PremierLeagueLogger - INFO - Sending SNS message to topic arn:aws:sns:eu-west-2:372535189767:sns-data-drift-report
2023-11-26 14:33:03,542 - PremierLeagueLogger - INFO - Sent SNS message to topic arn:aws:sns:eu-west-2:372535189767:sns-data-drift-report
2023-11-26 14:33:05,547 - PremierLeagueLogger - INFO - Adding min/max expecations to column int_col
2023-11-26 14:33:08,613 - PremierLeagueLogger - INFO - Adding categorical expecations to column str_col
2023-11-26 14:33:13,404 - PremierLeagueLogger - INFO - Adding missing expectations to column str_col
2023-11-26 14:33:16,081 - PremierLeagueLogger - INFO - Adding categorical expecations to column str_col
2023-11-26 14:33:19,080 - PremierLeagueLogger - INFO - Adding missing expectations to column int_col
2023-11-26 14:33:22,272 - PremierLeagueLogger - INFO - Adding min/max expecations to column int_col
2023-11-26 14:33:24,735 - PremierLeagueLogger - INFO - Adding missing expectations to column miss_col
2023-11-26 14:33:27,483 - PremierLeagueLogger - INFO - Adding min/max expecations to column miss_col
2023-11-26 14:33:29,120 - PremierLeagueLogger - INFO - Adding categorical expecations to column str_col
2023-11-26 14:33:31,841 - PremierLeagueLogger - INFO - Data GE object type: <class 'great_expectations.dataset.pandas_dataset.PandasDataset'>
2023-11-26 14:33:33,943 - PremierLeagueLogger - INFO - Adding categorical expecations to column str_col
2023-11-26 14:33:40,198 - PremierLeagueLogger - INFO - Total Expectations: 1
2023-11-26 14:33:42,193 - PremierLeagueLogger - INFO - Counts:
2023-11-26 14:33:44,874 - PremierLeagueLogger - INFO - expect_column_values_to_be_in_set: 1
2023-11-26 14:33:47,144 - PremierLeagueLogger - INFO - expect_column_values_to_be_in_set: 1
2023-11-26 14:35:30,058 - PremierLeagueLogger - INFO - Saving drift report to premier-league-app/Mock Object Name
2023-11-26 14:35:35,996 - PremierLeagueLogger - INFO - Saved drift report to premier-league-app/Mock Object Name
2023-11-26 14:35:38,835 - PremierLeagueLogger - INFO - Saving drift report to premier-league-app/Mock Object Name
2023-11-26 14:35:45,046 - PremierLeagueLogger - INFO - Saved drift report to premier-league-app/Mock Object Name
2023-11-26 14:35:49,410 - PremierLeagueLogger - INFO - Saving drift report to premier-league-app/Mock Object Name
2023-11-26 14:35:53,587 - PremierLeagueLogger - INFO - Saved drift report to premier-league-app/Mock Object Name
2023-11-26 14:35:59,040 - PremierLeagueLogger - INFO - Sending SNS message to topic arn:aws:sns:eu-west-2:372535189767:sns-data-drift-report
2023-11-26 14:36:06,204 - PremierLeagueLogger - INFO - Sent SNS message to topic arn:aws:sns:eu-west-2:372535189767:sns-data-drift-report
2023-11-26 14:36:09,111 - PremierLeagueLogger - INFO - Adding min/max expecations to column int_col
2023-11-26 14:36:11,133 - PremierLeagueLogger - INFO - Adding categorical expecations to column str_col
2023-11-26 14:36:14,492 - PremierLeagueLogger - INFO - Adding missing expectations to column str_col
2023-11-26 14:36:20,617 - PremierLeagueLogger - INFO - Adding categorical expecations to column str_col
2023-11-26 14:36:27,614 - PremierLeagueLogger - INFO - Adding missing expectations to column int_col
2023-11-26 14:36:55,743 - PremierLeagueLogger - INFO - Adding min/max expecations to column int_col
2023-11-26 14:36:59,579 - PremierLeagueLogger - INFO - Adding missing expectations to column miss_col
2023-11-26 14:37:01,360 - PremierLeagueLogger - INFO - Adding min/max expecations to column miss_col
2023-11-26 14:37:04,522 - PremierLeagueLogger - INFO - Adding categorical expecations to column str_col
2023-11-26 14:37:07,019 - PremierLeagueLogger - INFO - Data GE object type: <class 'great_expectations.dataset.pandas_dataset.PandasDataset'>
2023-11-26 14:37:09,890 - PremierLeagueLogger - INFO - Adding categorical expecations to column str_col
2023-11-26 14:37:12,891 - PremierLeagueLogger - INFO - Total Expectations: 1
2023-11-26 14:37:15,847 - PremierLeagueLogger - INFO - Counts:
2023-11-26 14:37:17,658 - PremierLeagueLogger - INFO - expect_column_values_to_be_in_set: 1
2023-11-26 14:37:19,921 - PremierLeagueLogger - INFO - expect_column_values_to_be_in_set: 1
2023-11-26 14:39:18,302 - PremierLeagueLogger - INFO - Saving drift report to premier-league-app/Mock Object Name
2023-11-26 14:39:24,825 - PremierLeagueLogger - INFO - Saved drift report to premier-league-app/Mock Object Name
2023-11-26 14:39:28,636 - PremierLeagueLogger - INFO - Saving drift report to premier-league-app/Mock Object Name
2023-11-26 14:39:32,212 - PremierLeagueLogger - INFO - Saved drift report to premier-league-app/Mock Object Name
2023-11-26 14:39:34,914 - PremierLeagueLogger - INFO - Adding min/max expecations to column int_col
2023-11-26 14:39:36,689 - PremierLeagueLogger - INFO - Adding categorical expecations to column str_col
2023-11-26 14:39:40,356 - PremierLeagueLogger - INFO - Adding missing expectations to column str_col
2023-11-26 14:39:42,556 - PremierLeagueLogger - INFO - Adding categorical expecations to column str_col
2023-11-26 14:39:45,473 - PremierLeagueLogger - INFO - Adding missing expectations to column int_col
2023-11-26 14:39:49,529 - PremierLeagueLogger - INFO - Adding min/max expecations to column int_col
2023-11-26 14:39:52,643 - PremierLeagueLogger - INFO - Adding missing expectations to column miss_col
2023-11-26 14:39:56,607 - PremierLeagueLogger - INFO - Adding min/max expecations to column miss_col
2023-11-26 14:39:59,410 - PremierLeagueLogger - INFO - Adding categorical expecations to column str_col
2023-11-26 14:40:04,671 - PremierLeagueLogger - INFO - Data GE object type: <class 'great_expectations.dataset.pandas_dataset.PandasDataset'>
2023-11-26 14:40:08,541 - PremierLeagueLogger - INFO - Adding categorical expecations to column str_col
2023-11-26 14:40:10,978 - PremierLeagueLogger - INFO - Total Expectations: 1
2023-11-26 14:40:16,881 - PremierLeagueLogger - INFO - Counts:
2023-11-26 14:40:19,306 - PremierLeagueLogger - INFO - expect_column_values_to_be_in_set: 1
2023-11-26 14:40:23,824 - PremierLeagueLogger - INFO - expect_column_values_to_be_in_set: 1
2023-11-26 14:57:15,045 - PremierLeagueLogger - INFO - Saving drift report to premier-league-app/Mock Object Name
2023-11-26 14:57:21,481 - PremierLeagueLogger - INFO - Saved drift report to premier-league-app/Mock Object Name
2023-11-26 14:57:24,084 - PremierLeagueLogger - INFO - Saving drift report to premier-league-app/Mock Object Name
2023-11-26 14:57:33,111 - PremierLeagueLogger - INFO - Saved drift report to premier-league-app/Mock Object Name
2023-11-26 14:57:37,736 - PremierLeagueLogger - INFO - Adding min/max expecations to column int_col
2023-11-26 14:57:41,370 - PremierLeagueLogger - INFO - Adding categorical expecations to column str_col
2023-11-26 14:57:45,945 - PremierLeagueLogger - INFO - Adding missing expectations to column str_col
2023-11-26 14:57:48,870 - PremierLeagueLogger - INFO - Adding categorical expecations to column str_col
2023-11-26 14:57:52,864 - PremierLeagueLogger - INFO - Adding missing expectations to column int_col
2023-11-26 14:57:56,930 - PremierLeagueLogger - INFO - Adding min/max expecations to column int_col
2023-11-26 14:57:59,900 - PremierLeagueLogger - INFO - Adding missing expectations to column miss_col
2023-11-26 14:58:02,462 - PremierLeagueLogger - INFO - Adding min/max expecations to column miss_col
2023-11-26 14:58:04,596 - PremierLeagueLogger - INFO - Adding categorical expecations to column str_col
2023-11-26 14:58:06,868 - PremierLeagueLogger - INFO - Data GE object type: <class 'great_expectations.dataset.pandas_dataset.PandasDataset'>
2023-11-26 14:58:11,301 - PremierLeagueLogger - INFO - Adding categorical expecations to column str_col
2023-11-26 14:58:14,259 - PremierLeagueLogger - INFO - Total Expectations: 1
2023-11-26 14:58:16,783 - PremierLeagueLogger - INFO - Counts:
2023-11-26 14:58:20,132 - PremierLeagueLogger - INFO - expect_column_values_to_be_in_set: 1
2023-11-26 14:58:21,946 - PremierLeagueLogger - INFO - expect_column_values_to_be_in_set: 1
2023-11-26 14:59:55,861 - PremierLeagueLogger - INFO - Saving drift report to premier-league-app/Mock Object Name
2023-11-26 15:00:00,732 - PremierLeagueLogger - INFO - Saved drift report to premier-league-app/Mock Object Name
2023-11-26 15:00:03,445 - PremierLeagueLogger - INFO - Saving drift report to premier-league-app/Mock Object Name
2023-11-26 15:00:08,779 - PremierLeagueLogger - INFO - Saved drift report to premier-league-app/Mock Object Name
2023-11-26 15:00:12,208 - PremierLeagueLogger - INFO - Adding min/max expecations to column int_col
2023-11-26 15:00:15,684 - PremierLeagueLogger - INFO - Adding categorical expecations to column str_col
2023-11-26 15:00:20,728 - PremierLeagueLogger - INFO - Adding missing expectations to column str_col
2023-11-26 15:00:23,467 - PremierLeagueLogger - INFO - Adding categorical expecations to column str_col
2023-11-26 15:00:26,019 - PremierLeagueLogger - INFO - Adding missing expectations to column int_col
2023-11-26 15:00:29,308 - PremierLeagueLogger - INFO - Adding min/max expecations to column int_col
2023-11-26 15:00:32,622 - PremierLeagueLogger - INFO - Adding missing expectations to column miss_col
2023-11-26 15:00:35,225 - PremierLeagueLogger - INFO - Adding min/max expecations to column miss_col
2023-11-26 15:00:37,540 - PremierLeagueLogger - INFO - Adding categorical expecations to column str_col
2023-11-26 15:00:42,322 - PremierLeagueLogger - INFO - Data GE object type: <class 'great_expectations.dataset.pandas_dataset.PandasDataset'>
2023-11-26 15:00:44,769 - PremierLeagueLogger - INFO - Adding categorical expecations to column str_col
2023-11-26 15:00:48,043 - PremierLeagueLogger - INFO - Total Expectations: 1
2023-11-26 15:00:51,610 - PremierLeagueLogger - INFO - Counts:
2023-11-26 15:00:55,494 - PremierLeagueLogger - INFO - expect_column_values_to_be_in_set: 1
2023-11-26 15:00:59,523 - PremierLeagueLogger - INFO - expect_column_values_to_be_in_set: 1
2023-11-26 15:08:33,636 - PremierLeagueLogger - INFO - Saving drift report to premier-league-app/Mock Object Name
2023-11-26 15:08:40,311 - PremierLeagueLogger - INFO - Saved drift report to premier-league-app/Mock Object Name
2023-11-26 15:08:41,570 - PremierLeagueLogger - INFO - Saving drift report to premier-league-app/Mock Object Name
2023-11-26 15:08:45,023 - PremierLeagueLogger - INFO - Saved drift report to premier-league-app/Mock Object Name
2023-11-26 15:08:46,562 - PremierLeagueLogger - INFO - Adding min/max expecations to column int_col
2023-11-26 15:08:48,448 - PremierLeagueLogger - INFO - Adding categorical expecations to column str_col
2023-11-26 15:08:50,404 - PremierLeagueLogger - INFO - Adding missing expectations to column str_col
2023-11-26 15:08:53,754 - PremierLeagueLogger - INFO - Adding categorical expecations to column str_col
2023-11-26 15:08:59,152 - PremierLeagueLogger - INFO - Adding missing expectations to column int_col
2023-11-26 15:09:02,872 - PremierLeagueLogger - INFO - Adding min/max expecations to column int_col
2023-11-26 15:09:05,870 - PremierLeagueLogger - INFO - Adding missing expectations to column miss_col
2023-11-26 15:09:09,473 - PremierLeagueLogger - INFO - Adding min/max expecations to column miss_col
2023-11-26 15:09:12,114 - PremierLeagueLogger - INFO - Adding categorical expecations to column str_col
2023-11-26 15:09:15,002 - PremierLeagueLogger - INFO - Data GE object type: <class 'great_expectations.dataset.pandas_dataset.PandasDataset'>
2023-11-26 15:09:17,912 - PremierLeagueLogger - INFO - Adding categorical expecations to column str_col
2023-11-26 15:09:21,270 - PremierLeagueLogger - INFO - Total Expectations: 1
2023-11-26 15:09:27,421 - PremierLeagueLogger - INFO - Counts:
2023-11-26 15:09:32,669 - PremierLeagueLogger - INFO - expect_column_values_to_be_in_set: 1
2023-11-26 15:09:34,869 - PremierLeagueLogger - INFO - expect_column_values_to_be_in_set: 1
2023-11-26 15:10:29,170 - PremierLeagueLogger - INFO - Saving drift report to premier-league-app/Mock Object Name
2023-11-26 15:10:41,200 - PremierLeagueLogger - INFO - Saved drift report to premier-league-app/Mock Object Name
2023-11-26 15:10:44,591 - PremierLeagueLogger - INFO - Saving drift report to premier-league-app/Mock Object Name
2023-11-26 15:10:48,373 - PremierLeagueLogger - INFO - Saved drift report to premier-league-app/Mock Object Name
2023-11-26 15:10:52,559 - PremierLeagueLogger - INFO - Adding min/max expecations to column int_col
2023-11-26 15:10:59,369 - PremierLeagueLogger - INFO - Adding categorical expecations to column str_col
2023-11-26 15:11:01,908 - PremierLeagueLogger - INFO - Adding missing expectations to column str_col
2023-11-26 15:11:05,487 - PremierLeagueLogger - INFO - Adding categorical expecations to column str_col
2023-11-26 15:11:08,502 - PremierLeagueLogger - INFO - Adding missing expectations to column int_col
2023-11-26 15:11:11,147 - PremierLeagueLogger - INFO - Adding min/max expecations to column int_col
2023-11-26 15:11:13,780 - PremierLeagueLogger - INFO - Adding missing expectations to column miss_col
2023-11-26 15:11:16,671 - PremierLeagueLogger - INFO - Adding min/max expecations to column miss_col
2023-11-26 15:11:19,055 - PremierLeagueLogger - INFO - Adding categorical expecations to column str_col
2023-11-26 15:11:22,349 - PremierLeagueLogger - INFO - Data GE object type: <class 'great_expectations.dataset.pandas_dataset.PandasDataset'>
2023-11-26 15:11:26,540 - PremierLeagueLogger - INFO - Adding categorical expecations to column str_col
2023-11-26 15:11:33,579 - PremierLeagueLogger - INFO - Total Expectations: 1
2023-11-26 15:11:38,228 - PremierLeagueLogger - INFO - Counts:
2023-11-26 15:11:42,377 - PremierLeagueLogger - INFO - expect_column_values_to_be_in_set: 1
2023-11-26 15:11:45,081 - PremierLeagueLogger - INFO - expect_column_values_to_be_in_set: 1
2023-11-26 15:13:50,641 - PremierLeagueLogger - INFO - Saving drift report to premier-league-app/Mock Object Name
2023-11-26 15:13:55,116 - PremierLeagueLogger - INFO - Saved drift report to premier-league-app/Mock Object Name
2023-11-26 15:13:57,258 - PremierLeagueLogger - INFO - Saving drift report to premier-league-app/Mock Object Name
2023-11-26 15:14:00,732 - PremierLeagueLogger - INFO - Saved drift report to premier-league-app/Mock Object Name
2023-11-26 15:14:05,550 - PremierLeagueLogger - INFO - Adding min/max expecations to column int_col
2023-11-26 15:14:07,975 - PremierLeagueLogger - INFO - Adding categorical expecations to column str_col
2023-11-26 15:14:11,325 - PremierLeagueLogger - INFO - Adding missing expectations to column str_col
2023-11-26 15:14:14,638 - PremierLeagueLogger - INFO - Adding categorical expecations to column str_col
2023-11-26 15:14:17,990 - PremierLeagueLogger - INFO - Adding missing expectations to column int_col
2023-11-26 15:14:20,384 - PremierLeagueLogger - INFO - Adding min/max expecations to column int_col
2023-11-26 15:14:22,792 - PremierLeagueLogger - INFO - Adding missing expectations to column miss_col
2023-11-26 15:14:25,433 - PremierLeagueLogger - INFO - Adding min/max expecations to column miss_col
2023-11-26 15:14:27,816 - PremierLeagueLogger - INFO - Adding categorical expecations to column str_col
2023-11-26 15:14:30,069 - PremierLeagueLogger - INFO - Data GE object type: <class 'great_expectations.dataset.pandas_dataset.PandasDataset'>
2023-11-26 15:14:32,425 - PremierLeagueLogger - INFO - Adding categorical expecations to column str_col
2023-11-26 15:14:35,197 - PremierLeagueLogger - INFO - Total Expectations: 1
2023-11-26 15:14:37,598 - PremierLeagueLogger - INFO - Counts:
2023-11-26 15:14:40,778 - PremierLeagueLogger - INFO - expect_column_values_to_be_in_set: 1
2023-11-26 15:14:44,626 - PremierLeagueLogger - INFO - expect_column_values_to_be_in_set: 1
2023-11-26 15:19:03,180 - PremierLeagueLogger - INFO - Saving drift report to premier-league-app/Mock Object Name
2023-11-26 15:19:06,874 - PremierLeagueLogger - INFO - Saved drift report to premier-league-app/Mock Object Name
2023-11-26 15:19:09,223 - PremierLeagueLogger - INFO - Saving drift report to premier-league-app/Mock Object Name
2023-11-26 15:19:12,244 - PremierLeagueLogger - INFO - Saved drift report to premier-league-app/Mock Object Name
2023-11-26 15:19:14,252 - PremierLeagueLogger - INFO - Adding min/max expecations to column int_col
2023-11-26 15:19:16,376 - PremierLeagueLogger - INFO - Adding categorical expecations to column str_col
2023-11-26 15:19:18,420 - PremierLeagueLogger - INFO - Adding missing expectations to column str_col
2023-11-26 15:19:20,450 - PremierLeagueLogger - INFO - Adding categorical expecations to column str_col
2023-11-26 15:19:24,062 - PremierLeagueLogger - INFO - Adding missing expectations to column int_col
2023-11-26 15:19:26,218 - PremierLeagueLogger - INFO - Adding min/max expecations to column int_col
2023-11-26 15:19:28,670 - PremierLeagueLogger - INFO - Adding missing expectations to column miss_col
2023-11-26 15:19:31,210 - PremierLeagueLogger - INFO - Adding min/max expecations to column miss_col
2023-11-26 15:19:34,233 - PremierLeagueLogger - INFO - Adding categorical expecations to column str_col
2023-11-26 15:19:36,487 - PremierLeagueLogger - INFO - Data GE object type: <class 'great_expectations.dataset.pandas_dataset.PandasDataset'>
2023-11-26 15:19:41,451 - PremierLeagueLogger - INFO - Adding categorical expecations to column str_col
2023-11-26 15:19:43,575 - PremierLeagueLogger - INFO - Total Expectations: 1
2023-11-26 15:19:45,487 - PremierLeagueLogger - INFO - Counts:
2023-11-26 15:19:47,371 - PremierLeagueLogger - INFO - expect_column_values_to_be_in_set: 1
2023-11-26 15:19:49,347 - PremierLeagueLogger - INFO - expect_column_values_to_be_in_set: 1
2023-11-26 15:34:02,024 - PremierLeagueLogger - INFO - Saving drift report to premier-league-app/Mock Object Name
2023-11-26 15:34:04,590 - PremierLeagueLogger - INFO - Saved drift report to premier-league-app/Mock Object Name
2023-11-26 15:34:06,102 - PremierLeagueLogger - INFO - Saving drift report to premier-league-app/Mock Object Name
2023-11-26 15:34:08,058 - PremierLeagueLogger - INFO - Saved drift report to premier-league-app/Mock Object Name
2023-11-26 15:34:09,978 - PremierLeagueLogger - INFO - Adding min/max expecations to column int_col
2023-11-26 15:34:11,298 - PremierLeagueLogger - INFO - Adding categorical expecations to column str_col
2023-11-26 15:34:12,625 - PremierLeagueLogger - INFO - Adding missing expectations to column str_col
2023-11-26 15:34:13,900 - PremierLeagueLogger - INFO - Adding categorical expecations to column str_col
2023-11-26 15:34:15,194 - PremierLeagueLogger - INFO - Adding missing expectations to column int_col
2023-11-26 15:34:16,505 - PremierLeagueLogger - INFO - Adding min/max expecations to column int_col
2023-11-26 15:34:18,165 - PremierLeagueLogger - INFO - Adding missing expectations to column miss_col
2023-11-26 15:34:19,467 - PremierLeagueLogger - INFO - Adding min/max expecations to column miss_col
2023-11-26 15:34:21,027 - PremierLeagueLogger - INFO - Adding categorical expecations to column str_col
2023-11-26 15:34:22,291 - PremierLeagueLogger - INFO - Data GE object type: <class 'great_expectations.dataset.pandas_dataset.PandasDataset'>
2023-11-26 15:34:23,654 - PremierLeagueLogger - INFO - Adding categorical expecations to column str_col
2023-11-26 15:34:25,580 - PremierLeagueLogger - INFO - Total Expectations: 1
2023-11-26 15:34:26,952 - PremierLeagueLogger - INFO - Counts:
2023-11-26 15:34:28,249 - PremierLeagueLogger - INFO - expect_column_values_to_be_in_set: 1
2023-11-26 15:34:29,543 - PremierLeagueLogger - INFO - expect_column_values_to_be_in_set: 1
2023-11-26 16:31:34,230 - PremierLeagueLogger - INFO - Saving drift report to premier-league-app/Mock Object Name
2023-11-26 16:31:36,736 - PremierLeagueLogger - INFO - Saved drift report to premier-league-app/Mock Object Name
2023-11-26 16:31:38,123 - PremierLeagueLogger - INFO - Saving drift report to premier-league-app/Mock Object Name
2023-11-26 16:31:40,154 - PremierLeagueLogger - INFO - Saved drift report to premier-league-app/Mock Object Name
2023-11-26 16:31:41,461 - PremierLeagueLogger - INFO - Adding min/max expecations to column int_col
2023-11-26 16:31:42,744 - PremierLeagueLogger - INFO - Adding categorical expecations to column str_col
2023-11-26 16:31:44,082 - PremierLeagueLogger - INFO - Adding missing expectations to column str_col
2023-11-26 16:31:46,062 - PremierLeagueLogger - INFO - Adding categorical expecations to column str_col
2023-11-26 16:31:47,328 - PremierLeagueLogger - INFO - Adding missing expectations to column int_col
2023-11-26 16:31:48,706 - PremierLeagueLogger - INFO - Adding min/max expecations to column int_col
2023-11-26 16:31:50,042 - PremierLeagueLogger - INFO - Adding missing expectations to column miss_col
2023-11-26 16:31:51,402 - PremierLeagueLogger - INFO - Adding min/max expecations to column miss_col
2023-11-26 16:31:53,349 - PremierLeagueLogger - INFO - Adding categorical expecations to column str_col
2023-11-26 16:31:55,681 - PremierLeagueLogger - INFO - Data GE object type: <class 'great_expectations.dataset.pandas_dataset.PandasDataset'>
2023-11-26 16:31:57,179 - PremierLeagueLogger - INFO - Adding categorical expecations to column str_col
2023-11-26 16:31:58,484 - PremierLeagueLogger - INFO - Total Expectations: 1
2023-11-26 16:31:59,800 - PremierLeagueLogger - INFO - Counts:
2023-11-26 16:32:01,723 - PremierLeagueLogger - INFO - expect_column_values_to_be_in_set: 1
2023-11-26 16:32:03,084 - PremierLeagueLogger - INFO - expect_column_values_to_be_in_set: 1
2023-11-27 08:03:43,098 - PremierLeagueLogger - INFO - Saving drift report to premier-league-app/Mock Object Name
2023-11-27 08:03:45,624 - PremierLeagueLogger - INFO - Saved drift report to premier-league-app/Mock Object Name
2023-11-27 08:03:46,962 - PremierLeagueLogger - INFO - Saving drift report to premier-league-app/Mock Object Name
2023-11-27 08:03:48,831 - PremierLeagueLogger - INFO - Saved drift report to premier-league-app/Mock Object Name
2023-11-27 08:03:50,117 - PremierLeagueLogger - INFO - Adding min/max expecations to column int_col
2023-11-27 08:03:51,382 - PremierLeagueLogger - INFO - Adding categorical expecations to column str_col
2023-11-27 08:03:52,633 - PremierLeagueLogger - INFO - Adding missing expectations to column str_col
2023-11-27 08:03:53,896 - PremierLeagueLogger - INFO - Adding categorical expecations to column str_col
2023-11-27 08:03:55,156 - PremierLeagueLogger - INFO - Adding missing expectations to column int_col
2023-11-27 08:03:56,420 - PremierLeagueLogger - INFO - Adding min/max expecations to column int_col
2023-11-27 08:03:57,659 - PremierLeagueLogger - INFO - Adding missing expectations to column miss_col
2023-11-27 08:03:58,966 - PremierLeagueLogger - INFO - Adding min/max expecations to column miss_col
2023-11-27 08:04:00,238 - PremierLeagueLogger - INFO - Adding categorical expecations to column str_col
2023-11-27 08:04:01,630 - PremierLeagueLogger - INFO - Data GE object type: <class 'great_expectations.dataset.pandas_dataset.PandasDataset'>
2023-11-27 08:04:02,928 - PremierLeagueLogger - INFO - Adding categorical expecations to column str_col
2023-11-27 08:04:04,183 - PremierLeagueLogger - INFO - Total Expectations: 1
2023-11-27 08:04:05,462 - PremierLeagueLogger - INFO - Counts:
2023-11-27 08:04:06,710 - PremierLeagueLogger - INFO - expect_column_values_to_be_in_set: 1
2023-11-27 08:04:07,965 - PremierLeagueLogger - INFO - expect_column_values_to_be_in_set: 1
2023-11-27 08:18:25,006 - PremierLeagueLogger - INFO - Saving drift report to premier-league-app/Mock Object Name
2023-11-27 08:18:27,379 - PremierLeagueLogger - INFO - Saved drift report to premier-league-app/Mock Object Name
2023-11-27 08:18:28,750 - PremierLeagueLogger - INFO - Saving drift report to premier-league-app/Mock Object Name
2023-11-27 08:18:30,658 - PremierLeagueLogger - INFO - Saved drift report to premier-league-app/Mock Object Name
2023-11-27 08:18:31,983 - PremierLeagueLogger - INFO - Adding min/max expecations to column int_col
2023-11-27 08:18:33,275 - PremierLeagueLogger - INFO - Adding categorical expecations to column str_col
2023-11-27 08:18:34,554 - PremierLeagueLogger - INFO - Adding missing expectations to column str_col
2023-11-27 08:18:35,833 - PremierLeagueLogger - INFO - Adding categorical expecations to column str_col
2023-11-27 08:18:37,111 - PremierLeagueLogger - INFO - Adding missing expectations to column int_col
2023-11-27 08:18:38,392 - PremierLeagueLogger - INFO - Adding min/max expecations to column int_col
2023-11-27 08:18:39,645 - PremierLeagueLogger - INFO - Adding missing expectations to column miss_col
2023-11-27 08:18:40,914 - PremierLeagueLogger - INFO - Adding min/max expecations to column miss_col
2023-11-27 08:18:42,233 - PremierLeagueLogger - INFO - Adding categorical expecations to column str_col
2023-11-27 08:18:43,676 - PremierLeagueLogger - INFO - Data GE object type: <class 'great_expectations.dataset.pandas_dataset.PandasDataset'>
2023-11-27 08:18:45,361 - PremierLeagueLogger - INFO - Adding categorical expecations to column str_col
2023-11-27 08:18:46,644 - PremierLeagueLogger - INFO - Total Expectations: 1
2023-11-27 08:18:47,929 - PremierLeagueLogger - INFO - Counts:
2023-11-27 08:18:49,215 - PremierLeagueLogger - INFO - expect_column_values_to_be_in_set: 1
2023-11-27 08:18:50,513 - PremierLeagueLogger - INFO - expect_column_values_to_be_in_set: 1
