2023-11-27 08:19:24,955 - PremierLeagueLogger - INFO - Saving drift report to premier-league-app/Mock Object Name
2023-11-27 08:19:26,781 - PremierLeagueLogger - INFO - Saved drift report to premier-league-app/Mock Object Name
2023-11-27 08:19:27,860 - PremierLeagueLogger - INFO - Saving drift report to premier-league-app/Mock Object Name
2023-11-27 08:19:29,475 - PremierLeagueLogger - INFO - Saved drift report to premier-league-app/Mock Object Name
2023-11-27 08:19:30,852 - PremierLeagueLogger - INFO - Adding min/max expecations to column int_col
2023-11-27 08:19:31,851 - PremierLeagueLogger - INFO - Adding categorical expecations to column str_col
2023-11-27 08:19:32,852 - PremierLeagueLogger - INFO - Adding missing expectations to column str_col
2023-11-27 08:19:33,842 - PremierLeagueLogger - INFO - Adding categorical expecations to column str_col
2023-11-27 08:19:34,846 - PremierLeagueLogger - INFO - Adding missing expectations to column int_col
2023-11-27 08:19:35,825 - PremierLeagueLogger - INFO - Adding min/max expecations to column int_col
2023-11-27 08:19:36,825 - PremierLeagueLogger - INFO - Adding missing expectations to column miss_col
2023-11-27 08:19:37,822 - PremierLeagueLogger - INFO - Adding min/max expecations to column miss_col
2023-11-27 08:19:39,302 - PremierLeagueLogger - INFO - Adding categorical expecations to column str_col
2023-11-27 08:19:40,282 - PremierLeagueLogger - INFO - Data GE object type: <class 'great_expectations.dataset.pandas_dataset.PandasDataset'>
2023-11-27 08:19:41,439 - PremierLeagueLogger - INFO - Adding categorical expecations to column str_col
2023-11-27 08:19:43,287 - PremierLeagueLogger - INFO - Total Expectations: 1
2023-11-27 08:19:44,282 - PremierLeagueLogger - INFO - Counts:
2023-11-27 08:19:45,283 - PremierLeagueLogger - INFO - expect_column_values_to_be_in_set: 1
2023-11-27 08:19:46,290 - PremierLeagueLogger - INFO - expect_column_values_to_be_in_set: 1
2023-11-27 08:20:25,296 - PremierLeagueLogger - INFO - Saving drift report to premier-league-app/Mock Object Name
2023-11-27 08:20:27,113 - PremierLeagueLogger - INFO - Saved drift report to premier-league-app/Mock Object Name
2023-11-27 08:20:28,183 - PremierLeagueLogger - INFO - Saving drift report to premier-league-app/Mock Object Name
2023-11-27 08:20:29,791 - PremierLeagueLogger - INFO - Saved drift report to premier-league-app/Mock Object Name
2023-11-27 08:20:31,200 - PremierLeagueLogger - INFO - Adding min/max expecations to column int_col
2023-11-27 08:20:32,195 - PremierLeagueLogger - INFO - Adding categorical expecations to column str_col
2023-11-27 08:20:33,210 - PremierLeagueLogger - INFO - Adding missing expectations to column str_col
2023-11-27 08:20:34,192 - PremierLeagueLogger - INFO - Adding categorical expecations to column str_col
2023-11-27 08:20:35,194 - PremierLeagueLogger - INFO - Adding missing expectations to column int_col
2023-11-27 08:20:36,185 - PremierLeagueLogger - INFO - Adding min/max expecations to column int_col
2023-11-27 08:20:37,190 - PremierLeagueLogger - INFO - Adding missing expectations to column miss_col
2023-11-27 08:20:38,179 - PremierLeagueLogger - INFO - Adding min/max expecations to column miss_col
2023-11-27 08:20:39,189 - PremierLeagueLogger - INFO - Adding categorical expecations to column str_col
2023-11-27 08:20:40,157 - PremierLeagueLogger - INFO - Data GE object type: <class 'great_expectations.dataset.pandas_dataset.PandasDataset'>
2023-11-27 08:20:41,153 - PremierLeagueLogger - INFO - Adding categorical expecations to column str_col
2023-11-27 08:20:42,153 - PremierLeagueLogger - INFO - Total Expectations: 1
2023-11-27 08:20:43,145 - PremierLeagueLogger - INFO - Counts:
2023-11-27 08:20:44,143 - PremierLeagueLogger - INFO - expect_column_values_to_be_in_set: 1
2023-11-27 08:20:45,153 - PremierLeagueLogger - INFO - expect_column_values_to_be_in_set: 1
2023-11-27 08:53:08,625 - PremierLeagueLogger - INFO - Attempting to read from https://fixturedownload.com/download/epl-2021-UTC.csv
2023-11-27 08:59:07,833 - PremierLeagueLogger - INFO - Attempting to read from https://fixturedownload.com/download/epl-2021-UTC.csv
2023-11-27 09:00:03,067 - PremierLeagueLogger - INFO - Attempting to read from https://fixturedownload.com/download/epl-2021-UTC.csv
2023-11-27 09:00:04,339 - PremierLeagueLogger - INFO - Attempting to read from https://fixturedownload.com/download/epl-2022-UTC.csv
2023-11-27 09:00:05,331 - PremierLeagueLogger - ERROR - No data found at https://fixturedownload.com/download/epl-2022-UTC.csv
2023-11-27 09:00:29,544 - PremierLeagueLogger - INFO - Attempting to read from https://fixturedownload.com/download/epl-2021-UTC.csv
2023-11-27 09:00:30,783 - PremierLeagueLogger - INFO - Attempting to read from https://fixturedownload.com/download/epl-2022-UTC.csv
2023-11-27 09:00:31,780 - PremierLeagueLogger - ERROR - No data found at https://fixturedownload.com/download/epl-2022-UTC.csv
2023-11-27 09:04:23,420 - PremierLeagueLogger - INFO - Attempting to read from https://fixturedownload.com/download/epl-2021-UTC.csv
2023-11-27 09:04:24,794 - PremierLeagueLogger - INFO - Attempting to read from https://fixturedownload.com/download/epl-2022-UTC.csv
2023-11-27 09:04:25,795 - PremierLeagueLogger - ERROR - No data found at https://fixturedownload.com/download/epl-2022-UTC.csv
2023-11-27 09:05:05,486 - PremierLeagueLogger - INFO - Attempting to read from https://fixturedownload.com/download/epl-2021-UTC.csv
2023-11-27 09:05:06,730 - PremierLeagueLogger - INFO - Attempting to read from https://fixturedownload.com/download/epl-2022-UTC.csv
2023-11-27 09:05:07,738 - PremierLeagueLogger - ERROR - No data found at https://fixturedownload.com/download/epl-2022-UTC.csv
2023-11-27 09:05:53,241 - PremierLeagueLogger - INFO - Attempting to read from https://fixturedownload.com/download/epl-2021-UTC.csv
2023-11-27 09:05:54,515 - PremierLeagueLogger - INFO - Attempting to read from https://fixturedownload.com/download/epl-2022-UTC.csv
2023-11-27 09:05:55,541 - PremierLeagueLogger - ERROR - No data found at https://fixturedownload.com/download/epl-2022-UTC.csv
2023-11-27 09:16:41,800 - PremierLeagueLogger - INFO - Attempting to read from https://fixturedownload.com/download/epl-2021-UTC.csv
2023-11-27 09:16:43,041 - PremierLeagueLogger - INFO - Attempting to read from https://fixturedownload.com/download/epl-2022-UTC.csv
2023-11-27 09:16:44,027 - PremierLeagueLogger - ERROR - No data found at https://fixturedownload.com/download/epl-2022-UTC.csv
2023-11-27 09:16:48,323 - PremierLeagueLogger - INFO - Saving drift report to premier-league-app/Mock Object Name
2023-11-27 09:16:49,960 - PremierLeagueLogger - INFO - Saved drift report to premier-league-app/Mock Object Name
2023-11-27 09:16:51,090 - PremierLeagueLogger - INFO - Saving drift report to premier-league-app/Mock Object Name
2023-11-27 09:16:52,699 - PremierLeagueLogger - INFO - Saved drift report to premier-league-app/Mock Object Name
2023-11-27 09:16:53,776 - PremierLeagueLogger - INFO - Attempting to read from https://fixturedownload.com/download/epl-2021-UTC.csv
2023-11-27 09:16:54,768 - PremierLeagueLogger - INFO - Attempting to read from https://fixturedownload.com/download/epl-2022-UTC.csv
2023-11-27 09:16:55,786 - PremierLeagueLogger - ERROR - No data found at https://fixturedownload.com/download/epl-2022-UTC.csv
2023-11-27 09:16:56,842 - PremierLeagueLogger - INFO - Adding min/max expecations to column int_col
2023-11-27 09:16:57,871 - PremierLeagueLogger - INFO - Adding categorical expecations to column str_col
2023-11-27 09:16:58,897 - PremierLeagueLogger - INFO - Adding missing expectations to column str_col
2023-11-27 09:16:59,915 - PremierLeagueLogger - INFO - Adding categorical expecations to column str_col
2023-11-27 09:17:00,956 - PremierLeagueLogger - INFO - Adding missing expectations to column int_col
2023-11-27 09:17:02,007 - PremierLeagueLogger - INFO - Adding min/max expecations to column int_col
2023-11-27 09:17:03,067 - PremierLeagueLogger - INFO - Adding missing expectations to column miss_col
2023-11-27 09:17:04,086 - PremierLeagueLogger - INFO - Adding min/max expecations to column miss_col
2023-11-27 09:17:05,156 - PremierLeagueLogger - INFO - Adding categorical expecations to column str_col
2023-11-27 09:17:06,176 - PremierLeagueLogger - INFO - Data GE object type: <class 'great_expectations.dataset.pandas_dataset.PandasDataset'>
2023-11-27 09:17:07,209 - PremierLeagueLogger - INFO - Adding categorical expecations to column str_col
2023-11-27 09:17:08,221 - PremierLeagueLogger - INFO - Total Expectations: 1
2023-11-27 09:17:09,227 - PremierLeagueLogger - INFO - Counts:
2023-11-27 09:17:10,253 - PremierLeagueLogger - INFO - expect_column_values_to_be_in_set: 1
2023-11-27 09:17:11,273 - PremierLeagueLogger - INFO - expect_column_values_to_be_in_set: 1
