2023-11-24 17:02:50,478 - PremierLeagueLogger - INFO - Loading data from premier-league-app/app_data/training_data_full.csv
2023-11-24 17:02:52,555 - PremierLeagueLogger - INFO - Successfully loaded data from premier-league-app/app_data/training_data_full.csv
2023-11-24 17:03:37,938 - PremierLeagueLogger - INFO - Loading data from premier-league-app/app_data/training_data_full.csv
2023-11-24 17:03:39,917 - PremierLeagueLogger - INFO - Successfully loaded data from premier-league-app/app_data/training_data_full.csv
2023-11-24 17:03:42,232 - PremierLeagueLogger - INFO - Savng data to premier-league-app/app_data/training_data_full.csv
2023-11-24 17:03:49,095 - PremierLeagueLogger - INFO - Loading data from premier-league-app/app_data/historical_pl_data.csv
2023-11-24 17:03:51,451 - PremierLeagueLogger - INFO - Successfully loaded data from premier-league-app/app_data/historical_pl_data.csv
2023-11-24 17:05:05,552 - PremierLeagueLogger - INFO - Loading data from premier-league-app/app_data/training_data_full.csv
2023-11-24 17:05:07,623 - PremierLeagueLogger - INFO - Successfully loaded data from premier-league-app/app_data/training_data_full.csv
2023-11-24 17:05:13,201 - PremierLeagueLogger - INFO - Loading data from premier-league-app/app_data/training_data_full.csv
2023-11-24 17:05:15,261 - PremierLeagueLogger - INFO - Successfully loaded data from premier-league-app/app_data/training_data_full.csv
2023-11-24 17:05:17,192 - PremierLeagueLogger - INFO - Savng data to premier-league-app/app_data/training_data_full.csv
2023-11-24 17:05:23,534 - PremierLeagueLogger - INFO - Loading data from premier-league-app/app_data/historical_pl_data.csv
2023-11-24 17:05:25,796 - PremierLeagueLogger - INFO - Successfully loaded data from premier-league-app/app_data/historical_pl_data.csv
2023-11-24 17:05:42,599 - PremierLeagueLogger - INFO - Loading data from premier-league-app/app_data/training_data_full.csv
2023-11-24 17:05:44,740 - PremierLeagueLogger - INFO - Successfully loaded data from premier-league-app/app_data/training_data_full.csv
2023-11-24 17:06:09,202 - PremierLeagueLogger - INFO - Saving transformer to premier-league-app/app_data/transformers/transformer_v2_20231124.pkl
2023-11-24 17:06:11,111 - PremierLeagueLogger - INFO - Transformer saved to premier-league-app/app_data/transformers/transformer_v2_20231124.pkl
2023-11-24 17:10:48,205 - PremierLeagueLogger - INFO - Loading data from premier-league-app/app_data/training_data_full.csv
2023-11-24 17:10:50,454 - PremierLeagueLogger - INFO - Successfully loaded data from premier-league-app/app_data/training_data_full.csv
2023-11-24 17:10:53,993 - PremierLeagueLogger - INFO - Loading data from premier-league-app/app_data/training_data_full.csv
2023-11-24 17:10:56,716 - PremierLeagueLogger - INFO - Successfully loaded data from premier-league-app/app_data/training_data_full.csv
2023-11-24 17:10:58,652 - PremierLeagueLogger - INFO - Savng data to premier-league-app/app_data/training_data_full.csv
2023-11-24 17:11:05,789 - PremierLeagueLogger - INFO - Loading data from premier-league-app/app_data/historical_pl_data.csv
2023-11-24 17:11:07,919 - PremierLeagueLogger - INFO - Successfully loaded data from premier-league-app/app_data/historical_pl_data.csv
2023-11-24 17:11:31,788 - PremierLeagueLogger - INFO - Loading data from premier-league-app/app_data/training_data_full.csv
2023-11-24 17:11:37,643 - PremierLeagueLogger - INFO - Successfully loaded data from premier-league-app/app_data/training_data_full.csv
2023-11-24 17:12:01,433 - PremierLeagueLogger - INFO - Saving transformer to premier-league-app/app_data/transformers/transformer_v2_20231124.pkl
2023-11-24 17:12:03,248 - PremierLeagueLogger - INFO - Transformer saved to premier-league-app/app_data/transformers/transformer_v2_20231124.pkl
2023-11-24 17:34:53,575 - PremierLeagueLogger - INFO - Loading data from premier-league-app/app_data/training_data_full.csv
2023-11-24 17:34:55,769 - PremierLeagueLogger - INFO - Successfully loaded data from premier-league-app/app_data/training_data_full.csv
2023-11-24 17:34:56,757 - PremierLeagueLogger - INFO - Total Expectations: 18
2023-11-24 17:34:57,647 - PremierLeagueLogger - INFO - Counts:
2023-11-24 17:34:58,817 - PremierLeagueLogger - INFO - expect_column_values_to_be_of_type: 7
2023-11-24 17:34:59,746 - PremierLeagueLogger - INFO - expect_column_values_to_be_null: 7
2023-11-24 17:35:00,678 - PremierLeagueLogger - INFO - expect_column_values_to_be_in_set: 1
2023-11-24 17:35:01,649 - PremierLeagueLogger - INFO - expect_table_columns_to_match_set: 1
2023-11-24 17:35:02,632 - PremierLeagueLogger - INFO - expect_column_values_to_be_between: 2
2023-11-24 17:35:03,965 - PremierLeagueLogger - INFO - Saving expectations to premier-league-app/app_data/expectations/exp_prem_results_20231124.json
2023-11-24 17:35:05,799 - PremierLeagueLogger - INFO - Saved expectations to premier-league-app/app_data/expectations/exp_prem_results_20231124.json
2023-11-24 17:35:07,471 - PremierLeagueLogger - INFO - Looking for latest expectations file
2023-11-24 17:35:08,682 - PremierLeagueLogger - INFO - Loading expectations from premier-league-app/app_data/expectations/exp_prem_results_20231124.json
2023-11-24 17:35:10,409 - PremierLeagueLogger - INFO - Loaded expectations from premier-league-app/app_data/expectations/exp_prem_results_20231124.json
2023-11-24 17:35:11,629 - PremierLeagueLogger - INFO - Loading data from premier-league-app/app_data/training_data_full.csv
2023-11-24 17:35:13,799 - PremierLeagueLogger - INFO - Successfully loaded data from premier-league-app/app_data/training_data_full.csv
2023-11-24 17:35:15,880 - PremierLeagueLogger - INFO - Savng data to premier-league-app/app_data/training_data_full.csv
2023-11-24 17:35:21,636 - PremierLeagueLogger - INFO - {'evaluated_expectations': 18, 'successful_expectations': 18, 'unsuccessful_expectations': 0, 'success_percent': 100.0}
2023-11-24 17:35:22,646 - PremierLeagueLogger - INFO - Saving expectations to premier-league-app/app_data/expectations/valid_results_20231124.json
2023-11-24 17:35:24,458 - PremierLeagueLogger - INFO - Saved expectations to premier-league-app/app_data/expectations/valid_results_20231124.json
2023-11-24 17:35:25,849 - PremierLeagueLogger - INFO - Loading data from premier-league-app/app_data/historical_pl_data.csv
2023-11-24 17:35:28,356 - PremierLeagueLogger - INFO - Successfully loaded data from premier-league-app/app_data/historical_pl_data.csv
2023-11-24 17:35:30,119 - PremierLeagueLogger - INFO - Saving drift report to premier-league-app/app_data/data_drift_reports/drift_report_20231124.html
2023-11-24 17:35:34,118 - PremierLeagueLogger - INFO - Saved drift report to premier-league-app/app_data/data_drift_reports/drift_report_20231124.html
2023-11-24 18:20:44,692 - PremierLeagueLogger - INFO - Grabbing Passwords
2023-11-24 18:20:48,708 - PremierLeagueLogger - INFO - Loading data from premier-league-app/app_data/training_data_full.csv
2023-11-24 18:20:53,558 - PremierLeagueLogger - INFO - Successfully loaded data from premier-league-app/app_data/training_data_full.csv
2023-11-24 18:20:54,615 - PremierLeagueLogger - INFO - Total Expectations: 18
2023-11-24 18:20:55,568 - PremierLeagueLogger - INFO - Counts:
2023-11-24 18:20:56,584 - PremierLeagueLogger - INFO - expect_table_columns_to_match_set: 1
2023-11-24 18:20:57,711 - PremierLeagueLogger - INFO - expect_column_values_to_be_between: 2
2023-11-24 18:20:58,660 - PremierLeagueLogger - INFO - expect_column_values_to_be_of_type: 7
2023-11-24 18:20:59,954 - PremierLeagueLogger - INFO - expect_column_values_to_be_null: 7
2023-11-24 18:21:01,239 - PremierLeagueLogger - INFO - expect_column_values_to_be_in_set: 1
2023-11-24 18:21:02,269 - PremierLeagueLogger - INFO - Saving expectations to premier-league-app/app_data/expectations/exp_prem_results_20231124.json
2023-11-24 18:21:04,415 - PremierLeagueLogger - INFO - Saved expectations to premier-league-app/app_data/expectations/exp_prem_results_20231124.json
2023-11-24 18:21:06,255 - PremierLeagueLogger - INFO - Looking for latest expectations file
2023-11-24 18:21:07,359 - PremierLeagueLogger - INFO - Loading expectations from premier-league-app/app_data/expectations/exp_prem_results_20231124.json
2023-11-24 18:21:09,423 - PremierLeagueLogger - INFO - Loaded expectations from premier-league-app/app_data/expectations/exp_prem_results_20231124.json
2023-11-24 18:21:10,506 - PremierLeagueLogger - INFO - Loading data from premier-league-app/app_data/training_data_full.csv
2023-11-24 18:21:13,076 - PremierLeagueLogger - INFO - Successfully loaded data from premier-league-app/app_data/training_data_full.csv
2023-11-24 18:21:14,096 - PremierLeagueLogger - INFO - Trying to read data from https://www.football-data.co.uk/mmz4281/2324/E0.csv
2023-11-24 18:21:16,369 - PremierLeagueLogger - INFO - Savng data to premier-league-app/app_data/training_data_full.csv
2023-11-24 18:21:22,257 - PremierLeagueLogger - INFO - Data saved at app_data/training_data_full.csv
2023-11-24 18:21:23,594 - PremierLeagueLogger - INFO - {'evaluated_expectations': 18, 'successful_expectations': 18, 'unsuccessful_expectations': 0, 'success_percent': 100.0}
2023-11-24 18:21:24,564 - PremierLeagueLogger - INFO - Saving expectations to premier-league-app/app_data/expectations/valid_results_20231124.json
2023-11-24 18:21:26,588 - PremierLeagueLogger - INFO - Saved expectations to premier-league-app/app_data/expectations/valid_results_20231124.json
2023-11-24 18:21:27,623 - PremierLeagueLogger - INFO - Loading data from premier-league-app/app_data/historical_pl_data.csv
2023-11-24 18:21:29,948 - PremierLeagueLogger - INFO - Successfully loaded data from premier-league-app/app_data/historical_pl_data.csv
2023-11-24 18:21:31,852 - PremierLeagueLogger - INFO - Saving drift report to premier-league-app/app_data/data_drift_reports/drift_report_20231124.html
2023-11-24 18:21:35,625 - PremierLeagueLogger - INFO - Saved drift report to premier-league-app/app_data/data_drift_reports/drift_report_20231124.html
2023-11-24 18:21:36,818 - PremierLeagueLogger - INFO - Loading data from premier-league-app/app_data/training_data_full.csv
2023-11-24 18:21:40,503 - PremierLeagueLogger - INFO - Successfully loaded data from premier-league-app/app_data/training_data_full.csv
2023-11-24 18:21:41,602 - PremierLeagueLogger - INFO - Fitting Transformer
2023-11-24 18:21:42,706 - PremierLeagueLogger - INFO - Fitting Transformer
2023-11-24 18:22:07,320 - PremierLeagueLogger - INFO - Saving transformer to premier-league-app/app_data/transformers/transformer_v2_20231124.pkl
2023-11-24 18:22:09,206 - PremierLeagueLogger - INFO - Transformer saved to premier-league-app/app_data/transformers/transformer_v2_20231124.pkl
2023-11-24 18:22:10,334 - PremierLeagueLogger - INFO - Transforming Data
2023-11-24 18:22:11,639 - PremierLeagueLogger - INFO - Transforming Data
2023-11-24 18:22:36,205 - PremierLeagueLogger - INFO - Splitting Data
2023-11-24 18:22:37,354 - PremierLeagueLogger - INFO - Optimising Hyperparameters
2023-11-24 18:22:38,442 - PremierLeagueLogger - INFO - Entering fmin
2023-11-24 18:22:39,423 - PremierLeagueLogger - INFO - CatBoost initialized
2023-11-24 18:22:40,378 - PremierLeagueLogger - INFO - Fitting model
2023-11-24 18:22:42,582 - PremierLeagueLogger - INFO - Loss: -0.5046457607433217
2023-11-24 18:22:44,396 - PremierLeagueLogger - INFO - CatBoost initialized
2023-11-24 18:22:45,710 - PremierLeagueLogger - INFO - Fitting model
2023-11-24 18:22:47,763 - PremierLeagueLogger - INFO - Loss: -0.5017421602787456
2023-11-24 18:22:48,844 - PremierLeagueLogger - INFO - CatBoost initialized
2023-11-24 18:22:49,909 - PremierLeagueLogger - INFO - Fitting model
2023-11-24 18:22:52,703 - PremierLeagueLogger - INFO - Loss: -0.5034843205574913
2023-11-24 18:22:53,860 - PremierLeagueLogger - INFO - CatBoost initialized
2023-11-24 18:22:54,920 - PremierLeagueLogger - INFO - Fitting model
2023-11-24 18:22:57,200 - PremierLeagueLogger - INFO - Loss: -0.5052264808362369
2023-11-24 18:22:58,123 - PremierLeagueLogger - INFO - CatBoost initialized
2023-11-24 18:22:59,101 - PremierLeagueLogger - INFO - Fitting model
2023-11-24 18:23:01,769 - PremierLeagueLogger - INFO - Loss: -0.508130081300813
2023-11-24 18:23:03,096 - PremierLeagueLogger - INFO - CatBoost initialized
2023-11-24 18:23:04,171 - PremierLeagueLogger - INFO - Fitting model
2023-11-24 18:23:09,069 - PremierLeagueLogger - INFO - Loss: -0.5133565621370499
2023-11-24 18:23:10,210 - PremierLeagueLogger - INFO - CatBoost initialized
2023-11-24 18:23:11,386 - PremierLeagueLogger - INFO - Fitting model
2023-11-24 18:23:14,283 - PremierLeagueLogger - INFO - Loss: -0.5110336817653891
2023-11-24 18:23:15,576 - PremierLeagueLogger - INFO - CatBoost initialized
2023-11-24 18:23:16,795 - PremierLeagueLogger - INFO - Fitting model
2023-11-24 18:23:23,908 - PremierLeagueLogger - INFO - Loss: -0.5110336817653891
2023-11-24 18:23:25,117 - PremierLeagueLogger - INFO - CatBoost initialized
2023-11-24 18:23:26,339 - PremierLeagueLogger - INFO - Fitting model
2023-11-24 18:23:29,945 - PremierLeagueLogger - INFO - Loss: -0.5069686411149826
2023-11-24 18:23:31,135 - PremierLeagueLogger - INFO - CatBoost initialized
2023-11-24 18:23:32,344 - PremierLeagueLogger - INFO - Fitting model
2023-11-24 18:23:34,751 - PremierLeagueLogger - INFO - Loss: -0.5017421602787456
2023-11-24 18:23:35,682 - PremierLeagueLogger - INFO - CatBoost initialized
2023-11-24 18:23:36,909 - PremierLeagueLogger - INFO - Fitting model
2023-11-24 18:23:38,643 - PremierLeagueLogger - INFO - Loss: -0.5034843205574913
2023-11-24 18:23:39,839 - PremierLeagueLogger - INFO - CatBoost initialized
2023-11-24 18:23:40,842 - PremierLeagueLogger - INFO - Fitting model
2023-11-24 18:23:44,690 - PremierLeagueLogger - INFO - Loss: -0.5104529616724739
2023-11-24 18:23:46,228 - PremierLeagueLogger - INFO - CatBoost initialized
2023-11-24 18:23:47,135 - PremierLeagueLogger - INFO - Fitting model
2023-11-24 18:23:51,655 - PremierLeagueLogger - INFO - Loss: -0.5133565621370499
2023-11-24 18:23:52,932 - PremierLeagueLogger - INFO - CatBoost initialized
2023-11-24 18:23:54,113 - PremierLeagueLogger - INFO - Fitting model
2023-11-24 18:23:57,922 - PremierLeagueLogger - INFO - Loss: -0.5185830429732868
2023-11-24 18:23:59,273 - PremierLeagueLogger - INFO - CatBoost initialized
2023-11-24 18:24:01,646 - PremierLeagueLogger - INFO - Fitting model
2023-11-24 18:24:03,436 - PremierLeagueLogger - INFO - Loss: -0.5023228803716608
2023-11-24 18:24:04,618 - PremierLeagueLogger - INFO - CatBoost initialized
2023-11-24 18:24:05,833 - PremierLeagueLogger - INFO - Fitting model
2023-11-24 18:24:08,499 - PremierLeagueLogger - INFO - Loss: -0.5017421602787456
2023-11-24 18:24:09,937 - PremierLeagueLogger - INFO - CatBoost initialized
2023-11-24 18:24:11,194 - PremierLeagueLogger - INFO - Fitting model
2023-11-24 18:24:14,810 - PremierLeagueLogger - INFO - Loss: -0.5104529616724739
2023-11-24 18:24:16,191 - PremierLeagueLogger - INFO - CatBoost initialized
2023-11-24 18:24:17,419 - PremierLeagueLogger - INFO - Fitting model
2023-11-24 18:24:19,649 - PremierLeagueLogger - INFO - Loss: -0.5046457607433217
2023-11-24 18:24:20,555 - PremierLeagueLogger - INFO - CatBoost initialized
2023-11-24 18:24:21,474 - PremierLeagueLogger - INFO - Fitting model
2023-11-24 18:24:26,339 - PremierLeagueLogger - INFO - Loss: -0.5121951219512195
2023-11-24 18:24:27,819 - PremierLeagueLogger - INFO - CatBoost initialized
2023-11-24 18:24:29,044 - PremierLeagueLogger - INFO - Fitting model
2023-11-24 18:24:31,676 - PremierLeagueLogger - INFO - Loss: -0.5156794425087108
2023-11-24 18:24:32,800 - PremierLeagueLogger - INFO - Grabbing instance status of premier-league-logging
2023-11-24 18:24:35,813 - PremierLeagueLogger - INFO - Starting RDS instance 'premier-league-logging'
2023-11-24 18:24:37,965 - PremierLeagueLogger - INFO - Current status of RDS instance 'premier-league-logging': starting
2023-11-24 18:26:40,002 - PremierLeagueLogger - INFO - Current status of RDS instance 'premier-league-logging': starting
2023-11-24 18:28:42,261 - PremierLeagueLogger - INFO - Current status of RDS instance 'premier-league-logging': starting
2023-11-24 18:30:44,300 - PremierLeagueLogger - INFO - Current status of RDS instance 'premier-league-logging': available
2023-11-24 18:30:45,578 - PremierLeagueLogger - INFO - RDS instance 'premier-league-logging' reached status 'available'.
2023-11-24 18:30:52,945 - PremierLeagueLogger - INFO - Training Model
2023-11-24 18:31:03,428 - PremierLeagueLogger - INFO - Logging parameters to MLFlow
2023-11-24 18:31:16,070 - PremierLeagueLogger - INFO - Saving transformer to premier-league-app/app_data/models/classifier_v2_20231124.pkl
2023-11-24 18:31:25,783 - PremierLeagueLogger - INFO - Transformer saved to premier-league-app/app_data/models/classifier_v2_20231124.pkl
2023-11-24 18:31:26,805 - PremierLeagueLogger - INFO - Making Predictions
2023-11-24 18:31:27,809 - PremierLeagueLogger - INFO - Evaluating result model
2023-11-24 18:31:33,009 - PremierLeagueLogger - INFO - logging evaluation metrics to mlflow
2023-11-24 18:31:38,391 - PremierLeagueLogger - INFO - Making Predictions
2023-11-24 18:31:39,430 - PremierLeagueLogger - INFO - Savng data to premier-league-app/app_data/transformed_data_cc.csv
2023-11-24 18:31:48,896 - PremierLeagueLogger - INFO - Splitting Data
2023-11-24 18:31:50,311 - PremierLeagueLogger - INFO - Optimising Hyperparameters
2023-11-24 18:31:51,638 - PremierLeagueLogger - INFO - Entering fmin
2023-11-24 18:31:52,965 - PremierLeagueLogger - INFO - CatBoost initialized
2023-11-24 18:31:54,365 - PremierLeagueLogger - INFO - Fitting model
2023-11-24 18:31:55,924 - PremierLeagueLogger - INFO - Loss: 1.5572706094505724
2023-11-24 18:31:56,859 - PremierLeagueLogger - INFO - CatBoost initialized
2023-11-24 18:31:57,788 - PremierLeagueLogger - INFO - Fitting model
2023-11-24 18:31:58,918 - PremierLeagueLogger - INFO - Loss: 1.5592859443126434
2023-11-24 18:32:00,384 - PremierLeagueLogger - INFO - CatBoost initialized
2023-11-24 18:32:01,750 - PremierLeagueLogger - INFO - Fitting model
2023-11-24 18:32:02,838 - PremierLeagueLogger - INFO - Loss: 1.5511205857457087
2023-11-24 18:32:04,047 - PremierLeagueLogger - INFO - CatBoost initialized
2023-11-24 18:32:05,491 - PremierLeagueLogger - INFO - Fitting model
2023-11-24 18:32:07,122 - PremierLeagueLogger - INFO - Loss: 1.5554386056683798
2023-11-24 18:32:08,065 - PremierLeagueLogger - INFO - CatBoost initialized
2023-11-24 18:32:09,004 - PremierLeagueLogger - INFO - Fitting model
2023-11-24 18:32:11,465 - PremierLeagueLogger - INFO - Loss: 1.5564760764290686
2023-11-24 18:32:12,902 - PremierLeagueLogger - INFO - CatBoost initialized
2023-11-24 18:32:14,306 - PremierLeagueLogger - INFO - Fitting model
2023-11-24 18:32:17,146 - PremierLeagueLogger - INFO - Loss: 1.560092564646315
2023-11-24 18:32:18,548 - PremierLeagueLogger - INFO - CatBoost initialized
2023-11-24 18:32:19,884 - PremierLeagueLogger - INFO - Fitting model
2023-11-24 18:32:23,209 - PremierLeagueLogger - INFO - Loss: 1.569022469885311
2023-11-24 18:32:24,595 - PremierLeagueLogger - INFO - CatBoost initialized
2023-11-24 18:32:25,971 - PremierLeagueLogger - INFO - Fitting model
2023-11-24 18:32:27,898 - PremierLeagueLogger - INFO - Loss: 1.5575606333082683
2023-11-24 18:32:29,267 - PremierLeagueLogger - INFO - CatBoost initialized
2023-11-24 18:32:30,943 - PremierLeagueLogger - INFO - Fitting model
2023-11-24 18:32:32,635 - PremierLeagueLogger - INFO - Loss: 1.5833877936182807
2023-11-24 18:32:33,990 - PremierLeagueLogger - INFO - CatBoost initialized
2023-11-24 18:32:34,973 - PremierLeagueLogger - INFO - Fitting model
2023-11-24 18:32:36,956 - PremierLeagueLogger - INFO - Loss: 1.5546963408099643
2023-11-24 18:32:38,464 - PremierLeagueLogger - INFO - CatBoost initialized
2023-11-24 18:32:39,833 - PremierLeagueLogger - INFO - Fitting model
2023-11-24 18:32:41,882 - PremierLeagueLogger - INFO - Loss: 1.5506710348847694
2023-11-24 18:32:43,225 - PremierLeagueLogger - INFO - CatBoost initialized
2023-11-24 18:32:44,861 - PremierLeagueLogger - INFO - Fitting model
2023-11-24 18:32:46,361 - PremierLeagueLogger - INFO - Loss: 1.5580578755418093
2023-11-24 18:32:47,776 - PremierLeagueLogger - INFO - CatBoost initialized
2023-11-24 18:32:48,731 - PremierLeagueLogger - INFO - Fitting model
2023-11-24 18:32:50,649 - PremierLeagueLogger - INFO - Loss: 1.5445792498569093
2023-11-24 18:32:52,022 - PremierLeagueLogger - INFO - CatBoost initialized
2023-11-24 18:32:53,426 - PremierLeagueLogger - INFO - Fitting model
2023-11-24 18:32:55,712 - PremierLeagueLogger - INFO - Loss: 1.569022469885311
2023-11-24 18:32:57,018 - PremierLeagueLogger - INFO - CatBoost initialized
2023-11-24 18:32:57,916 - PremierLeagueLogger - INFO - Fitting model
2023-11-24 18:32:59,174 - PremierLeagueLogger - INFO - Loss: 1.5575606333082683
2023-11-24 18:33:01,030 - PremierLeagueLogger - INFO - CatBoost initialized
2023-11-24 18:33:02,002 - PremierLeagueLogger - INFO - Fitting model
2023-11-24 18:33:03,824 - PremierLeagueLogger - INFO - Loss: 1.5680937607888563
2023-11-24 18:33:04,753 - PremierLeagueLogger - INFO - CatBoost initialized
2023-11-24 18:33:05,716 - PremierLeagueLogger - INFO - Fitting model
2023-11-24 18:33:07,498 - PremierLeagueLogger - INFO - Loss: 1.6153947130087847
2023-11-24 18:33:08,949 - PremierLeagueLogger - INFO - CatBoost initialized
2023-11-24 18:33:09,938 - PremierLeagueLogger - INFO - Fitting model
2023-11-24 18:33:11,061 - PremierLeagueLogger - INFO - Loss: 1.5520439021859291
2023-11-24 18:33:12,469 - PremierLeagueLogger - INFO - CatBoost initialized
2023-11-24 18:33:13,566 - PremierLeagueLogger - INFO - Fitting model
2023-11-24 18:33:14,808 - PremierLeagueLogger - INFO - Loss: 1.5508700660296237
2023-11-24 18:33:16,867 - PremierLeagueLogger - INFO - CatBoost initialized
2023-11-24 18:33:18,282 - PremierLeagueLogger - INFO - Fitting model
2023-11-24 18:33:19,942 - PremierLeagueLogger - INFO - Loss: 1.5697559527383462
2023-11-24 18:33:21,355 - PremierLeagueLogger - INFO - Training Model
2023-11-24 18:33:28,724 - PremierLeagueLogger - INFO - Logging parameters to MLFlow
2023-11-24 18:33:39,446 - PremierLeagueLogger - INFO - Saving transformer to premier-league-app/app_data/models/home_regress_model_v2_20231124.pkl
2023-11-24 18:33:51,732 - PremierLeagueLogger - INFO - Transformer saved to premier-league-app/app_data/models/home_regress_model_v2_20231124.pkl
2023-11-24 18:33:53,314 - PremierLeagueLogger - INFO - Optimising Hyperparameters
2023-11-24 18:33:54,824 - PremierLeagueLogger - INFO - Entering fmin
2023-11-24 18:33:56,641 - PremierLeagueLogger - INFO - CatBoost initialized
2023-11-24 18:33:57,697 - PremierLeagueLogger - INFO - Fitting model
2023-11-24 18:34:00,368 - PremierLeagueLogger - INFO - Loss: 1.1232299941507438
2023-11-24 18:34:01,949 - PremierLeagueLogger - INFO - CatBoost initialized
2023-11-24 18:34:03,462 - PremierLeagueLogger - INFO - Fitting model
2023-11-24 18:34:05,293 - PremierLeagueLogger - INFO - Loss: 1.1243812787646863
2023-11-24 18:34:07,067 - PremierLeagueLogger - INFO - CatBoost initialized
2023-11-24 18:34:08,186 - PremierLeagueLogger - INFO - Fitting model
2023-11-24 18:34:09,590 - PremierLeagueLogger - INFO - Loss: 1.1224397361730047
2023-11-24 18:34:10,558 - PremierLeagueLogger - INFO - CatBoost initialized
2023-11-24 18:34:11,676 - PremierLeagueLogger - INFO - Fitting model
2023-11-24 18:34:13,628 - PremierLeagueLogger - INFO - Loss: 1.128161350139847
2023-11-24 18:34:15,376 - PremierLeagueLogger - INFO - CatBoost initialized
2023-11-24 18:34:17,110 - PremierLeagueLogger - INFO - Fitting model
2023-11-24 18:34:18,661 - PremierLeagueLogger - INFO - Loss: 1.122721295004885
2023-11-24 18:34:20,123 - PremierLeagueLogger - INFO - CatBoost initialized
2023-11-24 18:34:21,239 - PremierLeagueLogger - INFO - Fitting model
2023-11-24 18:34:22,947 - PremierLeagueLogger - INFO - Loss: 1.1231885050448982
2023-11-24 18:34:24,012 - PremierLeagueLogger - INFO - CatBoost initialized
2023-11-24 18:34:25,085 - PremierLeagueLogger - INFO - Fitting model
2023-11-24 18:34:26,280 - PremierLeagueLogger - INFO - Loss: 1.1243812787646863
2023-11-24 18:34:27,547 - PremierLeagueLogger - INFO - CatBoost initialized
2023-11-24 18:34:29,038 - PremierLeagueLogger - INFO - Fitting model
2023-11-24 18:34:32,578 - PremierLeagueLogger - INFO - Loss: 1.1210216319296966
2023-11-24 18:34:34,072 - PremierLeagueLogger - INFO - CatBoost initialized
2023-11-24 18:34:35,858 - PremierLeagueLogger - INFO - Fitting model
2023-11-24 18:34:38,674 - PremierLeagueLogger - INFO - Loss: 1.1230926048116523
2023-11-24 18:34:40,221 - PremierLeagueLogger - INFO - CatBoost initialized
2023-11-24 18:34:42,159 - PremierLeagueLogger - INFO - Fitting model
2023-11-24 18:34:44,097 - PremierLeagueLogger - INFO - Loss: 1.1227457230914084
2023-11-24 18:34:45,146 - PremierLeagueLogger - INFO - CatBoost initialized
2023-11-24 18:34:46,954 - PremierLeagueLogger - INFO - Fitting model
2023-11-24 18:34:48,918 - PremierLeagueLogger - INFO - Loss: 1.1228013744948642
2023-11-24 18:34:50,362 - PremierLeagueLogger - INFO - CatBoost initialized
2023-11-24 18:34:51,816 - PremierLeagueLogger - INFO - Fitting model
2023-11-24 18:34:53,454 - PremierLeagueLogger - INFO - Loss: 1.1214332115377035
2023-11-24 18:34:54,847 - PremierLeagueLogger - INFO - CatBoost initialized
2023-11-24 18:34:56,326 - PremierLeagueLogger - INFO - Fitting model
2023-11-24 18:34:58,138 - PremierLeagueLogger - INFO - Loss: 1.1196656647288152
2023-11-24 18:34:59,386 - PremierLeagueLogger - INFO - CatBoost initialized
2023-11-24 18:35:01,050 - PremierLeagueLogger - INFO - Fitting model
2023-11-24 18:35:02,671 - PremierLeagueLogger - INFO - Loss: 1.1238511192863265
2023-11-24 18:35:04,171 - PremierLeagueLogger - INFO - CatBoost initialized
2023-11-24 18:35:06,622 - PremierLeagueLogger - INFO - Fitting model
2023-11-24 18:35:09,216 - PremierLeagueLogger - INFO - Loss: 1.1240378380843985
2023-11-24 18:35:11,474 - PremierLeagueLogger - INFO - CatBoost initialized
2023-11-24 18:35:12,562 - PremierLeagueLogger - INFO - Fitting model
2023-11-24 18:35:16,580 - PremierLeagueLogger - INFO - Loss: 1.1225363889782787
2023-11-24 18:35:17,722 - PremierLeagueLogger - INFO - CatBoost initialized
2023-11-24 18:35:19,216 - PremierLeagueLogger - INFO - Fitting model
2023-11-24 18:35:21,343 - PremierLeagueLogger - INFO - Loss: 1.1245469708807068
2023-11-24 18:35:22,936 - PremierLeagueLogger - INFO - CatBoost initialized
2023-11-24 18:35:24,754 - PremierLeagueLogger - INFO - Fitting model
2023-11-24 18:35:27,001 - PremierLeagueLogger - INFO - Loss: 1.1258586341901509
2023-11-24 18:35:28,848 - PremierLeagueLogger - INFO - CatBoost initialized
2023-11-24 18:35:30,356 - PremierLeagueLogger - INFO - Fitting model
2023-11-24 18:35:32,495 - PremierLeagueLogger - INFO - Loss: 1.125889627761234
2023-11-24 18:35:34,510 - PremierLeagueLogger - INFO - CatBoost initialized
2023-11-24 18:35:36,481 - PremierLeagueLogger - INFO - Fitting model
2023-11-24 18:35:38,433 - PremierLeagueLogger - INFO - Loss: 1.1238402443365738
2023-11-24 18:35:40,136 - PremierLeagueLogger - INFO - Training Model
2023-11-24 18:35:46,448 - PremierLeagueLogger - INFO - Logging parameters to MLFlow
2023-11-24 18:35:57,208 - PremierLeagueLogger - INFO - Saving transformer to premier-league-app/app_data/models/away_regress_model_v2_20231124.pkl
2023-11-24 18:36:06,163 - PremierLeagueLogger - INFO - Transformer saved to premier-league-app/app_data/models/away_regress_model_v2_20231124.pkl
2023-11-24 18:36:08,265 - PremierLeagueLogger - INFO - Making Predictions
2023-11-24 18:36:10,211 - PremierLeagueLogger - INFO - Evaluating home model
2023-11-24 18:36:15,370 - PremierLeagueLogger - INFO - logging evaluation metrics to mlflow
2023-11-24 18:36:21,198 - PremierLeagueLogger - INFO - Making Predictions
2023-11-24 18:36:23,264 - PremierLeagueLogger - INFO - Evaluating away model
2023-11-24 18:36:28,851 - PremierLeagueLogger - INFO - logging evaluation metrics to mlflow
2023-11-24 18:36:35,475 - PremierLeagueLogger - INFO - Stopping RDS instance 'premier-league-logging'
