2023-11-30 07:08:01,378 - PremierLeagueLogger - INFO - Grabbing Passwords
2023-11-30 07:09:27,885 - PremierLeagueLogger - INFO - Grabbing Passwords
2023-11-30 07:10:33,993 - PremierLeagueLogger - INFO - Grabbing Passwords
2023-11-30 07:10:39,451 - PremierLeagueLogger - INFO - Saving drift report to premier-league-app/Mock Object Name
2023-11-30 07:10:41,347 - PremierLeagueLogger - INFO - Saved drift report to premier-league-app/Mock Object Name
2023-11-30 07:10:42,959 - PremierLeagueLogger - INFO - Saving drift report to premier-league-app/Mock Object Name
2023-11-30 07:10:44,927 - PremierLeagueLogger - INFO - Saved drift report to premier-league-app/Mock Object Name
2023-11-30 07:10:46,187 - PremierLeagueLogger - INFO - Attempting to read from https://fixturedownload.com/download/epl-2021-UTC.csv
2023-11-30 07:10:47,673 - PremierLeagueLogger - INFO - Attempting to read from https://fixturedownload.com/download/epl-2022-UTC.csv
2023-11-30 07:10:48,833 - PremierLeagueLogger - ERROR - No data found at https://fixturedownload.com/download/epl-2022-UTC.csv
2023-11-30 07:10:50,042 - PremierLeagueLogger - ERROR - Error generating presigned URL: Test Exception
2023-11-30 07:10:51,384 - PremierLeagueLogger - INFO - Evaluating invalid model
2023-11-30 07:10:52,550 - PremierLeagueLogger - INFO - Adding min/max expecations to column int_col
2023-11-30 07:10:53,701 - PremierLeagueLogger - INFO - Adding categorical expecations to column str_col
2023-11-30 07:10:54,875 - PremierLeagueLogger - INFO - Adding missing expectations to column str_col
2023-11-30 07:10:56,006 - PremierLeagueLogger - INFO - Adding categorical expecations to column str_col
2023-11-30 07:10:57,129 - PremierLeagueLogger - INFO - Adding missing expectations to column int_col
2023-11-30 07:10:58,264 - PremierLeagueLogger - INFO - Adding min/max expecations to column int_col
2023-11-30 07:10:59,391 - PremierLeagueLogger - INFO - Adding missing expectations to column miss_col
2023-11-30 07:11:00,530 - PremierLeagueLogger - INFO - Adding min/max expecations to column miss_col
2023-11-30 07:11:01,735 - PremierLeagueLogger - INFO - Adding categorical expecations to column str_col
2023-11-30 07:11:02,898 - PremierLeagueLogger - INFO - Data GE object type: <class 'great_expectations.dataset.pandas_dataset.PandasDataset'>
2023-11-30 07:11:04,051 - PremierLeagueLogger - INFO - Adding categorical expecations to column str_col
2023-11-30 07:11:05,409 - PremierLeagueLogger - INFO - Total Expectations: 1
2023-11-30 07:11:06,552 - PremierLeagueLogger - INFO - Counts:
2023-11-30 07:11:07,703 - PremierLeagueLogger - INFO - expect_column_values_to_be_in_set: 1
2023-11-30 07:11:08,852 - PremierLeagueLogger - INFO - expect_column_values_to_be_in_set: 1
2023-11-30 07:11:10,040 - PremierLeagueLogger - INFO - Grabbing instance status of test-instance
2023-11-30 07:11:11,203 - PremierLeagueLogger - ERROR - No RDS instance found with identifier test-instance.
2023-11-30 07:11:12,383 - PremierLeagueLogger - INFO - Grabbing instance status of test-instance
2023-11-30 07:11:13,534 - PremierLeagueLogger - ERROR - Error retrieving RDS instance status: An error occurred (SomeError) when calling the DescribeDBInstances operation: Error message
2023-11-30 07:11:14,755 - PremierLeagueLogger - INFO - Fitting Transformer
2023-11-30 07:11:15,950 - PremierLeagueLogger - INFO - Fitting Transformer
2023-11-30 07:11:17,337 - PremierLeagueLogger - INFO - Transforming Data
2023-11-30 07:11:18,698 - PremierLeagueLogger - INFO - Loading data from some-bucket/some/file/path.csv
2023-11-30 07:11:19,907 - PremierLeagueLogger - INFO - Successfully loaded data from some-bucket/some/file/path.csv
2023-11-30 07:12:40,984 - PremierLeagueLogger - INFO - Grabbing Passwords
2023-11-30 07:12:46,102 - PremierLeagueLogger - INFO - Saving drift report to premier-league-app/Mock Object Name
2023-11-30 07:12:47,981 - PremierLeagueLogger - INFO - Saved drift report to premier-league-app/Mock Object Name
2023-11-30 07:12:49,339 - PremierLeagueLogger - INFO - Saving drift report to premier-league-app/Mock Object Name
2023-11-30 07:12:51,224 - PremierLeagueLogger - INFO - Saved drift report to premier-league-app/Mock Object Name
2023-11-30 07:12:52,416 - PremierLeagueLogger - INFO - Attempting to read from https://fixturedownload.com/download/epl-2021-UTC.csv
2023-11-30 07:12:53,551 - PremierLeagueLogger - INFO - Attempting to read from https://fixturedownload.com/download/epl-2022-UTC.csv
2023-11-30 07:12:54,701 - PremierLeagueLogger - ERROR - No data found at https://fixturedownload.com/download/epl-2022-UTC.csv
2023-11-30 07:12:55,902 - PremierLeagueLogger - ERROR - Error generating presigned URL: Test Exception
2023-11-30 07:12:57,207 - PremierLeagueLogger - INFO - Evaluating invalid model
2023-11-30 07:12:58,398 - PremierLeagueLogger - INFO - Adding min/max expecations to column int_col
2023-11-30 07:12:59,555 - PremierLeagueLogger - INFO - Adding categorical expecations to column str_col
2023-11-30 07:13:00,695 - PremierLeagueLogger - INFO - Adding missing expectations to column str_col
2023-11-30 07:13:01,839 - PremierLeagueLogger - INFO - Adding categorical expecations to column str_col
2023-11-30 07:13:02,999 - PremierLeagueLogger - INFO - Adding missing expectations to column int_col
2023-11-30 07:13:04,144 - PremierLeagueLogger - INFO - Adding min/max expecations to column int_col
2023-11-30 07:13:05,310 - PremierLeagueLogger - INFO - Adding missing expectations to column miss_col
2023-11-30 07:13:06,468 - PremierLeagueLogger - INFO - Adding min/max expecations to column miss_col
2023-11-30 07:13:07,681 - PremierLeagueLogger - INFO - Adding categorical expecations to column str_col
2023-11-30 07:13:08,834 - PremierLeagueLogger - INFO - Data GE object type: <class 'great_expectations.dataset.pandas_dataset.PandasDataset'>
2023-11-30 07:13:10,025 - PremierLeagueLogger - INFO - Adding categorical expecations to column str_col
2023-11-30 07:13:11,195 - PremierLeagueLogger - INFO - Total Expectations: 1
2023-11-30 07:13:12,516 - PremierLeagueLogger - INFO - Counts:
2023-11-30 07:13:13,733 - PremierLeagueLogger - INFO - expect_column_values_to_be_in_set: 1
2023-11-30 07:13:14,891 - PremierLeagueLogger - INFO - expect_column_values_to_be_in_set: 1
2023-11-30 07:13:16,135 - PremierLeagueLogger - INFO - Grabbing instance status of test-instance
2023-11-30 07:13:17,302 - PremierLeagueLogger - ERROR - No RDS instance found with identifier test-instance.
2023-11-30 07:13:18,507 - PremierLeagueLogger - INFO - Grabbing instance status of test-instance
2023-11-30 07:13:20,007 - PremierLeagueLogger - ERROR - Error retrieving RDS instance status: An error occurred (SomeError) when calling the DescribeDBInstances operation: Error message
2023-11-30 07:13:21,546 - PremierLeagueLogger - INFO - Fitting Transformer
2023-11-30 07:13:22,772 - PremierLeagueLogger - INFO - Fitting Transformer
2023-11-30 07:13:23,934 - PremierLeagueLogger - INFO - Transforming Data
2023-11-30 07:13:25,259 - PremierLeagueLogger - INFO - Loading data from some-bucket/some/file/path.csv
2023-11-30 07:13:26,437 - PremierLeagueLogger - INFO - Successfully loaded data from some-bucket/some/file/path.csv
2023-11-30 07:45:59,799 - PremierLeagueLogger - INFO - Grabbing Passwords
2023-11-30 07:46:05,982 - PremierLeagueLogger - INFO - Loading data from premier-league-app/app_data/training_data_full.csv
2023-11-30 07:46:08,884 - PremierLeagueLogger - INFO - Successfully loaded data from premier-league-app/app_data/training_data_full.csv
2023-11-30 07:46:10,115 - PremierLeagueLogger - INFO - Total Expectations: 18
2023-11-30 07:46:11,256 - PremierLeagueLogger - INFO - Counts:
2023-11-30 07:46:12,403 - PremierLeagueLogger - INFO - expect_column_values_to_be_null: 7
2023-11-30 07:46:13,546 - PremierLeagueLogger - INFO - expect_column_values_to_be_null: 7
2023-11-30 07:46:14,712 - PremierLeagueLogger - INFO - expect_column_values_to_be_of_type: 7
2023-11-30 07:46:15,865 - PremierLeagueLogger - INFO - expect_column_values_to_be_of_type: 7
2023-11-30 07:46:17,023 - PremierLeagueLogger - INFO - expect_column_values_to_be_between: 2
2023-11-30 07:46:18,197 - PremierLeagueLogger - INFO - expect_column_values_to_be_between: 2
2023-11-30 07:46:19,368 - PremierLeagueLogger - INFO - expect_column_values_to_be_in_set: 1
2023-11-30 07:46:20,508 - PremierLeagueLogger - INFO - expect_column_values_to_be_in_set: 1
2023-11-30 07:46:21,711 - PremierLeagueLogger - INFO - expect_table_columns_to_match_set: 1
2023-11-30 07:46:22,881 - PremierLeagueLogger - INFO - expect_table_columns_to_match_set: 1
2023-11-30 07:46:24,080 - PremierLeagueLogger - INFO - Saving expectations to premier-league-app/app_data/expectations/exp_prem_results_20231130.json
2023-11-30 07:46:26,259 - PremierLeagueLogger - INFO - Saved expectations to premier-league-app/app_data/expectations/exp_prem_results_20231130.json
2023-11-30 07:46:28,487 - PremierLeagueLogger - INFO - Looking for latest expectations file
2023-11-30 07:46:29,739 - PremierLeagueLogger - INFO - Loading expectations from premier-league-app/app_data/expectations/exp_prem_results_20231130.json
2023-11-30 07:46:31,629 - PremierLeagueLogger - INFO - Loaded expectations from premier-league-app/app_data/expectations/exp_prem_results_20231130.json
2023-11-30 07:46:32,903 - PremierLeagueLogger - INFO - Loading data from premier-league-app/app_data/training_data_full.csv
2023-11-30 07:46:35,609 - PremierLeagueLogger - INFO - Successfully loaded data from premier-league-app/app_data/training_data_full.csv
2023-11-30 07:46:36,838 - PremierLeagueLogger - INFO - Trying to read data from https://www.football-data.co.uk/mmz4281/2324/E0.csv
2023-11-30 07:46:39,582 - PremierLeagueLogger - INFO - Savng data to premier-league-app/app_data/training_data_full.csv
2023-11-30 07:46:42,636 - PremierLeagueLogger - INFO - Data saved at app_data/training_data_full.csv
2023-11-30 07:46:43,928 - PremierLeagueLogger - INFO - {'evaluated_expectations': 18, 'successful_expectations': 18, 'unsuccessful_expectations': 0, 'success_percent': 100.0}
2023-11-30 07:46:45,124 - PremierLeagueLogger - INFO - Saving expectations to premier-league-app/app_data/expectations/valid_results_20231130.json
2023-11-30 07:46:47,358 - PremierLeagueLogger - INFO - Saved expectations to premier-league-app/app_data/expectations/valid_results_20231130.json
2023-11-30 07:46:48,651 - PremierLeagueLogger - INFO - Loading data from premier-league-app/app_data/historical_pl_data.csv
2023-11-30 07:46:51,541 - PremierLeagueLogger - INFO - Successfully loaded data from premier-league-app/app_data/historical_pl_data.csv
2023-11-30 07:46:53,986 - PremierLeagueLogger - INFO - Saving drift report to premier-league-app/app_data/data_drift_reports/drift_report_20231130.html
2023-11-30 07:46:58,589 - PremierLeagueLogger - INFO - Saved drift report to premier-league-app/app_data/data_drift_reports/drift_report_20231130.html
2023-11-30 07:46:59,922 - PremierLeagueLogger - INFO - Loading data from premier-league-app/app_data/training_data_full.csv
2023-11-30 07:47:02,642 - PremierLeagueLogger - INFO - Successfully loaded data from premier-league-app/app_data/training_data_full.csv
2023-11-30 07:47:03,898 - PremierLeagueLogger - INFO - Fitting Transformer
2023-11-30 07:47:05,064 - PremierLeagueLogger - INFO - Fitting Transformer
2023-11-30 07:47:34,128 - PremierLeagueLogger - INFO - Saving transformer to premier-league-app/app_data/transformers/transformer_v2_20231130.pkl
2023-11-30 07:47:36,633 - PremierLeagueLogger - INFO - Transformer saved to premier-league-app/app_data/transformers/transformer_v2_20231130.pkl
2023-11-30 07:47:37,928 - PremierLeagueLogger - INFO - Transforming Data
2023-11-30 07:47:39,227 - PremierLeagueLogger - INFO - Transforming Data
2023-11-30 07:48:06,441 - PremierLeagueLogger - INFO - Splitting Data
2023-11-30 07:48:07,992 - PremierLeagueLogger - INFO - Optimising Hyperparameters
2023-11-30 07:48:09,258 - PremierLeagueLogger - INFO - Entering fmin
2023-11-30 07:48:10,559 - PremierLeagueLogger - INFO - CatBoost initialized
2023-11-30 07:48:11,800 - PremierLeagueLogger - INFO - Fitting model
2023-11-30 07:48:16,028 - PremierLeagueLogger - INFO - Loss: -0.5185614849187935
2023-11-30 07:48:17,626 - PremierLeagueLogger - INFO - CatBoost initialized
2023-11-30 07:48:18,803 - PremierLeagueLogger - INFO - Fitting model
2023-11-30 07:48:23,564 - PremierLeagueLogger - INFO - Loss: -0.5284222737819025
2023-11-30 07:48:24,985 - PremierLeagueLogger - INFO - CatBoost initialized
2023-11-30 07:48:26,214 - PremierLeagueLogger - INFO - Fitting model
2023-11-30 07:48:31,315 - PremierLeagueLogger - INFO - Loss: -0.5191415313225058
2023-11-30 07:48:32,499 - PremierLeagueLogger - INFO - CatBoost initialized
2023-11-30 07:48:33,691 - PremierLeagueLogger - INFO - Fitting model
2023-11-30 07:48:35,836 - PremierLeagueLogger - INFO - Loss: -0.521461716937355
2023-11-30 07:48:37,084 - PremierLeagueLogger - INFO - CatBoost initialized
2023-11-30 07:48:38,252 - PremierLeagueLogger - INFO - Fitting model
2023-11-30 07:48:40,787 - PremierLeagueLogger - INFO - Loss: -0.5197215777262181
2023-11-30 07:48:42,267 - PremierLeagueLogger - INFO - CatBoost initialized
2023-11-30 07:48:43,421 - PremierLeagueLogger - INFO - Fitting model
2023-11-30 07:48:45,764 - PremierLeagueLogger - INFO - Loss: -0.5226218097447796
2023-11-30 07:48:47,010 - PremierLeagueLogger - INFO - CatBoost initialized
2023-11-30 07:48:48,173 - PremierLeagueLogger - INFO - Fitting model
2023-11-30 07:48:49,825 - PremierLeagueLogger - INFO - Loss: -0.5220417633410673
2023-11-30 07:48:51,008 - PremierLeagueLogger - INFO - CatBoost initialized
2023-11-30 07:48:52,178 - PremierLeagueLogger - INFO - Fitting model
2023-11-30 07:48:58,016 - PremierLeagueLogger - INFO - Loss: -0.527262180974478
2023-11-30 07:48:59,413 - PremierLeagueLogger - INFO - CatBoost initialized
2023-11-30 07:49:00,586 - PremierLeagueLogger - INFO - Fitting model
2023-11-30 07:49:03,124 - PremierLeagueLogger - INFO - Loss: -0.5197215777262181
2023-11-30 07:49:04,308 - PremierLeagueLogger - INFO - CatBoost initialized
2023-11-30 07:49:05,501 - PremierLeagueLogger - INFO - Fitting model
2023-11-30 07:49:07,425 - PremierLeagueLogger - INFO - Loss: -0.5243619489559165
2023-11-30 07:49:08,614 - PremierLeagueLogger - INFO - CatBoost initialized
2023-11-30 07:49:09,818 - PremierLeagueLogger - INFO - Fitting model
2023-11-30 07:49:12,317 - PremierLeagueLogger - INFO - Loss: -0.5295823665893271
2023-11-30 07:49:13,513 - PremierLeagueLogger - INFO - CatBoost initialized
2023-11-30 07:49:14,873 - PremierLeagueLogger - INFO - Fitting model
2023-11-30 07:49:18,089 - PremierLeagueLogger - INFO - Loss: -0.5220417633410673
2023-11-30 07:49:19,342 - PremierLeagueLogger - INFO - CatBoost initialized
2023-11-30 07:49:20,535 - PremierLeagueLogger - INFO - Fitting model
2023-11-30 07:49:22,535 - PremierLeagueLogger - INFO - Loss: -0.5220417633410673
2023-11-30 07:49:23,727 - PremierLeagueLogger - INFO - CatBoost initialized
2023-11-30 07:49:24,909 - PremierLeagueLogger - INFO - Fitting model
2023-11-30 07:49:27,170 - PremierLeagueLogger - INFO - Loss: -0.5046403712296984
2023-11-30 07:49:28,364 - PremierLeagueLogger - INFO - CatBoost initialized
2023-11-30 07:49:29,565 - PremierLeagueLogger - INFO - Fitting model
2023-11-30 07:49:31,701 - PremierLeagueLogger - INFO - Loss: -0.5237819025522041
2023-11-30 07:49:32,957 - PremierLeagueLogger - INFO - CatBoost initialized
2023-11-30 07:49:34,186 - PremierLeagueLogger - INFO - Fitting model
2023-11-30 07:49:35,884 - PremierLeagueLogger - INFO - Loss: -0.5208816705336426
2023-11-30 07:49:37,074 - PremierLeagueLogger - INFO - CatBoost initialized
2023-11-30 07:49:38,278 - PremierLeagueLogger - INFO - Fitting model
2023-11-30 07:49:41,250 - PremierLeagueLogger - INFO - Loss: -0.527262180974478
2023-11-30 07:49:42,447 - PremierLeagueLogger - INFO - CatBoost initialized
2023-11-30 07:49:43,796 - PremierLeagueLogger - INFO - Fitting model
2023-11-30 07:49:46,264 - PremierLeagueLogger - INFO - Loss: -0.5290023201856149
2023-11-30 07:49:47,618 - PremierLeagueLogger - INFO - CatBoost initialized
2023-11-30 07:49:48,977 - PremierLeagueLogger - INFO - Fitting model
2023-11-30 07:49:51,937 - PremierLeagueLogger - INFO - Loss: -0.5174013921113689
2023-11-30 07:49:53,308 - PremierLeagueLogger - INFO - CatBoost initialized
2023-11-30 07:49:54,682 - PremierLeagueLogger - INFO - Fitting model
2023-11-30 07:49:56,916 - PremierLeagueLogger - INFO - Loss: -0.5220417633410673
2023-11-30 07:49:58,365 - PremierLeagueLogger - INFO - Grabbing instance status of premier-league-logging
2023-11-30 07:50:01,927 - PremierLeagueLogger - INFO - Starting RDS instance 'premier-league-logging'
2023-11-30 07:50:04,225 - PremierLeagueLogger - INFO - RDS instance status:'premier-league-logging': starting
2023-11-30 07:52:06,940 - PremierLeagueLogger - INFO - RDS instance status:'premier-league-logging': starting
2023-11-30 07:54:10,025 - PremierLeagueLogger - INFO - RDS instance status:'premier-league-logging': starting
2023-11-30 07:56:13,355 - PremierLeagueLogger - INFO - RDS instance status:'premier-league-logging': backing-up
2023-11-30 07:58:16,584 - PremierLeagueLogger - INFO - RDS instance status:'premier-league-logging': available
2023-11-30 07:58:18,572 - PremierLeagueLogger - INFO - RDS instance 'premier-league-logging' is 'available'.
2023-11-30 07:58:27,756 - PremierLeagueLogger - INFO - Training Model
2023-11-30 07:58:41,897 - PremierLeagueLogger - INFO - Logging parameters to MLFlow
2023-11-30 07:58:57,116 - PremierLeagueLogger - INFO - Saving transformer to premier-league-app/app_data/models/classifier_v2_20231130.pkl
2023-11-30 07:59:01,495 - PremierLeagueLogger - INFO - Transformer saved to premier-league-app/app_data/models/classifier_v2_20231130.pkl
2023-11-30 07:59:02,949 - PremierLeagueLogger - INFO - Making Predictions
2023-11-30 07:59:04,418 - PremierLeagueLogger - INFO - Evaluating result model
2023-11-30 07:59:10,557 - PremierLeagueLogger - INFO - logging evaluation metrics to mlflow
2023-11-30 07:59:17,574 - PremierLeagueLogger - INFO - Making Predictions
2023-11-30 07:59:19,356 - PremierLeagueLogger - INFO - Savng data to premier-league-app/app_data/transformed_data_cc.csv
2023-11-30 07:59:23,473 - PremierLeagueLogger - INFO - Splitting Data
2023-11-30 07:59:24,977 - PremierLeagueLogger - INFO - Optimising Hyperparameters
2023-11-30 07:59:26,459 - PremierLeagueLogger - INFO - Entering fmin
2023-11-30 07:59:27,912 - PremierLeagueLogger - INFO - CatBoost initialized
2023-11-30 07:59:29,328 - PremierLeagueLogger - INFO - Fitting model
2023-11-30 07:59:32,609 - PremierLeagueLogger - INFO - Loss: 1.4573970712166064
2023-11-30 07:59:34,080 - PremierLeagueLogger - INFO - CatBoost initialized
2023-11-30 07:59:35,537 - PremierLeagueLogger - INFO - Fitting model
2023-11-30 07:59:39,976 - PremierLeagueLogger - INFO - Loss: 1.4573514249913422
2023-11-30 07:59:41,476 - PremierLeagueLogger - INFO - CatBoost initialized
2023-11-30 07:59:42,987 - PremierLeagueLogger - INFO - Fitting model
2023-11-30 07:59:45,782 - PremierLeagueLogger - INFO - Loss: 1.4649179178626002
2023-11-30 07:59:47,361 - PremierLeagueLogger - INFO - CatBoost initialized
2023-11-30 07:59:49,082 - PremierLeagueLogger - INFO - Fitting model
2023-11-30 07:59:51,604 - PremierLeagueLogger - INFO - Loss: 1.4554663061188542
2023-11-30 07:59:54,794 - PremierLeagueLogger - INFO - CatBoost initialized
2023-11-30 07:59:56,326 - PremierLeagueLogger - INFO - Fitting model
2023-11-30 08:00:01,037 - PremierLeagueLogger - INFO - Loss: 1.4572228423239117
2023-11-30 08:00:02,598 - PremierLeagueLogger - INFO - CatBoost initialized
2023-11-30 08:00:04,253 - PremierLeagueLogger - INFO - Fitting model
2023-11-30 08:00:06,762 - PremierLeagueLogger - INFO - Loss: 1.4600434287120547
2023-11-30 08:00:08,221 - PremierLeagueLogger - INFO - CatBoost initialized
2023-11-30 08:00:09,673 - PremierLeagueLogger - INFO - Fitting model
2023-11-30 08:00:11,416 - PremierLeagueLogger - INFO - Loss: 1.4571244749979722
2023-11-30 08:00:12,845 - PremierLeagueLogger - INFO - CatBoost initialized
2023-11-30 08:00:14,297 - PremierLeagueLogger - INFO - Fitting model
2023-11-30 08:00:15,998 - PremierLeagueLogger - INFO - Loss: 1.456732934373109
2023-11-30 08:00:18,449 - PremierLeagueLogger - INFO - CatBoost initialized
2023-11-30 08:00:20,043 - PremierLeagueLogger - INFO - Fitting model
2023-11-30 08:00:21,815 - PremierLeagueLogger - INFO - Loss: 1.469139976113308
2023-11-30 08:00:23,181 - PremierLeagueLogger - INFO - CatBoost initialized
2023-11-30 08:00:24,572 - PremierLeagueLogger - INFO - Fitting model
2023-11-30 08:00:26,216 - PremierLeagueLogger - INFO - Loss: 1.457928644229749
2023-11-30 08:00:27,617 - PremierLeagueLogger - INFO - CatBoost initialized
2023-11-30 08:00:29,015 - PremierLeagueLogger - INFO - Fitting model
2023-11-30 08:00:30,654 - PremierLeagueLogger - INFO - Loss: 1.456732934373109
2023-11-30 08:00:32,126 - PremierLeagueLogger - INFO - CatBoost initialized
2023-11-30 08:00:33,525 - PremierLeagueLogger - INFO - Fitting model
2023-11-30 08:00:35,324 - PremierLeagueLogger - INFO - Loss: 1.4587971999948308
2023-11-30 08:00:36,702 - PremierLeagueLogger - INFO - CatBoost initialized
2023-11-30 08:00:38,209 - PremierLeagueLogger - INFO - Fitting model
2023-11-30 08:00:40,274 - PremierLeagueLogger - INFO - Loss: 1.455130426658375
2023-11-30 08:00:41,663 - PremierLeagueLogger - INFO - CatBoost initialized
2023-11-30 08:00:43,218 - PremierLeagueLogger - INFO - Fitting model
2023-11-30 08:00:45,592 - PremierLeagueLogger - INFO - Loss: 1.4566679767808797
2023-11-30 08:00:46,963 - PremierLeagueLogger - INFO - CatBoost initialized
2023-11-30 08:00:48,325 - PremierLeagueLogger - INFO - Fitting model
2023-11-30 08:00:49,862 - PremierLeagueLogger - INFO - Loss: 1.457928644229749
2023-11-30 08:00:51,337 - PremierLeagueLogger - INFO - CatBoost initialized
2023-11-30 08:00:52,806 - PremierLeagueLogger - INFO - Fitting model
2023-11-30 08:00:54,638 - PremierLeagueLogger - INFO - Loss: 1.4965449452924438
2023-11-30 08:00:56,021 - PremierLeagueLogger - INFO - CatBoost initialized
2023-11-30 08:00:57,484 - PremierLeagueLogger - INFO - Fitting model
2023-11-30 08:00:59,073 - PremierLeagueLogger - INFO - Loss: 1.458243084976992
2023-11-30 08:01:00,477 - PremierLeagueLogger - INFO - CatBoost initialized
2023-11-30 08:01:01,873 - PremierLeagueLogger - INFO - Fitting model
2023-11-30 08:01:03,505 - PremierLeagueLogger - INFO - Loss: 1.4571244749979722
2023-11-30 08:01:04,881 - PremierLeagueLogger - INFO - CatBoost initialized
2023-11-30 08:01:06,271 - PremierLeagueLogger - INFO - Fitting model
2023-11-30 08:01:07,939 - PremierLeagueLogger - INFO - Loss: 1.4563917749396866
2023-11-30 08:01:09,331 - PremierLeagueLogger - INFO - CatBoost initialized
2023-11-30 08:01:10,729 - PremierLeagueLogger - INFO - Fitting model
2023-11-30 08:01:12,593 - PremierLeagueLogger - INFO - Loss: 1.4587971999948308
2023-11-30 08:01:14,082 - PremierLeagueLogger - INFO - Training Model
2023-11-30 08:01:29,984 - PremierLeagueLogger - INFO - Logging parameters to MLFlow
2023-11-30 08:01:43,431 - PremierLeagueLogger - INFO - Saving transformer to premier-league-app/app_data/models/home_regress_model_v2_20231130.pkl
2023-11-30 08:01:53,148 - PremierLeagueLogger - INFO - Transformer saved to premier-league-app/app_data/models/home_regress_model_v2_20231130.pkl
2023-11-30 08:01:54,651 - PremierLeagueLogger - INFO - Optimising Hyperparameters
2023-11-30 08:01:56,113 - PremierLeagueLogger - INFO - Entering fmin
2023-11-30 08:01:57,523 - PremierLeagueLogger - INFO - CatBoost initialized
2023-11-30 08:01:58,934 - PremierLeagueLogger - INFO - Fitting model
2023-11-30 08:02:04,872 - PremierLeagueLogger - INFO - Loss: 1.1675952183932463
2023-11-30 08:02:06,556 - PremierLeagueLogger - INFO - CatBoost initialized
2023-11-30 08:02:07,990 - PremierLeagueLogger - INFO - Fitting model
2023-11-30 08:02:10,472 - PremierLeagueLogger - INFO - Loss: 1.1610289415974127
2023-11-30 08:02:11,885 - PremierLeagueLogger - INFO - CatBoost initialized
2023-11-30 08:02:13,325 - PremierLeagueLogger - INFO - Fitting model
2023-11-30 08:02:15,173 - PremierLeagueLogger - INFO - Loss: 1.156919161353201
2023-11-30 08:02:16,637 - PremierLeagueLogger - INFO - CatBoost initialized
2023-11-30 08:02:18,019 - PremierLeagueLogger - INFO - Fitting model
2023-11-30 08:02:19,690 - PremierLeagueLogger - INFO - Loss: 1.158504377831888
2023-11-30 08:02:21,140 - PremierLeagueLogger - INFO - CatBoost initialized
2023-11-30 08:02:22,611 - PremierLeagueLogger - INFO - Fitting model
2023-11-30 08:02:24,298 - PremierLeagueLogger - INFO - Loss: 1.1557390991189571
2023-11-30 08:02:25,742 - PremierLeagueLogger - INFO - CatBoost initialized
2023-11-30 08:02:27,260 - PremierLeagueLogger - INFO - Fitting model
2023-11-30 08:02:29,110 - PremierLeagueLogger - INFO - Loss: 1.1701639060661235
2023-11-30 08:02:30,614 - PremierLeagueLogger - INFO - CatBoost initialized
2023-11-30 08:02:32,070 - PremierLeagueLogger - INFO - Fitting model
2023-11-30 08:02:35,171 - PremierLeagueLogger - INFO - Loss: 1.164125419588544
2023-11-30 08:02:36,852 - PremierLeagueLogger - INFO - CatBoost initialized
2023-11-30 08:02:38,240 - PremierLeagueLogger - INFO - Fitting model
2023-11-30 08:02:39,892 - PremierLeagueLogger - INFO - Loss: 1.1680232402658206
2023-11-30 08:02:41,394 - PremierLeagueLogger - INFO - CatBoost initialized
2023-11-30 08:02:42,977 - PremierLeagueLogger - INFO - Fitting model
2023-11-30 08:02:44,909 - PremierLeagueLogger - INFO - Loss: 1.1644905406816146
2023-11-30 08:02:46,496 - PremierLeagueLogger - INFO - CatBoost initialized
2023-11-30 08:02:48,019 - PremierLeagueLogger - INFO - Fitting model
2023-11-30 08:02:54,919 - PremierLeagueLogger - INFO - Loss: 1.1675952183932463
2023-11-30 08:02:56,461 - PremierLeagueLogger - INFO - CatBoost initialized
2023-11-30 08:02:57,957 - PremierLeagueLogger - INFO - Fitting model
2023-11-30 08:02:59,758 - PremierLeagueLogger - INFO - Loss: 1.1602511697599105
2023-11-30 08:03:01,252 - PremierLeagueLogger - INFO - CatBoost initialized
2023-11-30 08:03:02,774 - PremierLeagueLogger - INFO - Fitting model
2023-11-30 08:03:08,480 - PremierLeagueLogger - INFO - Loss: 1.1675952183932463
2023-11-30 08:03:10,138 - PremierLeagueLogger - INFO - CatBoost initialized
2023-11-30 08:03:11,639 - PremierLeagueLogger - INFO - Fitting model
2023-11-30 08:03:13,539 - PremierLeagueLogger - INFO - Loss: 1.1572916638563038
2023-11-30 08:03:15,022 - PremierLeagueLogger - INFO - CatBoost initialized
2023-11-30 08:03:16,574 - PremierLeagueLogger - INFO - Fitting model
2023-11-30 08:03:18,595 - PremierLeagueLogger - INFO - Loss: 1.1654881738893172
2023-11-30 08:03:20,062 - PremierLeagueLogger - INFO - CatBoost initialized
2023-11-30 08:03:21,519 - PremierLeagueLogger - INFO - Fitting model
2023-11-30 08:03:23,986 - PremierLeagueLogger - INFO - Loss: 1.157871548318671
2023-11-30 08:03:25,674 - PremierLeagueLogger - INFO - CatBoost initialized
2023-11-30 08:03:27,142 - PremierLeagueLogger - INFO - Fitting model
2023-11-30 08:03:29,246 - PremierLeagueLogger - INFO - Loss: 1.1634660414307492
2023-11-30 08:03:30,718 - PremierLeagueLogger - INFO - CatBoost initialized
2023-11-30 08:03:32,321 - PremierLeagueLogger - INFO - Fitting model
2023-11-30 08:03:34,093 - PremierLeagueLogger - INFO - Loss: 1.1582704652117253
2023-11-30 08:03:35,595 - PremierLeagueLogger - INFO - CatBoost initialized
2023-11-30 08:03:37,072 - PremierLeagueLogger - INFO - Fitting model
2023-11-30 08:03:38,895 - PremierLeagueLogger - INFO - Loss: 1.1670785692008712
2023-11-30 08:03:40,508 - PremierLeagueLogger - INFO - CatBoost initialized
2023-11-30 08:03:42,114 - PremierLeagueLogger - INFO - Fitting model
2023-11-30 08:03:44,308 - PremierLeagueLogger - INFO - Loss: 1.1654881738893172
2023-11-30 08:03:45,865 - PremierLeagueLogger - INFO - CatBoost initialized
2023-11-30 08:03:47,343 - PremierLeagueLogger - INFO - Fitting model
2023-11-30 08:03:49,489 - PremierLeagueLogger - INFO - Loss: 1.1657959760951837
2023-11-30 08:03:51,085 - PremierLeagueLogger - INFO - Training Model
2023-11-30 08:03:54,822 - PremierLeagueLogger - INFO - Logging parameters to MLFlow
2023-11-30 08:04:07,796 - PremierLeagueLogger - INFO - Saving transformer to premier-league-app/app_data/models/away_regress_model_v2_20231130.pkl
2023-11-30 08:04:10,877 - PremierLeagueLogger - INFO - Transformer saved to premier-league-app/app_data/models/away_regress_model_v2_20231130.pkl
2023-11-30 08:04:12,550 - PremierLeagueLogger - INFO - Making Predictions
2023-11-30 08:04:14,074 - PremierLeagueLogger - INFO - Evaluating home model
2023-11-30 08:04:20,130 - PremierLeagueLogger - INFO - logging evaluation metrics to mlflow
2023-11-30 08:04:26,712 - PremierLeagueLogger - INFO - Making Predictions
2023-11-30 08:04:28,377 - PremierLeagueLogger - INFO - Evaluating away model
2023-11-30 08:04:34,541 - PremierLeagueLogger - INFO - logging evaluation metrics to mlflow
2023-11-30 08:04:42,708 - PremierLeagueLogger - INFO - Stopping RDS instance 'premier-league-logging'
2023-11-30 08:14:33,011 - PremierLeagueLogger - INFO - Grabbing Passwords
2023-11-30 08:14:40,108 - PremierLeagueLogger - INFO - Looking for latest expectations file
2023-11-30 08:14:41,674 - PremierLeagueLogger - INFO - Loading expectations from premier-league-app/app_data/expectations/exp_prem_results_20231130.json
2023-11-30 08:14:43,893 - PremierLeagueLogger - INFO - Loaded expectations from premier-league-app/app_data/expectations/exp_prem_results_20231130.json
2023-11-30 08:14:45,558 - PremierLeagueLogger - INFO - Loading data from premier-league-app/app_data/training_data_full.csv
2023-11-30 08:14:48,624 - PremierLeagueLogger - INFO - Successfully loaded data from premier-league-app/app_data/training_data_full.csv
2023-11-30 08:14:50,129 - PremierLeagueLogger - INFO - Trying to read data from https://www.football-data.co.uk/mmz4281/2324/E0.csv
2023-11-30 08:14:53,237 - PremierLeagueLogger - INFO - Savng data to premier-league-app/app_data/training_data_full.csv
2023-11-30 08:14:57,628 - PremierLeagueLogger - INFO - Data saved at app_data/training_data_full.csv
2023-11-30 08:14:59,136 - PremierLeagueLogger - INFO - Loading data from https://fixturedownload.com/download/epl-2023-UTC.csv
2023-11-30 08:15:02,415 - PremierLeagueLogger - INFO - Loaded data from https://fixturedownload.com/download/epl-2023-UTC.csv
2023-11-30 08:15:03,978 - PremierLeagueLogger - INFO - {'evaluated_expectations': 18, 'successful_expectations': 18, 'unsuccessful_expectations': 0, 'success_percent': 100.0}
2023-11-30 08:15:05,518 - PremierLeagueLogger - INFO - Saving expectations to premier-league-app/app_data/expectations/valid_results_20231130.json
2023-11-30 08:15:07,966 - PremierLeagueLogger - INFO - Saved expectations to premier-league-app/app_data/expectations/valid_results_20231130.json
2023-11-30 08:15:09,493 - PremierLeagueLogger - INFO - Grabbing transformer from premier-league-app/app_data/transformers/transformer_v2_20231130.pkl
2023-11-30 08:15:12,779 - PremierLeagueLogger - INFO - Loaded transformer from premier-league-app/app_data/transformers/transformer_v2_20231130.pkl
2023-11-30 08:15:14,289 - PremierLeagueLogger - INFO - Transforming Data
2023-11-30 08:15:15,782 - PremierLeagueLogger - INFO - Transforming Data
2023-11-30 08:15:43,207 - PremierLeagueLogger - INFO - Grabbing transformer from premier-league-app/app_data/models/classifier_v2_20231130.pkl
2023-11-30 08:15:47,544 - PremierLeagueLogger - INFO - Loaded transformer from premier-league-app/app_data/models/classifier_v2_20231130.pkl
2023-11-30 08:15:49,010 - PremierLeagueLogger - INFO - Making Predictions
2023-11-30 08:15:50,608 - PremierLeagueLogger - INFO - Grabbing transformer from premier-league-app/app_data/models/home_regress_model_v2_20231130.pkl
2023-11-30 08:15:55,911 - PremierLeagueLogger - INFO - Loaded transformer from premier-league-app/app_data/models/home_regress_model_v2_20231130.pkl
2023-11-30 08:15:57,435 - PremierLeagueLogger - INFO - Making Predictions
2023-11-30 08:15:58,984 - PremierLeagueLogger - INFO - Grabbing transformer from premier-league-app/app_data/models/away_regress_model_v2_20231130.pkl
2023-11-30 08:16:02,811 - PremierLeagueLogger - INFO - Loaded transformer from premier-league-app/app_data/models/away_regress_model_v2_20231130.pkl
2023-11-30 08:16:04,319 - PremierLeagueLogger - INFO - Making Predictions
2023-11-30 08:16:05,954 - PremierLeagueLogger - INFO - Adding result prediction
2023-11-30 08:16:07,856 - PremierLeagueLogger - INFO - Adding result prediction
2023-11-30 08:16:09,379 - PremierLeagueLogger - INFO - Adding result prediction
2023-11-30 08:16:10,862 - PremierLeagueLogger - INFO - Adding result prediction
2023-11-30 08:16:12,848 - PremierLeagueLogger - INFO - Adding result prediction
2023-11-30 08:16:14,866 - PremierLeagueLogger - INFO - Adding result prediction
2023-11-30 08:16:17,113 - PremierLeagueLogger - INFO - Adding result prediction
2023-11-30 08:16:19,214 - PremierLeagueLogger - INFO - Adding result prediction
2023-11-30 08:16:21,275 - PremierLeagueLogger - INFO - Adding result prediction
2023-11-30 08:16:23,430 - PremierLeagueLogger - INFO - Adding result prediction
2023-11-30 08:16:25,474 - PremierLeagueLogger - INFO - Adding result prediction
2023-11-30 08:16:27,381 - PremierLeagueLogger - INFO - Adding result prediction
2023-11-30 08:16:29,520 - PremierLeagueLogger - INFO - Adding result prediction
2023-11-30 08:16:31,261 - PremierLeagueLogger - INFO - Adding result prediction
2023-11-30 08:16:34,028 - PremierLeagueLogger - INFO - Adding result prediction
2023-11-30 08:16:35,761 - PremierLeagueLogger - INFO - Adding result prediction
2023-11-30 08:16:37,435 - PremierLeagueLogger - INFO - Adding result prediction
2023-11-30 08:16:38,899 - PremierLeagueLogger - INFO - Adding result prediction
2023-11-30 08:16:40,389 - PremierLeagueLogger - INFO - Adding result prediction
2023-11-30 08:16:41,951 - PremierLeagueLogger - INFO - Adding result prediction
2023-11-30 08:16:43,702 - PremierLeagueLogger - INFO - Adding result prediction
2023-11-30 08:16:45,208 - PremierLeagueLogger - INFO - Adding result prediction
2023-11-30 08:16:46,724 - PremierLeagueLogger - INFO - Adding result prediction
2023-11-30 08:16:48,240 - PremierLeagueLogger - INFO - Adding result prediction
2023-11-30 08:16:49,774 - PremierLeagueLogger - INFO - Adding result prediction
2023-11-30 08:16:51,408 - PremierLeagueLogger - INFO - Adding result prediction
2023-11-30 08:16:53,266 - PremierLeagueLogger - INFO - Adding result prediction
2023-11-30 08:16:55,323 - PremierLeagueLogger - INFO - Adding result prediction
2023-11-30 08:16:57,161 - PremierLeagueLogger - INFO - Adding result prediction
2023-11-30 08:16:59,425 - PremierLeagueLogger - INFO - Adding result prediction
2023-11-30 08:17:01,263 - PremierLeagueLogger - INFO - Adding result prediction
2023-11-30 08:17:02,981 - PremierLeagueLogger - INFO - Adding result prediction
2023-11-30 08:17:04,815 - PremierLeagueLogger - INFO - Adding result prediction
2023-11-30 08:17:06,687 - PremierLeagueLogger - INFO - Adding result prediction
2023-11-30 08:17:08,783 - PremierLeagueLogger - INFO - Adding result prediction
2023-11-30 08:17:10,711 - PremierLeagueLogger - INFO - Adding result prediction
2023-11-30 08:17:13,000 - PremierLeagueLogger - INFO - Adding result prediction
2023-11-30 08:17:14,539 - PremierLeagueLogger - INFO - Adding result prediction
2023-11-30 08:17:16,028 - PremierLeagueLogger - INFO - Adding result prediction
2023-11-30 08:17:17,743 - PremierLeagueLogger - INFO - Adding result prediction
2023-11-30 08:17:19,437 - PremierLeagueLogger - INFO - Adding result prediction
2023-11-30 08:17:21,207 - PremierLeagueLogger - INFO - Adding result prediction
2023-11-30 08:17:22,743 - PremierLeagueLogger - INFO - Adding result prediction
2023-11-30 08:17:24,285 - PremierLeagueLogger - INFO - Adding result prediction
2023-11-30 08:17:25,874 - PremierLeagueLogger - INFO - Adding result prediction
2023-11-30 08:17:27,408 - PremierLeagueLogger - INFO - Adding result prediction
2023-11-30 08:17:29,135 - PremierLeagueLogger - INFO - Adding result prediction
2023-11-30 08:17:30,822 - PremierLeagueLogger - INFO - Adding result prediction
2023-11-30 08:17:32,497 - PremierLeagueLogger - INFO - Adding result prediction
2023-11-30 08:17:34,046 - PremierLeagueLogger - INFO - Adding result prediction
2023-11-30 08:17:35,578 - PremierLeagueLogger - INFO - Adding result prediction
2023-11-30 08:17:37,104 - PremierLeagueLogger - INFO - Adding result prediction
2023-11-30 08:17:38,642 - PremierLeagueLogger - INFO - Adding result prediction
2023-11-30 08:17:40,184 - PremierLeagueLogger - INFO - Adding result prediction
2023-11-30 08:17:41,733 - PremierLeagueLogger - INFO - Adding result prediction
2023-11-30 08:17:43,492 - PremierLeagueLogger - INFO - Adding result prediction
2023-11-30 08:17:45,084 - PremierLeagueLogger - INFO - Adding result prediction
2023-11-30 08:17:46,642 - PremierLeagueLogger - INFO - Adding result prediction
2023-11-30 08:17:48,192 - PremierLeagueLogger - INFO - Adding result prediction
2023-11-30 08:17:49,706 - PremierLeagueLogger - INFO - Adding result prediction
2023-11-30 08:17:51,219 - PremierLeagueLogger - INFO - Adding result prediction
2023-11-30 08:17:52,769 - PremierLeagueLogger - INFO - Adding result prediction
2023-11-30 08:17:54,301 - PremierLeagueLogger - INFO - Adding result prediction
2023-11-30 08:17:55,867 - PremierLeagueLogger - INFO - Adding result prediction
2023-11-30 08:17:57,441 - PremierLeagueLogger - INFO - Adding result prediction
2023-11-30 08:17:59,152 - PremierLeagueLogger - INFO - Adding result prediction
2023-11-30 08:18:00,691 - PremierLeagueLogger - INFO - Adding result prediction
2023-11-30 08:18:02,253 - PremierLeagueLogger - INFO - Adding result prediction
2023-11-30 08:18:03,766 - PremierLeagueLogger - INFO - Adding result prediction
2023-11-30 08:18:05,432 - PremierLeagueLogger - INFO - Adding result prediction
2023-11-30 08:18:07,062 - PremierLeagueLogger - INFO - Adding result prediction
2023-11-30 08:18:08,690 - PremierLeagueLogger - INFO - Adding result prediction
2023-11-30 08:18:10,189 - PremierLeagueLogger - INFO - Adding result prediction
2023-11-30 08:18:11,728 - PremierLeagueLogger - INFO - Adding result prediction
2023-11-30 08:18:13,280 - PremierLeagueLogger - INFO - Adding result prediction
2023-11-30 08:18:15,054 - PremierLeagueLogger - INFO - Adding result prediction
2023-11-30 08:18:16,715 - PremierLeagueLogger - INFO - Adding result prediction
2023-11-30 08:18:18,296 - PremierLeagueLogger - INFO - Adding result prediction
2023-11-30 08:18:20,461 - PremierLeagueLogger - INFO - Adding result prediction
2023-11-30 08:18:22,074 - PremierLeagueLogger - INFO - Adding result prediction
2023-11-30 08:18:23,679 - PremierLeagueLogger - INFO - Adding result prediction
2023-11-30 08:18:25,281 - PremierLeagueLogger - INFO - Adding result prediction
2023-11-30 08:18:26,905 - PremierLeagueLogger - INFO - Adding result prediction
2023-11-30 08:18:28,484 - PremierLeagueLogger - INFO - Adding result prediction
2023-11-30 08:18:30,322 - PremierLeagueLogger - INFO - Adding result prediction
2023-11-30 08:18:31,980 - PremierLeagueLogger - INFO - Adding result prediction
2023-11-30 08:18:33,559 - PremierLeagueLogger - INFO - Adding result prediction
2023-11-30 08:18:35,180 - PremierLeagueLogger - INFO - Adding result prediction
2023-11-30 08:18:36,735 - PremierLeagueLogger - INFO - Adding result prediction
2023-11-30 08:18:38,300 - PremierLeagueLogger - INFO - Adding result prediction
2023-11-30 08:18:39,833 - PremierLeagueLogger - INFO - Adding result prediction
2023-11-30 08:18:41,342 - PremierLeagueLogger - INFO - Adding result prediction
2023-11-30 08:18:42,865 - PremierLeagueLogger - INFO - Adding result prediction
2023-11-30 08:18:44,395 - PremierLeagueLogger - INFO - Adding result prediction
2023-11-30 08:18:46,121 - PremierLeagueLogger - INFO - Adding result prediction
2023-11-30 08:18:47,671 - PremierLeagueLogger - INFO - Adding result prediction
2023-11-30 08:18:50,065 - PremierLeagueLogger - INFO - Adding result prediction
2023-11-30 08:18:51,616 - PremierLeagueLogger - INFO - Adding result prediction
2023-11-30 08:18:53,159 - PremierLeagueLogger - INFO - Adding result prediction
2023-11-30 08:18:54,734 - PremierLeagueLogger - INFO - Adding result prediction
2023-11-30 08:18:56,307 - PremierLeagueLogger - INFO - Adding result prediction
2023-11-30 08:18:57,922 - PremierLeagueLogger - INFO - Adding result prediction
2023-11-30 08:18:59,706 - PremierLeagueLogger - INFO - Adding result prediction
2023-11-30 08:19:01,453 - PremierLeagueLogger - INFO - Adding result prediction
2023-11-30 08:19:03,800 - PremierLeagueLogger - INFO - Adding result prediction
2023-11-30 08:19:05,374 - PremierLeagueLogger - INFO - Adding result prediction
2023-11-30 08:19:07,013 - PremierLeagueLogger - INFO - Adding result prediction
2023-11-30 08:19:08,625 - PremierLeagueLogger - INFO - Adding result prediction
2023-11-30 08:19:10,218 - PremierLeagueLogger - INFO - Adding result prediction
2023-11-30 08:19:11,760 - PremierLeagueLogger - INFO - Adding result prediction
2023-11-30 08:19:13,387 - PremierLeagueLogger - INFO - Adding result prediction
2023-11-30 08:19:15,015 - PremierLeagueLogger - INFO - Adding result prediction
2023-11-30 08:19:16,873 - PremierLeagueLogger - INFO - Adding result prediction
2023-11-30 08:19:18,452 - PremierLeagueLogger - INFO - Adding result prediction
2023-11-30 08:19:20,027 - PremierLeagueLogger - INFO - Adding result prediction
2023-11-30 08:19:21,580 - PremierLeagueLogger - INFO - Adding result prediction
2023-11-30 08:19:23,132 - PremierLeagueLogger - INFO - Adding result prediction
2023-11-30 08:19:24,950 - PremierLeagueLogger - INFO - Adding result prediction
2023-11-30 08:19:26,546 - PremierLeagueLogger - INFO - Adding result prediction
2023-11-30 08:19:28,108 - PremierLeagueLogger - INFO - Adding result prediction
2023-11-30 08:19:29,701 - PremierLeagueLogger - INFO - Adding result prediction
2023-11-30 08:19:31,255 - PremierLeagueLogger - INFO - Adding result prediction
2023-11-30 08:19:32,828 - PremierLeagueLogger - INFO - Adding result prediction
2023-11-30 08:19:34,671 - PremierLeagueLogger - INFO - Adding result prediction
2023-11-30 08:19:36,268 - PremierLeagueLogger - INFO - Adding result prediction
2023-11-30 08:19:38,009 - PremierLeagueLogger - INFO - Adding result prediction
2023-11-30 08:19:39,670 - PremierLeagueLogger - INFO - Adding result prediction
2023-11-30 08:19:41,255 - PremierLeagueLogger - INFO - Adding result prediction
2023-11-30 08:19:42,852 - PremierLeagueLogger - INFO - Adding result prediction
2023-11-30 08:19:44,469 - PremierLeagueLogger - INFO - Adding result prediction
2023-11-30 08:19:46,249 - PremierLeagueLogger - INFO - Adding result prediction
2023-11-30 08:19:47,946 - PremierLeagueLogger - INFO - Adding result prediction
2023-11-30 08:19:49,554 - PremierLeagueLogger - INFO - Adding result prediction
2023-11-30 08:19:51,197 - PremierLeagueLogger - INFO - Adding result prediction
2023-11-30 08:19:53,049 - PremierLeagueLogger - INFO - Adding result prediction
2023-11-30 08:19:54,690 - PremierLeagueLogger - INFO - Adding result prediction
2023-11-30 08:19:56,306 - PremierLeagueLogger - INFO - Adding result prediction
2023-11-30 08:19:57,909 - PremierLeagueLogger - INFO - Adding result prediction
2023-11-30 08:19:59,529 - PremierLeagueLogger - INFO - Adding result prediction
2023-11-30 08:20:01,239 - PremierLeagueLogger - INFO - Adding result prediction
2023-11-30 08:20:04,591 - PremierLeagueLogger - INFO - Adding result prediction
2023-11-30 08:20:08,296 - PremierLeagueLogger - INFO - Adding result prediction
2023-11-30 08:20:09,925 - PremierLeagueLogger - INFO - Adding result prediction
2023-11-30 08:20:11,661 - PremierLeagueLogger - INFO - Adding result prediction
2023-11-30 08:20:13,268 - PremierLeagueLogger - INFO - Adding result prediction
2023-11-30 08:20:14,871 - PremierLeagueLogger - INFO - Adding result prediction
2023-11-30 08:20:16,643 - PremierLeagueLogger - INFO - Adding result prediction
2023-11-30 08:20:18,232 - PremierLeagueLogger - INFO - Adding result prediction
2023-11-30 08:20:19,838 - PremierLeagueLogger - INFO - Adding result prediction
2023-11-30 08:20:21,641 - PremierLeagueLogger - INFO - Adding result prediction
2023-11-30 08:20:23,385 - PremierLeagueLogger - INFO - Adding result prediction
2023-11-30 08:20:24,972 - PremierLeagueLogger - INFO - Adding result prediction
2023-11-30 08:20:26,794 - PremierLeagueLogger - INFO - Adding result prediction
2023-11-30 08:20:28,567 - PremierLeagueLogger - INFO - Adding result prediction
2023-11-30 08:20:30,233 - PremierLeagueLogger - INFO - Adding result prediction
2023-11-30 08:20:32,237 - PremierLeagueLogger - INFO - Adding result prediction
2023-11-30 08:20:33,960 - PremierLeagueLogger - INFO - Adding result prediction
2023-11-30 08:20:35,588 - PremierLeagueLogger - INFO - Adding result prediction
2023-11-30 08:20:37,345 - PremierLeagueLogger - INFO - Adding result prediction
2023-11-30 08:20:39,072 - PremierLeagueLogger - INFO - Adding result prediction
2023-11-30 08:20:40,819 - PremierLeagueLogger - INFO - Adding result prediction
2023-11-30 08:20:42,546 - PremierLeagueLogger - INFO - Adding result prediction
2023-11-30 08:20:44,424 - PremierLeagueLogger - INFO - Adding result prediction
2023-11-30 08:20:46,190 - PremierLeagueLogger - INFO - Adding result prediction
2023-11-30 08:20:48,298 - PremierLeagueLogger - INFO - Adding result prediction
2023-11-30 08:20:50,210 - PremierLeagueLogger - INFO - Adding result prediction
2023-11-30 08:20:52,155 - PremierLeagueLogger - INFO - Adding result prediction
2023-11-30 08:20:53,924 - PremierLeagueLogger - INFO - Adding result prediction
2023-11-30 08:20:55,679 - PremierLeagueLogger - INFO - Adding result prediction
2023-11-30 08:20:57,467 - PremierLeagueLogger - INFO - Adding result prediction
2023-11-30 08:20:59,256 - PremierLeagueLogger - INFO - Adding result prediction
2023-11-30 08:21:01,033 - PremierLeagueLogger - INFO - Adding result prediction
2023-11-30 08:21:02,788 - PremierLeagueLogger - INFO - Adding result prediction
2023-11-30 08:21:04,541 - PremierLeagueLogger - INFO - Adding result prediction
2023-11-30 08:21:06,293 - PremierLeagueLogger - INFO - Adding result prediction
2023-11-30 08:21:08,281 - PremierLeagueLogger - INFO - Adding result prediction
2023-11-30 08:21:10,018 - PremierLeagueLogger - INFO - Adding result prediction
2023-11-30 08:21:11,788 - PremierLeagueLogger - INFO - Adding result prediction
2023-11-30 08:21:14,237 - PremierLeagueLogger - INFO - Adding result prediction
2023-11-30 08:21:16,521 - PremierLeagueLogger - INFO - Adding result prediction
2023-11-30 08:21:18,353 - PremierLeagueLogger - INFO - Adding result prediction
2023-11-30 08:21:20,158 - PremierLeagueLogger - INFO - Adding result prediction
2023-11-30 08:21:22,157 - PremierLeagueLogger - INFO - Adding result prediction
2023-11-30 08:21:24,123 - PremierLeagueLogger - INFO - Adding result prediction
2023-11-30 08:21:25,951 - PremierLeagueLogger - INFO - Adding result prediction
2023-11-30 08:21:27,788 - PremierLeagueLogger - INFO - Adding result prediction
2023-11-30 08:21:29,579 - PremierLeagueLogger - INFO - Adding result prediction
2023-11-30 08:21:31,565 - PremierLeagueLogger - INFO - Adding result prediction
2023-11-30 08:21:33,898 - PremierLeagueLogger - INFO - Adding result prediction
2023-11-30 08:21:37,246 - PremierLeagueLogger - INFO - Adding result prediction
2023-11-30 08:21:39,020 - PremierLeagueLogger - INFO - Adding result prediction
2023-11-30 08:21:40,786 - PremierLeagueLogger - INFO - Adding result prediction
2023-11-30 08:21:42,533 - PremierLeagueLogger - INFO - Adding result prediction
2023-11-30 08:21:44,277 - PremierLeagueLogger - INFO - Adding result prediction
2023-11-30 08:21:46,060 - PremierLeagueLogger - INFO - Adding result prediction
2023-11-30 08:21:47,840 - PremierLeagueLogger - INFO - Adding result prediction
2023-11-30 08:21:49,593 - PremierLeagueLogger - INFO - Adding result prediction
2023-11-30 08:21:51,401 - PremierLeagueLogger - INFO - Adding result prediction
2023-11-30 08:21:53,169 - PremierLeagueLogger - INFO - Adding result prediction
2023-11-30 08:21:55,385 - PremierLeagueLogger - INFO - Adding result prediction
2023-11-30 08:21:57,231 - PremierLeagueLogger - INFO - Adding result prediction
2023-11-30 08:22:00,296 - PremierLeagueLogger - INFO - Adding result prediction
2023-11-30 08:22:03,148 - PremierLeagueLogger - INFO - Adding result prediction
2023-11-30 08:22:04,909 - PremierLeagueLogger - INFO - Adding result prediction
2023-11-30 08:22:06,684 - PremierLeagueLogger - INFO - Adding result prediction
2023-11-30 08:22:08,438 - PremierLeagueLogger - INFO - Adding result prediction
2023-11-30 08:22:10,541 - PremierLeagueLogger - INFO - Adding result prediction
2023-11-30 08:22:12,305 - PremierLeagueLogger - INFO - Adding result prediction
2023-11-30 08:22:14,074 - PremierLeagueLogger - INFO - Adding result prediction
2023-11-30 08:22:15,895 - PremierLeagueLogger - INFO - Adding result prediction
2023-11-30 08:22:17,745 - PremierLeagueLogger - INFO - Adding result prediction
2023-11-30 08:22:19,516 - PremierLeagueLogger - INFO - Adding result prediction
2023-11-30 08:22:23,112 - PremierLeagueLogger - INFO - Adding result prediction
2023-11-30 08:22:27,020 - PremierLeagueLogger - INFO - Adding result prediction
2023-11-30 08:22:28,837 - PremierLeagueLogger - INFO - Adding result prediction
2023-11-30 08:22:30,591 - PremierLeagueLogger - INFO - Adding result prediction
2023-11-30 08:22:32,347 - PremierLeagueLogger - INFO - Adding result prediction
2023-11-30 08:22:34,137 - PremierLeagueLogger - INFO - Adding result prediction
2023-11-30 08:22:36,094 - PremierLeagueLogger - INFO - Adding result prediction
2023-11-30 08:22:37,859 - PremierLeagueLogger - INFO - Adding result prediction
2023-11-30 08:22:39,635 - PremierLeagueLogger - INFO - Adding result prediction
2023-11-30 08:22:41,429 - PremierLeagueLogger - INFO - Adding result prediction
2023-11-30 08:22:43,219 - PremierLeagueLogger - INFO - Adding result prediction
2023-11-30 08:22:45,080 - PremierLeagueLogger - INFO - Adding result prediction
2023-11-30 08:22:46,857 - PremierLeagueLogger - INFO - Adding result prediction
2023-11-30 08:22:48,652 - PremierLeagueLogger - INFO - Adding result prediction
2023-11-30 08:22:50,675 - PremierLeagueLogger - INFO - Adding result prediction
2023-11-30 08:22:52,684 - PremierLeagueLogger - INFO - Adding result prediction
2023-11-30 08:22:54,501 - PremierLeagueLogger - INFO - Adding result prediction
2023-11-30 08:22:56,282 - PremierLeagueLogger - INFO - Adding result prediction
2023-11-30 08:22:58,040 - PremierLeagueLogger - INFO - Adding result prediction
2023-11-30 08:22:59,796 - PremierLeagueLogger - INFO - Adding result prediction
2023-11-30 08:23:01,576 - PremierLeagueLogger - INFO - Adding result prediction
2023-11-30 08:23:03,352 - PremierLeagueLogger - INFO - Adding result prediction
2023-11-30 08:23:05,130 - PremierLeagueLogger - INFO - Adding result prediction
2023-11-30 08:23:06,926 - PremierLeagueLogger - INFO - Adding result prediction
2023-11-30 08:23:08,707 - PremierLeagueLogger - INFO - Adding result prediction
2023-11-30 08:23:10,699 - PremierLeagueLogger - INFO - Adding result prediction
2023-11-30 08:23:12,532 - PremierLeagueLogger - INFO - Adding result prediction
2023-11-30 08:23:14,683 - PremierLeagueLogger - INFO - Adding result prediction
2023-11-30 08:23:16,492 - PremierLeagueLogger - INFO - Adding result prediction
2023-11-30 08:23:18,272 - PremierLeagueLogger - INFO - Adding result prediction
2023-11-30 08:23:20,045 - PremierLeagueLogger - INFO - Adding result prediction
2023-11-30 08:23:21,806 - PremierLeagueLogger - INFO - Adding result prediction
2023-11-30 08:23:23,593 - PremierLeagueLogger - INFO - Adding result prediction
2023-11-30 08:23:25,450 - PremierLeagueLogger - INFO - Adding result prediction
2023-11-30 08:23:27,214 - PremierLeagueLogger - INFO - Adding result prediction
2023-11-30 08:23:28,998 - PremierLeagueLogger - INFO - Adding result prediction
2023-11-30 08:23:30,784 - PremierLeagueLogger - INFO - Adding result prediction
2023-11-30 08:23:32,549 - PremierLeagueLogger - INFO - Adding result prediction
2023-11-30 08:23:34,306 - PremierLeagueLogger - INFO - Adding result prediction
2023-11-30 08:23:36,082 - PremierLeagueLogger - INFO - Adding result prediction
2023-11-30 08:23:37,856 - PremierLeagueLogger - INFO - Adding result prediction
2023-11-30 08:23:39,633 - PremierLeagueLogger - INFO - Adding result prediction
2023-11-30 08:23:41,585 - PremierLeagueLogger - INFO - Adding result prediction
2023-11-30 08:23:43,333 - PremierLeagueLogger - INFO - Adding result prediction
2023-11-30 08:23:45,130 - PremierLeagueLogger - INFO - Adding result prediction
2023-11-30 08:23:46,894 - PremierLeagueLogger - INFO - Adding result prediction
2023-11-30 08:23:48,701 - PremierLeagueLogger - INFO - Adding result prediction
2023-11-30 08:23:50,476 - PremierLeagueLogger - INFO - Adding result prediction
2023-11-30 08:23:52,421 - PremierLeagueLogger - INFO - Adding result prediction
2023-11-30 08:23:54,206 - PremierLeagueLogger - INFO - Adding result prediction
2023-11-30 08:23:56,025 - PremierLeagueLogger - INFO - Adding result prediction
2023-11-30 08:23:58,009 - PremierLeagueLogger - INFO - Adding result prediction
2023-11-30 08:23:59,836 - PremierLeagueLogger - INFO - Adding result prediction
2023-11-30 08:24:01,668 - PremierLeagueLogger - INFO - Adding result prediction
2023-11-30 08:24:03,496 - PremierLeagueLogger - INFO - Adding result prediction
2023-11-30 08:24:05,318 - PremierLeagueLogger - INFO - Adding result prediction
2023-11-30 08:24:12,799 - PremierLeagueLogger - INFO - Adding result prediction
2023-11-30 08:24:14,825 - PremierLeagueLogger - INFO - Adding result prediction
2023-11-30 08:24:16,640 - PremierLeagueLogger - INFO - Adding result prediction
2023-11-30 08:24:18,492 - PremierLeagueLogger - INFO - Adding result prediction
2023-11-30 08:24:20,313 - PremierLeagueLogger - INFO - Adding result prediction
2023-11-30 08:24:22,127 - PremierLeagueLogger - INFO - Adding result prediction
2023-11-30 08:24:23,952 - PremierLeagueLogger - INFO - Adding result prediction
2023-11-30 08:24:25,753 - PremierLeagueLogger - INFO - Adding result prediction
2023-11-30 08:24:27,521 - PremierLeagueLogger - INFO - Adding result prediction
2023-11-30 08:24:29,303 - PremierLeagueLogger - INFO - Adding result prediction
2023-11-30 08:24:31,155 - PremierLeagueLogger - INFO - Adding result prediction
2023-11-30 08:24:33,459 - PremierLeagueLogger - INFO - Adding result prediction
2023-11-30 08:24:35,233 - PremierLeagueLogger - INFO - Adding result prediction
2023-11-30 08:24:37,010 - PremierLeagueLogger - INFO - Adding result prediction
2023-11-30 08:24:38,776 - PremierLeagueLogger - INFO - Adding result prediction
2023-11-30 08:24:40,541 - PremierLeagueLogger - INFO - Adding result prediction
2023-11-30 08:24:42,295 - PremierLeagueLogger - INFO - Adding result prediction
2023-11-30 08:24:44,062 - PremierLeagueLogger - INFO - Adding result prediction
2023-11-30 08:24:45,846 - PremierLeagueLogger - INFO - Adding result prediction
2023-11-30 08:24:47,633 - PremierLeagueLogger - INFO - Adding result prediction
2023-11-30 08:24:49,410 - PremierLeagueLogger - INFO - Adding result prediction
2023-11-30 08:24:51,398 - PremierLeagueLogger - INFO - Adding result prediction
2023-11-30 08:24:53,529 - PremierLeagueLogger - INFO - Adding result prediction
2023-11-30 08:24:55,307 - PremierLeagueLogger - INFO - Adding result prediction
2023-11-30 08:24:57,071 - PremierLeagueLogger - INFO - Adding result prediction
2023-11-30 08:24:58,845 - PremierLeagueLogger - INFO - Adding result prediction
2023-11-30 08:25:00,640 - PremierLeagueLogger - INFO - Adding result prediction
2023-11-30 08:25:02,594 - PremierLeagueLogger - INFO - Adding result prediction
2023-11-30 08:25:04,370 - PremierLeagueLogger - INFO - Adding result prediction
2023-11-30 08:25:06,204 - PremierLeagueLogger - INFO - Adding result prediction
2023-11-30 08:25:07,998 - PremierLeagueLogger - INFO - Adding result prediction
2023-11-30 08:25:09,765 - PremierLeagueLogger - INFO - Adding result prediction
2023-11-30 08:25:11,571 - PremierLeagueLogger - INFO - Adding result prediction
2023-11-30 08:25:13,350 - PremierLeagueLogger - INFO - Adding result prediction
2023-11-30 08:25:15,141 - PremierLeagueLogger - INFO - Adding result prediction
2023-11-30 08:25:16,911 - PremierLeagueLogger - INFO - Adding result prediction
2023-11-30 08:25:18,858 - PremierLeagueLogger - INFO - Adding result prediction
2023-11-30 08:25:20,635 - PremierLeagueLogger - INFO - Adding result prediction
2023-11-30 08:25:22,440 - PremierLeagueLogger - INFO - Adding result prediction
2023-11-30 08:25:24,228 - PremierLeagueLogger - INFO - Adding result prediction
2023-11-30 08:25:26,013 - PremierLeagueLogger - INFO - Adding result prediction
2023-11-30 08:25:27,816 - PremierLeagueLogger - INFO - Adding result prediction
2023-11-30 08:25:29,607 - PremierLeagueLogger - INFO - Adding result prediction
2023-11-30 08:25:31,376 - PremierLeagueLogger - INFO - Adding result prediction
2023-11-30 08:25:33,158 - PremierLeagueLogger - INFO - Adding result prediction
2023-11-30 08:25:34,951 - PremierLeagueLogger - INFO - Adding result prediction
2023-11-30 08:25:36,732 - PremierLeagueLogger - INFO - Adding result prediction
2023-11-30 08:25:38,514 - PremierLeagueLogger - INFO - Adding result prediction
2023-11-30 08:25:40,296 - PremierLeagueLogger - INFO - Adding result prediction
2023-11-30 08:25:42,075 - PremierLeagueLogger - INFO - Adding result prediction
2023-11-30 08:25:44,062 - PremierLeagueLogger - INFO - Adding result prediction
2023-11-30 08:25:45,937 - PremierLeagueLogger - INFO - Adding result prediction
2023-11-30 08:25:47,733 - PremierLeagueLogger - INFO - Adding result prediction
2023-11-30 08:25:49,519 - PremierLeagueLogger - INFO - Adding result prediction
2023-11-30 08:25:51,283 - PremierLeagueLogger - INFO - Adding result prediction
2023-11-30 08:25:53,038 - PremierLeagueLogger - INFO - Adding result prediction
2023-11-30 08:25:54,841 - PremierLeagueLogger - INFO - Adding result prediction
2023-11-30 08:25:56,890 - PremierLeagueLogger - INFO - Adding result prediction
2023-11-30 08:25:58,766 - PremierLeagueLogger - INFO - Adding result prediction
2023-11-30 08:26:00,630 - PremierLeagueLogger - INFO - Adding result prediction
2023-11-30 08:26:02,513 - PremierLeagueLogger - INFO - Adding result prediction
2023-11-30 08:26:04,300 - PremierLeagueLogger - INFO - Adding result prediction
2023-11-30 08:26:06,074 - PremierLeagueLogger - INFO - Adding result prediction
2023-11-30 08:26:07,881 - PremierLeagueLogger - INFO - Adding result prediction
2023-11-30 08:26:09,674 - PremierLeagueLogger - INFO - Adding result prediction
2023-11-30 08:26:11,459 - PremierLeagueLogger - INFO - Adding result prediction
2023-11-30 08:26:13,245 - PremierLeagueLogger - INFO - Adding result prediction
2023-11-30 08:26:15,412 - PremierLeagueLogger - INFO - Adding result prediction
2023-11-30 08:26:17,224 - PremierLeagueLogger - INFO - Adding result prediction
2023-11-30 08:26:19,051 - PremierLeagueLogger - INFO - Adding result prediction
2023-11-30 08:26:20,840 - PremierLeagueLogger - INFO - Adding result prediction
2023-11-30 08:26:22,631 - PremierLeagueLogger - INFO - Adding result prediction
2023-11-30 08:26:24,454 - PremierLeagueLogger - INFO - Adding result prediction
2023-11-30 08:26:26,259 - PremierLeagueLogger - INFO - Adding result prediction
2023-11-30 08:26:28,045 - PremierLeagueLogger - INFO - Adding result prediction
2023-11-30 08:26:29,840 - PremierLeagueLogger - INFO - Adding result prediction
2023-11-30 08:26:31,641 - PremierLeagueLogger - INFO - Adding result prediction
2023-11-30 08:26:33,415 - PremierLeagueLogger - INFO - Adding result prediction
2023-11-30 08:26:35,197 - PremierLeagueLogger - INFO - Adding result prediction
2023-11-30 08:26:36,975 - PremierLeagueLogger - INFO - Adding result prediction
2023-11-30 08:26:38,798 - PremierLeagueLogger - INFO - Adding result prediction
2023-11-30 08:26:40,601 - PremierLeagueLogger - INFO - Adding result prediction
2023-11-30 08:26:42,402 - PremierLeagueLogger - INFO - Adding result prediction
2023-11-30 08:26:44,394 - PremierLeagueLogger - INFO - Adding result prediction
2023-11-30 08:26:46,183 - PremierLeagueLogger - INFO - Adding result prediction
2023-11-30 08:26:47,983 - PremierLeagueLogger - INFO - Adding result prediction
2023-11-30 08:26:50,073 - PremierLeagueLogger - INFO - Adding result prediction
2023-11-30 08:26:51,863 - PremierLeagueLogger - INFO - Adding result prediction
2023-11-30 08:26:53,680 - PremierLeagueLogger - INFO - Adding result prediction
2023-11-30 08:26:55,480 - PremierLeagueLogger - INFO - Adding result prediction
2023-11-30 08:26:57,309 - PremierLeagueLogger - INFO - Adding result prediction
2023-11-30 08:26:59,111 - PremierLeagueLogger - INFO - Adding result prediction
2023-11-30 08:27:00,947 - PremierLeagueLogger - INFO - Adding result prediction
2023-11-30 08:27:02,800 - PremierLeagueLogger - INFO - Adding result prediction
2023-11-30 08:27:04,633 - PremierLeagueLogger - INFO - Adding result prediction
2023-11-30 08:27:06,452 - PremierLeagueLogger - INFO - Adding result prediction
2023-11-30 08:27:08,279 - PremierLeagueLogger - INFO - Adding result prediction
2023-11-30 08:27:10,324 - PremierLeagueLogger - INFO - Adding result prediction
2023-11-30 08:27:12,154 - PremierLeagueLogger - INFO - Adding result prediction
2023-11-30 08:27:14,035 - PremierLeagueLogger - INFO - Adding result prediction
2023-11-30 08:27:16,204 - PremierLeagueLogger - INFO - Adding result prediction
2023-11-30 08:27:18,159 - PremierLeagueLogger - INFO - Adding result prediction
2023-11-30 08:27:20,014 - PremierLeagueLogger - INFO - Adding result prediction
2023-11-30 08:27:21,853 - PremierLeagueLogger - INFO - Adding result prediction
2023-11-30 08:27:23,685 - PremierLeagueLogger - INFO - Adding result prediction
2023-11-30 08:27:25,474 - PremierLeagueLogger - INFO - Adding result prediction
2023-11-30 08:27:27,461 - PremierLeagueLogger - INFO - Adding result prediction
2023-11-30 08:27:29,263 - PremierLeagueLogger - INFO - Adding result prediction
2023-11-30 08:27:31,049 - PremierLeagueLogger - INFO - Adding result prediction
2023-11-30 08:27:32,890 - PremierLeagueLogger - INFO - Adding result prediction
2023-11-30 08:27:34,699 - PremierLeagueLogger - INFO - Adding result prediction
2023-11-30 08:27:36,513 - PremierLeagueLogger - INFO - Adding result prediction
2023-11-30 08:27:38,320 - PremierLeagueLogger - INFO - Adding result prediction
2023-11-30 08:27:40,126 - PremierLeagueLogger - INFO - Adding result prediction
2023-11-30 08:27:41,936 - PremierLeagueLogger - INFO - Adding result prediction
2023-11-30 08:27:43,729 - PremierLeagueLogger - INFO - Adding result prediction
2023-11-30 08:27:45,559 - PremierLeagueLogger - INFO - Adding result prediction
2023-11-30 08:27:47,359 - PremierLeagueLogger - INFO - Adding result prediction
2023-11-30 08:27:49,163 - PremierLeagueLogger - INFO - Adding result prediction
2023-11-30 08:27:50,976 - PremierLeagueLogger - INFO - Adding result prediction
2023-11-30 08:27:52,805 - PremierLeagueLogger - INFO - Adding result prediction
2023-11-30 08:27:54,620 - PremierLeagueLogger - INFO - Adding result prediction
2023-11-30 08:27:56,420 - PremierLeagueLogger - INFO - Adding result prediction
2023-11-30 08:27:58,226 - PremierLeagueLogger - INFO - Adding result prediction
2023-11-30 08:28:00,024 - PremierLeagueLogger - INFO - Adding result prediction
2023-11-30 08:28:01,874 - PremierLeagueLogger - INFO - Adding result prediction
2023-11-30 08:28:03,711 - PremierLeagueLogger - INFO - Adding result prediction
2023-11-30 08:28:05,538 - PremierLeagueLogger - INFO - Adding result prediction
2023-11-30 08:28:07,357 - PremierLeagueLogger - INFO - Adding result prediction
2023-11-30 08:28:09,158 - PremierLeagueLogger - INFO - Adding result prediction
2023-11-30 08:28:11,028 - PremierLeagueLogger - INFO - Adding result prediction
2023-11-30 08:28:12,884 - PremierLeagueLogger - INFO - Adding result prediction
2023-11-30 08:28:14,745 - PremierLeagueLogger - INFO - Adding result prediction
2023-11-30 08:28:16,604 - PremierLeagueLogger - INFO - Adding result prediction
2023-11-30 08:28:18,466 - PremierLeagueLogger - INFO - Adding result prediction
2023-11-30 08:28:20,310 - PremierLeagueLogger - INFO - Adding result prediction
2023-11-30 08:28:22,456 - PremierLeagueLogger - INFO - Adding result prediction
2023-11-30 08:28:24,235 - PremierLeagueLogger - INFO - Adding result prediction
2023-11-30 08:28:26,046 - PremierLeagueLogger - INFO - Adding result prediction
2023-11-30 08:28:27,859 - PremierLeagueLogger - INFO - Adding result prediction
2023-11-30 08:28:29,695 - PremierLeagueLogger - INFO - Adding result prediction
2023-11-30 08:28:31,497 - PremierLeagueLogger - INFO - Adding result prediction
2023-11-30 08:28:33,304 - PremierLeagueLogger - INFO - Adding result prediction
2023-11-30 08:28:35,129 - PremierLeagueLogger - INFO - Adding result prediction
2023-11-30 08:28:36,924 - PremierLeagueLogger - INFO - Adding result prediction
2023-11-30 08:28:38,719 - PremierLeagueLogger - INFO - Adding result prediction
2023-11-30 08:28:40,520 - PremierLeagueLogger - INFO - Adding result prediction
2023-11-30 08:28:42,770 - PremierLeagueLogger - INFO - Adding result prediction
2023-11-30 08:28:44,889 - PremierLeagueLogger - INFO - Adding result prediction
2023-11-30 08:28:46,696 - PremierLeagueLogger - INFO - Adding result prediction
2023-11-30 08:28:48,505 - PremierLeagueLogger - INFO - Adding result prediction
2023-11-30 08:28:50,319 - PremierLeagueLogger - INFO - Adding result prediction
2023-11-30 08:28:52,137 - PremierLeagueLogger - INFO - Adding result prediction
2023-11-30 08:28:53,934 - PremierLeagueLogger - INFO - Adding result prediction
2023-11-30 08:28:56,428 - PremierLeagueLogger - INFO - Adding result prediction
2023-11-30 08:28:58,422 - PremierLeagueLogger - INFO - Adding result prediction
2023-11-30 08:29:00,274 - PremierLeagueLogger - INFO - Adding result prediction
2023-11-30 08:29:02,128 - PremierLeagueLogger - INFO - Adding result prediction
2023-11-30 08:29:04,106 - PremierLeagueLogger - INFO - Adding result prediction
2023-11-30 08:29:07,462 - PremierLeagueLogger - INFO - Adding result prediction
2023-11-30 08:29:09,277 - PremierLeagueLogger - INFO - Adding result prediction
2023-11-30 08:29:11,253 - PremierLeagueLogger - INFO - Adding result prediction
2023-11-30 08:29:13,111 - PremierLeagueLogger - INFO - Adding result prediction
2023-11-30 08:29:14,925 - PremierLeagueLogger - INFO - Adding result prediction
2023-11-30 08:29:16,924 - PremierLeagueLogger - INFO - Adding result prediction
2023-11-30 08:29:18,761 - PremierLeagueLogger - INFO - Adding result prediction
2023-11-30 08:29:20,601 - PremierLeagueLogger - INFO - Adding result prediction
2023-11-30 08:29:22,433 - PremierLeagueLogger - INFO - Adding result prediction
2023-11-30 08:29:24,266 - PremierLeagueLogger - INFO - Adding result prediction
2023-11-30 08:29:26,574 - PremierLeagueLogger - INFO - Adding result prediction
2023-11-30 08:29:28,580 - PremierLeagueLogger - INFO - Adding result prediction
2023-11-30 08:29:30,559 - PremierLeagueLogger - INFO - Adding result prediction
2023-11-30 08:29:32,380 - PremierLeagueLogger - INFO - Adding result prediction
2023-11-30 08:29:34,217 - PremierLeagueLogger - INFO - Adding result prediction
2023-11-30 08:29:36,032 - PremierLeagueLogger - INFO - Adding result prediction
2023-11-30 08:29:37,865 - PremierLeagueLogger - INFO - Adding result prediction
2023-11-30 08:29:39,708 - PremierLeagueLogger - INFO - Adding result prediction
2023-11-30 08:29:41,558 - PremierLeagueLogger - INFO - Adding result prediction
2023-11-30 08:29:43,599 - PremierLeagueLogger - INFO - Adding result prediction
2023-11-30 08:29:45,448 - PremierLeagueLogger - INFO - Adding result prediction
2023-11-30 08:29:47,285 - PremierLeagueLogger - INFO - Adding result prediction
2023-11-30 08:29:49,108 - PremierLeagueLogger - INFO - Adding result prediction
2023-11-30 08:29:50,973 - PremierLeagueLogger - INFO - Adding result prediction
2023-11-30 08:29:52,811 - PremierLeagueLogger - INFO - Adding result prediction
2023-11-30 08:29:54,634 - PremierLeagueLogger - INFO - Adding result prediction
2023-11-30 08:29:56,681 - PremierLeagueLogger - INFO - Adding result prediction
2023-11-30 08:29:58,562 - PremierLeagueLogger - INFO - Adding result prediction
2023-11-30 08:30:00,450 - PremierLeagueLogger - INFO - Adding result prediction
2023-11-30 08:30:02,366 - PremierLeagueLogger - INFO - Adding result prediction
2023-11-30 08:30:04,273 - PremierLeagueLogger - INFO - Adding result prediction
2023-11-30 08:30:06,632 - PremierLeagueLogger - INFO - Adding result prediction
2023-11-30 08:30:08,470 - PremierLeagueLogger - INFO - Adding result prediction
2023-11-30 08:30:10,455 - PremierLeagueLogger - INFO - Adding result prediction
2023-11-30 08:30:12,408 - PremierLeagueLogger - INFO - Adding result prediction
2023-11-30 08:30:14,632 - PremierLeagueLogger - INFO - Adding result prediction
2023-11-30 08:30:16,466 - PremierLeagueLogger - INFO - Adding result prediction
2023-11-30 08:30:18,473 - PremierLeagueLogger - INFO - Adding result prediction
2023-11-30 08:30:20,520 - PremierLeagueLogger - INFO - Adding result prediction
2023-11-30 08:30:22,341 - PremierLeagueLogger - INFO - Adding result prediction
2023-11-30 08:30:24,178 - PremierLeagueLogger - INFO - Adding result prediction
2023-11-30 08:30:26,061 - PremierLeagueLogger - INFO - Adding result prediction
2023-11-30 08:30:28,005 - PremierLeagueLogger - INFO - Adding result prediction
2023-11-30 08:30:30,028 - PremierLeagueLogger - INFO - Adding result prediction
2023-11-30 08:30:32,038 - PremierLeagueLogger - INFO - Adding result prediction
2023-11-30 08:30:33,863 - PremierLeagueLogger - INFO - Adding result prediction
2023-11-30 08:30:35,707 - PremierLeagueLogger - INFO - Adding result prediction
2023-11-30 08:30:37,535 - PremierLeagueLogger - INFO - Adding result prediction
2023-11-30 08:30:39,343 - PremierLeagueLogger - INFO - Adding result prediction
2023-11-30 08:30:41,170 - PremierLeagueLogger - INFO - Adding result prediction
2023-11-30 08:30:43,013 - PremierLeagueLogger - INFO - Adding result prediction
2023-11-30 08:30:44,844 - PremierLeagueLogger - INFO - Adding result prediction
2023-11-30 08:30:46,663 - PremierLeagueLogger - INFO - Adding result prediction
2023-11-30 08:30:48,505 - PremierLeagueLogger - INFO - Adding result prediction
2023-11-30 08:32:51,049 - PremierLeagueLogger - INFO - Grabbing Passwords
2023-11-30 08:32:58,571 - PremierLeagueLogger - INFO - Looking for latest expectations file
2023-11-30 08:33:00,500 - PremierLeagueLogger - INFO - Loading expectations from premier-league-app/app_data/expectations/exp_prem_results_20231130.json
2023-11-30 08:33:03,056 - PremierLeagueLogger - INFO - Loaded expectations from premier-league-app/app_data/expectations/exp_prem_results_20231130.json
2023-11-30 08:33:05,150 - PremierLeagueLogger - INFO - Loading data from premier-league-app/app_data/training_data_full.csv
2023-11-30 08:33:08,757 - PremierLeagueLogger - INFO - Successfully loaded data from premier-league-app/app_data/training_data_full.csv
2023-11-30 08:33:10,594 - PremierLeagueLogger - INFO - Trying to read data from https://www.football-data.co.uk/mmz4281/2324/E0.csv
2023-11-30 08:33:13,980 - PremierLeagueLogger - INFO - Savng data to premier-league-app/app_data/training_data_full.csv
2023-11-30 08:33:17,661 - PremierLeagueLogger - INFO - Data saved at app_data/training_data_full.csv
2023-11-30 08:33:19,479 - PremierLeagueLogger - INFO - Loading data from https://fixturedownload.com/download/epl-2023-UTC.csv
2023-11-30 08:33:22,946 - PremierLeagueLogger - INFO - Loaded data from https://fixturedownload.com/download/epl-2023-UTC.csv
2023-11-30 08:33:25,013 - PremierLeagueLogger - INFO - {'evaluated_expectations': 18, 'successful_expectations': 18, 'unsuccessful_expectations': 0, 'success_percent': 100.0}
2023-11-30 08:33:26,889 - PremierLeagueLogger - INFO - Saving expectations to premier-league-app/app_data/expectations/valid_results_20231130.json
2023-11-30 08:33:29,938 - PremierLeagueLogger - INFO - Saved expectations to premier-league-app/app_data/expectations/valid_results_20231130.json
2023-11-30 08:33:31,812 - PremierLeagueLogger - INFO - Grabbing transformer from premier-league-app/app_data/transformers/transformer_v2_20231130.pkl
2023-11-30 08:33:35,247 - PremierLeagueLogger - INFO - Loaded transformer from premier-league-app/app_data/transformers/transformer_v2_20231130.pkl
2023-11-30 08:33:37,077 - PremierLeagueLogger - INFO - Transforming Data
2023-11-30 08:33:38,916 - PremierLeagueLogger - INFO - Transforming Data
2023-11-30 08:34:07,564 - PremierLeagueLogger - INFO - Grabbing transformer from premier-league-app/app_data/models/classifier_v2_20231130.pkl
2023-11-30 08:34:12,512 - PremierLeagueLogger - INFO - Loaded transformer from premier-league-app/app_data/models/classifier_v2_20231130.pkl
2023-11-30 08:34:14,357 - PremierLeagueLogger - INFO - Making Predictions
2023-11-30 08:34:16,261 - PremierLeagueLogger - INFO - Grabbing transformer from premier-league-app/app_data/models/home_regress_model_v2_20231130.pkl
2023-11-30 08:34:21,565 - PremierLeagueLogger - INFO - Loaded transformer from premier-league-app/app_data/models/home_regress_model_v2_20231130.pkl
2023-11-30 08:34:23,391 - PremierLeagueLogger - INFO - Making Predictions
2023-11-30 08:34:25,452 - PremierLeagueLogger - INFO - Grabbing transformer from premier-league-app/app_data/models/away_regress_model_v2_20231130.pkl
2023-11-30 08:34:29,624 - PremierLeagueLogger - INFO - Loaded transformer from premier-league-app/app_data/models/away_regress_model_v2_20231130.pkl
2023-11-30 08:34:31,648 - PremierLeagueLogger - INFO - Making Predictions
2023-11-30 08:34:33,970 - PremierLeagueLogger - INFO - Savng data to premier-league-app/app_data/transformed_data_predictions.csv
2023-11-30 08:34:38,088 - PremierLeagueLogger - INFO - Attempting to read from https://fixturedownload.com/download/epl-2023-UTC.csv
2023-11-30 08:34:41,670 - PremierLeagueLogger - INFO - Grabbing instance status of premier-league-logging
2023-11-30 08:34:45,843 - PremierLeagueLogger - INFO - Starting RDS instance 'premier-league-logging'
2023-11-30 08:34:48,743 - PremierLeagueLogger - INFO - RDS instance status:'premier-league-logging': starting
2023-11-30 08:36:51,916 - PremierLeagueLogger - INFO - RDS instance status:'premier-league-logging': starting
2023-11-30 08:38:55,378 - PremierLeagueLogger - INFO - RDS instance status:'premier-league-logging': starting
2023-11-30 08:40:58,700 - PremierLeagueLogger - INFO - RDS instance status:'premier-league-logging': available
2023-11-30 08:41:00,783 - PremierLeagueLogger - INFO - RDS instance 'premier-league-logging' is 'available'.
2023-11-30 08:41:17,447 - PremierLeagueLogger - INFO - Savng data to premier-league-app/app_data/model_performance/model_performance_data.csv
2023-11-30 08:41:21,620 - PremierLeagueLogger - INFO - Stopping RDS instance 'premier-league-logging'
